-------------------------------------------------------------------------
Initial REXX INFILE on 23 Mar 2025 at 10:43:12
-------------------------------------------------------------------------
0001 /*REXX program calculates   binomial coefficients  (also known as  combinations).       */
0002 numeric digits 100000                            /*be able to handle gihugeic numbers.  */
0003 parse arg n k .                                  /*obtain  N  and  K   from the C.L.    */
0004 say 'combinations('n","k')='  comb(n,k)          /*display the number of combinations.  */
0005 exit                                             /*stick a fork in it,  we're all done. */
0006 /*──────────────────────────────────────────────────────────────────────────────────────*/
0007 comb: procedure;  parse arg x,y;         return !(x) % (!(x-y) * !(y))
0008 !:    procedure;  !=1;           do j=2  to arg(1);  !=!*j;  end  /*j*/;          return !
-------------------------------------------------------------------------
Cross Reference Table Solid Variable Names
-------------------------------------------------------------------------
001 x                7
002 y                7
003 j                8
-------------------------------------------------------------------------
Cross Reference Table Bizarre Variable Names
-------------------------------------------------------------------------
001 !                -> newV1            8 8
