-------------------------------------------------------------------------
Initial REXX INFILE on 23 Mar 2025 at 10:43:26
-------------------------------------------------------------------------
0001 /*REXX program shows  test and substitute  (modeled after Perl example).*/
0002 $string = "I am a string"
0003 old = " am "
0004 new = " was "
0005 say 'The original string is:'  $string
0006 say 'old  word  is:'           old
0007 say 'new  word  is:'           new
0008 
0009 if wordpos(old,$string)\==0  then
0010 do
0011 $string = changestr(old,$string,new)
0012 say 'I was able to find and replace ' old " with " new
0013 end
0014 /*stick a fork in it, we're done.*/
-------------------------------------------------------------------------
Cross Reference Table Solid Variable Names
-------------------------------------------------------------------------
001 old              3
002 new              4
-------------------------------------------------------------------------
Cross Reference Table Bizarre Variable Names
-------------------------------------------------------------------------
001 $string          -> newV1            2 11
