-------------------------------------------------------------------------
Initial REXX INFILE on 23 Mar 2025 at 10:43:18
-------------------------------------------------------------------------
0001 /* REXX ---------------------------------------------------------------
0002 * 05.01.2014 Walter Pachl
0003 *            borrow one improvement from version 1
0004 * 06.01.2014 removed    -"-  (many tests cost more than few "swaps")
0005 *--------------------------------------------------------------------*/
0006 Call random ,,123456                   /* seed for random            */
0007 Do i=1 To 10; a.i=i; End;              /* fill array                 */
0008 Call show 'In',10                      /* show start                 */
0009 do i = 10 To 2 By -1                   /* shuffle                    */
0010 j=random(i-1)+1;
0011 h=right(i,2) right(j,2)
0012 Parse Value a.i a.j With a.j a.i     /* a.i <-> a.j                */
0013 Call show h,i                        /* show intermediate states   */
0014 end;
0015 Call show 'Out',10                     /* show fomaö state           */
0016 Exit
0017 
0018 show: Procedure Expose a.
0019 Parse Arg txt,n
0020 ol=left(txt,6);
0021 Do k=1 To n; ol=ol right(a.k,2); End
0022 Say ol
0023 Return
-------------------------------------------------------------------------
Cross Reference Table Solid Variable Names
-------------------------------------------------------------------------
001 txt              19
002 n                19
003 ol               20 21
004 k                21
-------------------------------------------------------------------------
Cross Reference Table Bizarre Variable Names
-------------------------------------------------------------------------
