-------------------------------------------------------------------------
Initial REXX INFILE on 23 Mar 2025 at 10:43:05
-------------------------------------------------------------------------
0001 /*REXX doesn't have declarations/allocations of variables, */
0002 /*     but this is the closest to an allocation:           */
0003 
0004 stemmed_array.= 0    /*any undefined element will have this value. */
0005 
0006 stemmed_array.1    = '1st entry'
0007 stemmed_array.2    = '2nd entry'
0008 stemmed_array.6000 = 12 ** 2
0009 stemmed_array.dog  = stemmed_array.6000 / 2
0010 
0011 drop stemmed_array.
-------------------------------------------------------------------------
Cross Reference Table Solid Variable Names
-------------------------------------------------------------------------
001 stemmed_array.   4 6 7 8 9
-------------------------------------------------------------------------
Cross Reference Table Bizarre Variable Names
-------------------------------------------------------------------------
