-------------------------------------------------------------------------
Initial REXX INFILE on 23 Mar 2025 at 10:43:07
-------------------------------------------------------------------------
0001 /*REXX program demonstrates the  casting─out─nines  algorithm  (with Kaprekar numbers). */
0002 parse arg LO HI base .                           /*obtain optional arguments from the CL*/
0003 if LO=='' | LO==","  then do; LO=1; HI=1000; end /*Not specified?   Then use the default*/
0004 if HI=='' | HI==","  then HI= LO                 /* "      "          "   "   "     "   */
0005 if base=='' | base==","  then base= 10           /* "      "          "   "   "     "   */
0006 numeric digits max(9, 2*length(HI**2) )          /*insure enough decimal digits for HI².*/
0007 numbers= castOut(LO, HI, base)                   /*generate a list of (cast out) numbers*/
0008 @cast_out= 'cast-out-'  || (base-1)     "test"   /*construct a shortcut text for output.*/
0009 say 'For'     LO     "through"     HI', the following passed the'       @cast_out":"
0010 say numbers;         say                         /*display the list of cast out numbers.*/
0011 q= HI - LO + 1                                   /*Q:   is the range of numbers in list.*/
0012 p= words(numbers)                                /*P"    "  " number  "    "     "   "  */
0013 pc= format(p/q * 100, , 2) / 1  ||  '%'          /*calculate the percentage (%) cast out*/
0014 say 'For'   q   "numbers,"   p   'passed the'    @cast_out    "("pc') for base'    base"."
0015 if base\==10  then exit                          /*if radix isn't ten, then exit program*/
0016 Kaps= Kaprekar(LO, HI)                           /*generate a list of Kaprekar numbers. */
0017 say;  say   'The Kaprekar numbers in the same range are:'   Kaps
0018 say
0019 do i=1  for words(Kaps);    x= word(Kaps, i)                 /*verify 'em in list.*/
0020 if wordpos(x, numbers)\==0  then iterate                     /*it's OK so far ··· */
0021 say 'Kaprekar number'   x   "isn't in the numbers list."     /*oops─ay!           */
0022 exit 13                                                      /*go spank the coder.*/
0023 end   /*i*/
0024 
0025 say 'All Kaprekar numbers are in the'     @cast_out     "numbers list."             /*OK*/
0026 exit 0                                           /*stick a fork in it,  we're all done. */
0027 /*──────────────────────────────────────────────────────────────────────────────────────*/
0028 castOut:  procedure;  parse arg low,high,radix;       rm= word(radix 10, 1) - 1;        $=
0029 do j=low  to  word(high low, 1)    /*test a range of numbers. */
0030 if j//rm == j*j//rm  then $= $ j   /*did number pass the test?*/
0031 end   /*j*/                        /* [↑]  Then add # to list.*/
0032 return strip($)                        /*strip and leading blanks from result.*/
0033 /*──────────────────────────────────────────────────────────────────────────────────────*/
0034 Kaprekar: procedure;  parse arg L,H;   $=;   if L<=1  then $= 1  /*add unity if in range*/
0035 do j=max(2, L)  to H;        s= j*j  /*a slow way to find Kaprekar numbers. */
0036 do m=1  for length(s)%2
0037 if j==left(s, m) + substr(s, m+1)  then do;  $= $ j;   leave;    end
0038 end   /*m*/                       /*     [↑]  found a Kaprekar number.   */
0039 end       /*j*/
0040 return strip($)                        /*return Kaprekar numbers to invoker.  */
-------------------------------------------------------------------------
Cross Reference Table Solid Variable Names
-------------------------------------------------------------------------
001 L                34
002 H                34
003 j                35
004 s                35
005 m                36
-------------------------------------------------------------------------
Cross Reference Table Bizarre Variable Names
-------------------------------------------------------------------------
001 @cast_out        -> newV1            8
002 $                -> newV2            28 30 34 34 37
