-------------------------------------------------------------------------
Initial REXX INFILE on 23 Mar 2025 at 10:43:14
-------------------------------------------------------------------------
0001 /*REXX program  finds  months  that contain  five weekends   (given a date range).      */
0002 month. =31                                       /*days in "all" the months.            */
0003 month.2=0; month.4=0; month.6=0; month.9=0; month.11=0              /*not 31 day months.*/
0004 month.4=30;  month.6=30; month.9=30; month.11=30 /*all the  months with  thirty-days.   */
0005 parse arg yStart yStop .                         /*get the  "start"  and  "stop"  years.*/
0006 if yStart=='' | yStart==","  then yStart= 1900   /*Not specified?  Then use the default.*/
0007 if yStop =='' | yStop ==","  then yStop = 2100   /* "      "         "   "   "     "    */
0008 years=yStop - yStart + 1                         /*calculate the number of yrs in range.*/
0009 haps=0                                           /*number of five weekends happenings.  */
0010 !.=0;                 @5w= 'five-weekend months' /*flag if a year has any five-weekends.*/
0011 do y=yStart  to yStop                     /*process the years specified.         */
0012 do m=1  for 12;  if month.m==0  then iterate       /*only test 31-day months.*/
0013 dat_= y"-"right(m,2,0)'-01'           /*get the date in the desired format.  */
0014 if left(date('W',dat_,"I"),2)\=='Fr'  then iterate     /*isn't not a Friday? */
0015 say 'There are five weekends in'    y     date('M', dat_, "I")
0016 haps=haps+1;   !.y=1                  /*bump counter; indicate yr has 5 WE's.*/
0017 end   /*m*/
0018 end      /*y*/
0019 say
0020 say  'There were ' haps " occurrence"s(haps) 'of'  @5w "in year"s(years)  yStart'──►'yStop
0021 #=0; say
0022 do y=yStart  to yStop;  if !.y  then iterate                    /*skip if OK.*/
0023 #=#+1
0024 say  'Year '    y    " doesn't have any five-weekend months."
0025 end   /*y*/
0026 say
0027 say  "There are " # ' year's(#) "that haven't any"  @5w 'in year's(years) yStart'──►'yStop
-------------------------------------------------------------------------
Cross Reference Table Solid Variable Names
-------------------------------------------------------------------------
001 yStart           5 6
002 yStop            5 7
003 years            8
004 haps             9 16
005 y                11 22
006 m                12
007 dat_             13
-------------------------------------------------------------------------
Cross Reference Table Bizarre Variable Names
-------------------------------------------------------------------------
001 @5w              -> newV1            10
002 !.               -> newV2.           10 16
003 #                -> newV3            21 23
