-------------------------------------------------------------------------
Initial REXX INFILE on 23 Mar 2025 at 10:43:13
-------------------------------------------------------------------------
0001 /*REXX program  finds  months  that contain  five weekends   (given a date range).      */
0002 month. =31;  month,2=0                           /*month days;   February is skipped.   */
0003 month.4=30;  month.6=30; month.9=30; month.11=30 /*all the  months with  thirty-days.   */
0004 @months='January February March April May June July August September October November December'
0005 parse arg yStart yStop .                         /*get the  "start"  and  "stop"  years.*/
0006 if yStart=='' | yStart==","  then yStart= 1900   /*Not specified?  Then use the default.*/
0007 if yStop =='' | yStop ==","  then yStop = 2100   /* "      "         "   "   "     "    */
0008 years=yStop - yStart + 1                         /*calculate the number of yrs in range.*/
0009 haps=0                                           /*number of five weekends happenings.  */
0010 !.=0;                 @5w= 'five-weekend months' /*flag if a year has any five-weekends.*/
0011 do y=yStart to yStop                      /*process the years specified.         */
0012 do m=1  for 12;    wd.=0              /*process each month and also each year*/
0013 do d=1  for month.m
0014 ?=dow(m,d,y)                    /*get the  day-of-week  for  mm/dd/yyyy*/
0015 wd.?=wd.?+1                     /*?:   1=Sun,  2=Mon, 3=Tue ∙∙∙  7=Sat.*/
0016 end   /*d*/
0017 if wd.1\==5 | wd.6\==5 | wd.7\==5  then iterate            /*not a weekend ? */
0018 say 'There are five weekends in'   y   word(@months, m)
0019 haps=haps+1;   !.y=1                  /*bump counter; indicate yr has 5 WE's.*/
0020 end         /*m*/
0021 end              /*y*/
0022 say
0023 say  'There were ' haps " occurrence"s(haps) 'of'  @5w "in year"s(years)  yStart'──►'yStop
0024 #=0; say
0025 do y=yStart  to yStop;  if !.y  then iterate                    /*skip if OK.*/
0026 #=#+1
0027 say  'Year '    y    " doesn't have any five-weekend months."
0028 end   /*y*/
0029 say
0030 say  "There are " # ' year's(#) "that haven't any"  @5w 'in year's(years) yStart'──►'yStop
0031 exit                                             /*stick a fork in it,  we're all done. */
0032 /*──────────────────────────────────────────────────────────────────────────────────────*/
0033 dow:  procedure;  parse arg m,d,y;           if m<3 then  do;  m=m+12;  y=y-1;  end
0034 yL=left(y,2);    yr=right(y,2);        w=(d+(m+1)*26%10+yr+yr%4+yL%4+5*yL) // 7
0035 if w==0 then w=7;     return w            /*Sunday=1,  Monday=2, ...  Saturday=7 */
0036 /*──────────────────────────────────────────────────────────────────────────────────────*/
0037 s:    if arg(1)==1  then return arg(3);      return word(arg(2) 's',1)     /*pluralizer.*/
-------------------------------------------------------------------------
Cross Reference Table Solid Variable Names
-------------------------------------------------------------------------
001 m                33 33
002 d                33
003 y                33 33
004 yL               34
005 yr               34
006 w                34 35
-------------------------------------------------------------------------
Cross Reference Table Bizarre Variable Names
-------------------------------------------------------------------------
001 @months          -> newV1            4
002 @5w              -> newV2            10
003 !.               -> newV3.           10 19
004 ?                -> newV4            14
005 #                -> newV5            24 26
