-------------------------------------------------------------------------
Initial REXX INFILE on 23 Mar 2025 at 10:43:13
-------------------------------------------------------------------------
0001 /*REXX program determines a file's size (by reading all the data) in current dir & root.*/
0002 parse arg iFID .                                 /*allow the user specify the  file ID. */
0003 if iFID=='' | iFID==","  then iFID='input.txt'   /*Not specified?  Then use the default.*/
0004 say 'size of     'iFID   "="   fSize(iFID)         'bytes'      /*the current directory.*/
0005 say 'size of \..\'iFID   "="   fSize('\..\'iFID)   'bytes'      /* "    root      "     */
0006 exit                                             /*stick a fork in it,  we're all done. */
0007 /*──────────────────────────────────────────────────────────────────────────────────────*/
0008 fSize: parse arg f;   $=0;   do while chars(f)\==0;    $ = $ + length( charin( f, , 1e4) )
0009 end   /*while*/;          call lineout f      /*close file.*/
0010 return $
-------------------------------------------------------------------------
Cross Reference Table Solid Variable Names
-------------------------------------------------------------------------
001 f                8
002 while            8
-------------------------------------------------------------------------
Cross Reference Table Bizarre Variable Names
-------------------------------------------------------------------------
001 $                -> newV1            8 8
