-------------------------------------------------------------------------
Initial REXX INFILE on 23 Mar 2025 at 10:43:13
-------------------------------------------------------------------------
0001 /*REXX pgm to verify a file's size */
0002 parse arg iFID .                       /*let user specify the file ID.  */
0003 if iFID==''  then iFID="FILESIZ.DAT"   /*Not specified? Then use default*/
0004 say 'size of' iFID':'
0005 Say chars(ifid) '(CR LF included)'
0006 Call lineout ifid /* close the file */
0007 say filesize(ifid) '(net data)'
0008 Call lineout ifid
0009 exit
0010 
0011 filesize:  parse arg f;
0012 sz=0;
0013 Do while lines(f)\==0
0014 sz=sz+length(linein(f))
0015 End
0016 return sz
-------------------------------------------------------------------------
Cross Reference Table Solid Variable Names
-------------------------------------------------------------------------
001 f                11
002 sz               12 14
003 while            13
-------------------------------------------------------------------------
Cross Reference Table Bizarre Variable Names
-------------------------------------------------------------------------
