-------------------------------------------------------------------------
Initial REXX INFILE on 23 Mar 2025 at 10:43:13
-------------------------------------------------------------------------
0001 /*REXX program determines a file's size (by reading all the data)  on the default mDisk.*/
0002 parse arg iFID                                   /*allow the user specify the  file ID. */
0003 if iFID=='' | iFID==","  then iFID= 'INPUT TXT'  /*Not specified?  Then use the default.*/
0004 say 'size of'     iFID     "="     fSize(iFID)     'bytes'       /*on the default mDisk.*/
0005 exit                                             /*stick a fork in it,  we're all done. */
0006 /*──────────────────────────────────────────────────────────────────────────────────────*/
0007 fSize: parse arg f;    $= 0;      do while lines(f)\==0;        $= $ + length( linein(f) )
0008 end   /*while*/
0009 return $
-------------------------------------------------------------------------
Cross Reference Table Solid Variable Names
-------------------------------------------------------------------------
001 f                7
002 while            7
-------------------------------------------------------------------------
Cross Reference Table Bizarre Variable Names
-------------------------------------------------------------------------
001 $                -> newV1            7 7
