-------------------------------------------------------------------------
Initial REXX INFILE on 23 Mar 2025 at 10:43:07
-------------------------------------------------------------------------
0001 /*REXX program  obtains and displays  Catalan numbers  from  a  Pascal's triangle.      */
0002 parse arg N .                                    /*Obtain the optional argument from CL.*/
0003 if N=='' | N==","  then N=15                     /*Not specified?  Then use the default.*/
0004 numeric digits max(9, N%2 + N%8)                 /*so we can handle huge Catalan numbers*/
0005 @.=0;  @.1=1                                     /*stem array default; define 1st value.*/
0006 do i=1  for N;  ip=i+1
0007 do j=i   by -1  for N;  @.j=@.j+@(j-1);   end  /*j*/
0008 @.ip=@.i;              do k=ip  by -1  for N;  @.k=@.k+@(k-1);   end  /*k*/
0009 say  @.ip - @.i                   /*display the   Ith   Catalan number.  */
0010 end   /*i*/
0011 exit                                             /*stick a fork in it,  we're all done. */
0012 /*──────────────────────────────────────────────────────────────────────────────────────*/
0013 @:  parse arg !;   return @.!                    /*return the value of   @.[arg(1)]     */
-------------------------------------------------------------------------
Cross Reference Table Solid Variable Names
-------------------------------------------------------------------------
-------------------------------------------------------------------------
Cross Reference Table Bizarre Variable Names
-------------------------------------------------------------------------
001 @.               -> newV1.           5 5 7 8 8
002 !                -> newV2            13
