-------------------------------------------------------------------------
Initial REXX INFILE on 23 Mar 2025 at 10:43:07
-------------------------------------------------------------------------
0001 /*REXX program  obtains and displays  Catalan numbers  from  a  Pascal's triangle.      */
0002 parse arg N .                                    /*Obtain the optional argument from CL.*/
0003 if N=='' | N==","  then N=15                     /*Not specified?  Then use the default.*/
0004 numeric digits max(9, N%2 + N%8)                 /*so we can handle huge Catalan numbers*/
0005 @.=0;   @.1=1                                    /*stem array default; define 1st value.*/
0006 
0007 do i=1  for N;                               ip=i+1
0008 do j=i   by -1  for N;   jm=j-1;   @.j=@.j+@.jm;    end /*j*/
0009 @.ip=@.i;           do k=ip  by -1  for N;   km=k-1;   @.k=@.k+@.km;    end /*k*/
0010 say  @.ip - @.i                                /*display the   Ith   Catalan number.  */
0011 end   /*i*/                                    /*stick a fork in it,  we're all done. */
-------------------------------------------------------------------------
Cross Reference Table Solid Variable Names
-------------------------------------------------------------------------
001 N                2 3
002 i                7
003 ip               7
004 j                8
005 jm               8
006 k                9
007 km               9
-------------------------------------------------------------------------
Cross Reference Table Bizarre Variable Names
-------------------------------------------------------------------------
001 @.               -> newV1.           5 5 8 9 9
