-------------------------------------------------------------------------
Initial REXX INFILE on 23 Mar 2025 at 10:43:19
-------------------------------------------------------------------------
0001 /*REXX program shows how to  simultaneously  loop over  multiple  lists.*/
0002 x = 'a b c d'
0003 y = 'A B C'
0004 z =  1 2 3 4 ..LAST
0005 do j=1  for max(words(x), words(y), words(z))
0006 say word(x,j) || word(y,j) || word(z,j)
0007 end    /*j*/      /*stick a fork in it, we're done.*/
-------------------------------------------------------------------------
Cross Reference Table Solid Variable Names
-------------------------------------------------------------------------
001 x                2
002 y                3
003 z                4
004 j                5
-------------------------------------------------------------------------
Cross Reference Table Bizarre Variable Names
-------------------------------------------------------------------------
