-------------------------------------------------------------------------
Initial REXX INFILE on 23 Mar 2025 at 10:43:19
-------------------------------------------------------------------------
0001 /*REXX program shows how to  simultaneously  loop over  multiple arrays.*/
0002 x.=' ';      x.1="a";      x.2='b';      x.3="c";      x.4='d'
0003 y.=' ';      y.1="A";      y.2='B';      y.3="C";
0004 z.=' ';      z.1= 1 ;      z.2= 2 ;      z.3= 3 ;      z.4= 4;      z.5= 5
0005 
0006 do j=1  until output=''
0007 output=x.j || y.j || z.j
0008 say output
0009 end   /*j*/                     /*stick a fork in it, we're done.*/
-------------------------------------------------------------------------
Cross Reference Table Solid Variable Names
-------------------------------------------------------------------------
001 x.               2 2 2 2 2
002 y.               3 3 3 3
003 z.               4 4 4 4 4 4
004 j                6
005 output           7
-------------------------------------------------------------------------
Cross Reference Table Bizarre Variable Names
-------------------------------------------------------------------------
