-------------------------------------------------------------------------
Initial REXX INFILE on 23 Mar 2025 at 10:43:30
-------------------------------------------------------------------------
0001 /*REXX program demonstrates REXX special variables:  RC,  RESULT,  SIGL */
0002 /*line two.  */
0003 /*line three.*/             say copies('═',79)
0004 rc=1/3                     /*line four. */
0005 signal youWho              /*line five. */
0006 myLoo='this got skipped'   /*line six.  */
0007 youwho:                    /*line seven.*/
0008 sep=copies('─', 9)         /*line eight.*/
0009 say sep  'SIGL=' sigl      /*line nine. */
0010 say sep  'REXX source statement' SIGL '=' sourceline(sigl)
0011 say copies('═',79)
0012 g=44
0013 call halve  g
0014 say sep  'rc='     rc
0015 say sep  'result=' result
0016 say copies('═',79)
0017 h=66
0018 hh=halve(h)
0019 say sep  'rc='     rc
0020 say sep  'result=' result
0021 say sep  'hh='     hh
0022 say copies('═',79)
0023 'DIR  /ad  /b'                         /*display the directories (Bare).*/
0024 say sep  'rc='     rc
0025 say sep  'result=' result
0026 say copies('═',79)
0027 exit                                   /*stick a fork in it, we're done.*/
0028 /*──────────────────────────────────HALVE subroutine────────────────────*/
0029 halve: return arg(1) / 2               /*a simple halving function.     */
-------------------------------------------------------------------------
Cross Reference Table Solid Variable Names
-------------------------------------------------------------------------
001 rc               4
002 myLoo            6
003 sep              8
004 g                12
005 h                17
006 hh               18
-------------------------------------------------------------------------
Cross Reference Table Bizarre Variable Names
-------------------------------------------------------------------------
