-------------------------------------------------------------------------
Initial REXX INFILE on 23 Mar 2025 at 10:43:21
-------------------------------------------------------------------------
0001 /*REXX program calculates and displays K-fact (multifactorial) of non-negative integers.*/
0002 numeric digits 1000                              /*get ka-razy with the decimal digits. */
0003 parse arg num deg .                              /*get optional arguments from the C.L. */
0004 if num=='' | num==","   then num=15              /*Not specified?  Then use the default.*/
0005 if deg=='' | deg==","   then deg=10              /* "      "         "   "   "     "    */
0006 say '═══showing multiple factorials (1 ──►'     deg")  for numbers  1 ──►"      num
0007 say
0008 do d=1  for deg                             /*the factorializing (degree)  of  !'s.*/
0009 _=                                          /*the list of factorials  (so far).    */
0010 do f=1  for num                      /* ◄── perform a ! from  1 ───► number.*/
0011 _=_  Kfact(f, d)                     /*build a  list  of factorial products.*/
0012 end   /*f*/                          /* [↑]    D   can default to  unity.   */
0013 
0014 say right('n'copies("!", d), 1+deg)    right('['d"]", 2+length(num) )':'     _
0015 end          /*d*/
0016 exit                                             /*stick a fork in it,  we're all done. */
0017 /*──────────────────────────────────────────────────────────────────────────────────────*/
0018 Kfact: procedure; !=1;   do j=arg(1)  to 2  by -word(arg(2) 1,1);  !=!*j;  end;   return !
-------------------------------------------------------------------------
Cross Reference Table Solid Variable Names
-------------------------------------------------------------------------
001 num              3 4
002 deg              3 5
003 d                8
004 f                10
005 j                18
-------------------------------------------------------------------------
Cross Reference Table Bizarre Variable Names
-------------------------------------------------------------------------
001 _                -> newV1            9 11
002 !                -> newV2            18 18
