-------------------------------------------------------------------------
Initial REXX INFILE on 23 Mar 2025 at 10:43:31
-------------------------------------------------------------------------
0001 /*REXX program to demonstrate string interpolation (string replacement).*/
0002 /*the string to be replaced is   */
0003 replace   = "little"                   /*usually a unique character(s)  */
0004 /*string and is  case  sensative.*/
0005 original1 = "Mary had a X lamb."
0006 new1      = changestr('X', original1, replace)
0007 say 'original1 =' original1
0008 say 'replaced  =' new1
0009 say
0010 
0011 original2 = "Mary had a % lamb."
0012 new2      = changestr('%', original2, replace)
0013 say 'original2 =' original2
0014 say 'replaced  =' new2
0015 say
0016 
0017 original3 = "Mary had a $$$ lamb."
0018 new3      = changestr('$$$',original3,replace)
0019 say 'original3 =' original3
0020 say 'replaced3 =' new3
0021 say
0022 
0023 original4 = "Mary had a someKindOf lamb."
0024 new3      = changestr('someKindOf', original4, "little")
0025 say 'original4 =' original4
0026 say 'replaced4 =' new3
0027 /*stick a fork in it, we're done.*/
-------------------------------------------------------------------------
Cross Reference Table Solid Variable Names
-------------------------------------------------------------------------
001 replace          3
002 original1        5
003 new1             6
004 original2        11
005 new2             12
006 original3        17
007 new3             18 24
008 original4        23
-------------------------------------------------------------------------
Cross Reference Table Bizarre Variable Names
-------------------------------------------------------------------------
