-------------------------------------------------------------------------
Initial REXX INFILE on 23 Mar 2025 at 10:43:24
-------------------------------------------------------------------------
0001 /*REXX program computes and displays a number (and also a range) of  pernicious numbers.*/
0002 numeric digits 100                               /*be able to handle large numbers.     */
0003 parse arg N L H .                                /*obtain optional arguments from the CL*/
0004 if N=='' | N==','  then N=25                     /*N  not given?  Then use the default. */
0005 if L=='' | L==','  then L=888888877              /*L   "    "       "   "   "     "     */
0006 if H=='' | H==','  then H=888888888              /*H   "    "       "   "   "     "     */
0007 say 'The 1st '   N    " pernicious numbers are:" /*display a nice title for the numbers.*/
0008 say  pernicious(1,,N)                            /*get all pernicious # from  1 ─~─► N. */
0009 say                                              /*display a blank line for a separator.*/
0010 say 'Pernicious numbers between '      L       " and "       H        ' (inclusive) are:'
0011 say  pernicious(L,H)                             /*get all pernicious # from  L ───► H. */
0012 exit                                             /*stick a fork in it,  we're all done. */
0013 /*──────────────────────────────────────────────────────────────────────────────────────*/
0014 pernicious: procedure;  parse arg bot,top,lim    /*obtain the bot and top numbers, limit*/
0015 p='2 3 5 7 11 13 17 19 23 29 31 37 41 43 47 53 59 61 67 71 73 79 83 89 97 101'
0016 @.=0
0017 do k=1    until  _==''         /*examine the  list of some low primes.*/
0018 _=word(p, k);  @._=1           /*generate an array  "   "   "     "   */
0019 end   /*k*/
0020 $=                                   /*list of pernicious numbers (so far). */
0021 if m==''    then   m=999999999       /*Not given?  Then use a gihugic limit.*/
0022 if top==''  then top=999999999       /* "    "       "   "  "    "      "   */
0023 #=0                                  /*number of pernicious numbers (so far)*/
0024 do j=bot  to top  until #==lim /*generate pernicious #s 'til satisfied*/
0025 pc=popCount(j)                 /*obtain the population count for   J. */
0026 if \@.pc  then iterate         /*if popCount not in @.prime,  skip it.*/
0027 $=$ j                          /*append a pernicious number  to list. */
0028 #=#+1                          /*bump the pernicious number  count.   */
0029 end   /*j*/
0030 return substr($, 2)                  /*return the results,  sans 1st blank. */
0031 /*──────────────────────────────────────────────────────────────────────────────────────*/
0032 popCount:   return length( space( translate( x2b( d2x(arg(1))) +0,, 0), 0)) /*count 1's.*/
-------------------------------------------------------------------------
Cross Reference Table Solid Variable Names
-------------------------------------------------------------------------
001 bot              14
002 top              14 22
003 lim              14
004 p                15
005 k                17
006 m                21
007 j                24
008 pc               25
-------------------------------------------------------------------------
Cross Reference Table Bizarre Variable Names
-------------------------------------------------------------------------
001 @.               -> newV1.           16 18
002 _                -> newV2            18
003 $                -> newV3            20 27
004 #                -> newV4            23 28
