-------------------------------------------------------------------------
Initial REXX INFILE on 23 Mar 2025 at 10:43:12
-------------------------------------------------------------------------
0001 /*REXX program demonstrates handling an exception (negative #); catching is via a label.*/
0002 do j=9  by -5
0003 say  'the square root of '       j       " is "       sqrt(j)
0004 end   /*j*/
0005 exit                                             /*stick a fork in it,  we're all done. */
0006 /*──────────────────────────────────────────────────────────────────────────────────────*/
0007 sqrt: procedure;  parse arg x;  if x=0  then return 0;        d=digits();    h=d+6;   m.=9
0008 numeric digits;           numeric form;                 if x<0  then signal .sqrtNeg
0009 parse value format(x, 2, 1, , 0) 'E0'  with  g 'E' _ .;             g=g * .5'e'_ % 2
0010 do j=0  while h>9;      m.j=h;               h=h%2 + 1;          end  /*j*/
0011 do k=j+5  to 0  by -1;  numeric digits m.k;  g=(g+x/g) * .5;     end  /*k*/
0012 numeric digits d;          return  g/1
0013 .sqrtNeg: say  'illegal SQRT argument (argument is negative):'   x;       exit 13
-------------------------------------------------------------------------
Cross Reference Table Solid Variable Names
-------------------------------------------------------------------------
001 x                7
002 d                7
003 h                7 10
004 m.               7 10
005 NORMAL.5         
006 NORMAL.6         
007 NORMAL.7         
008 NORMAL.8         
009 NORMAL.9         
010 NORMAL.10        
011 NORMAL.11        
012 NORMAL.12        
013 NORMAL.13        
014 NORMAL.14        
015 NORMAL.15        
016 NORMAL.16        
017 NORMAL.17        
018 NORMAL.18        
019 NORMAL.19        
020 NORMAL.20        
021 NORMAL.21        
022 NORMAL.22        
023 g                9 9 11
024 j                10
025 k                11
-------------------------------------------------------------------------
Cross Reference Table Bizarre Variable Names
-------------------------------------------------------------------------
001 _                -> newV1            9
