-------------------------------------------------------------------------
Initial REXX INFILE on 23 Mar 2025 at 10:43:32
-------------------------------------------------------------------------
0001 /* REXX */
0002 ml ='1 3 7 8 10 2 4 16 14 4 3 1 9 18 11 12 14 17 18 20 7 1 3 9 5'
0003 Do i=1 To 5
0004 Do j=1 To 5
0005 Parse Var ml m.i.j ml
0006 End
0007 End
0008 
0009 l=''
0010 Do i=1 To 5
0011 Do j=1 To 5
0012 l=l right(m.i.j,2)
0013 End
0014 Say l
0015 l=''
0016 End
0017 
0018 sum=0
0019 Do i=2 To 5
0020 Do j=1 To i-1
0021 sum=sum+m.i.j
0022 End
0023 End
0024 Say 'Sum below main diagonal:' sum
-------------------------------------------------------------------------
Cross Reference Table Solid Variable Names
-------------------------------------------------------------------------
001 ml               5 5
002 m.               5
003 l                9 12 15
004 i                10 19
005 j                11 20
006 sum              18 21
-------------------------------------------------------------------------
Cross Reference Table Bizarre Variable Names
-------------------------------------------------------------------------
