-------------------------------------------------------------------------
Initial REXX INFILE on 23 Mar 2025 at 10:43:15
-------------------------------------------------------------------------
0001 /*REXX program finds the  greatest element  in a list (of the first 25 reversed primes).*/
0002 @.=;       @.1 = 2;    @.2 = 3;    @.3 = 5;    @.4 = 7;    @.5 =11;    @.6 =31;    @.7 =71
0003 @.8 =91;    @.9 =32;    @.10=92;    @.11=13;    @.12=73;    @.13=14;    @.14=34
0004 @.15=74;    @.16=35;    @.17=95;    @.18=16;    @.19=76;    @.20=17;    @.21=37
0005 @.22=97;    @.23=38;    @.24=98;    @.25=79
0006 big=@.1                                          /*choose an initial biggest number.    */
0007 do #=2  while @.#\==''           /*traipse through whole array of nums. */
0008 big = max(big, @.#)              /*use a BIF to find the biggest number.*/
0009 end   /*#*/
0010 /*stick a fork in it,  we're all done. */
0011 say 'the biggest value in an array of '      #-1       " elements is: "           big
-------------------------------------------------------------------------
Cross Reference Table Solid Variable Names
-------------------------------------------------------------------------
001 big              6 8
-------------------------------------------------------------------------
Cross Reference Table Bizarre Variable Names
-------------------------------------------------------------------------
001 @.               -> newV1.           2 2 2 2 2 2 2 2 3 3 3 3 3 3 3 4 4 4 4 4 4 4 5 5 5 5
002 #                -> newV2            7
