-------------------------------------------------------------------------
Initial REXX INFILE on 23 Mar 2025 at 10:43:10
-------------------------------------------------------------------------
0001 /* REXX ***************************************************************
0002 * Test the two functions determinant and permanent
0003 * using the matrix specifications shown for other languages
0004 * 21.05.2013 Walter Pachl
0005 **********************************************************************/
0006 Call test ' 1  2',
0007 ' 3  4',2
0008 
0009 Call test ' 1  2  3  4',
0010 ' 4  5  6  7',
0011 ' 7  8  9 10',
0012 '10 11 12 13',4
0013 
0014 Call test ' 0  1  2  3  4',
0015 ' 5  6  7  8  9',
0016 '10 11 12 13 14',
0017 '15 16 17 18 19',
0018 '20 21 22 23 24',5
0019 
0020 Exit
0021 
0022 test:
0023 /**********************************************************************
0024 * Show the given matrix and compute and show determinant and permanent
0025 **********************************************************************/
0026 Parse Arg as,n
0027 asc=as
0028 Do i=1 To n
0029 ol=''
0030 Do j=1 To n
0031 Parse Var asc a.i.j asc
0032 ol=ol right(a.i.j,3)
0033 End
0034 Say ol
0035 End
0036 Say 'determinant='right(determinant(as),7)
0037 Say '  permanent='right(permanent(as),7)
0038 Say copies('-',50)
0039 Return
-------------------------------------------------------------------------
Cross Reference Table Solid Variable Names
-------------------------------------------------------------------------
001 asc              31 31
002 a.               31
003 ol               32
-------------------------------------------------------------------------
Cross Reference Table Bizarre Variable Names
-------------------------------------------------------------------------
