-------------------------------------------------------------------------
Initial REXX INFILE on 23 Mar 2025 at 10:43:23
-------------------------------------------------------------------------
0001 /*REXX pgm checks if phrase is palindromic; ignores the case of the letters.  */
0002 parse arg y                            /*get (optional) phrase from the C.L.  */
0003 if y=''  then y='In girum imus nocte et consumimur igni'    /*[↓] translation.*/
0004 /*We walk around in the night and we are burnt by the fire (of love).*/
0005 say 'string = ' y
0006 if isTpal(y)  then                   say 'The string is a true palindrome.'
0007 else if isPal(y)  then say 'The string is an inexact palindrome.'
0008 else say "The string isn't palindromic."
0009 exit                                   /*stick a fork in it,  we're all done. */
0010 /*────────────────────────────────────────────────────────────────────────────*/
0011 isTpal:  return reverse(arg(1))==arg(1)
0012 isPal:   return isTpal(translate(space(x,0)))
-------------------------------------------------------------------------
Cross Reference Table Solid Variable Names
-------------------------------------------------------------------------
001 y                2 3
-------------------------------------------------------------------------
Cross Reference Table Bizarre Variable Names
-------------------------------------------------------------------------
