-------------------------------------------------------------------------
Initial REXX INFILE on 23 Mar 2025 at 10:43:28
-------------------------------------------------------------------------
0001 /*REXX program displays  N  self numbers (aka Colombian or Devlali numbers). OEIS A3052.*/
0002 parse arg n .                                    /*obtain optional argument from the CL.*/
0003 if n=='' | n==","  then n= 50                    /*Not specified?  Then use the default.*/
0004 tell = n>0;             n= abs(n)                /*TELL:  show the self numbers if  N>0 */
0005 @.= .                                            /*initialize the array of self numbers.*/
0006 do j=1  for n*10                      /*scan through ten times the #s wanted.*/
0007 $= j                                  /*1st part of sum is the number itself.*/
0008 do k=1  for length(j)           /*sum the decimal digits in the number.*/
0009 $= $ + substr(j, k, 1)          /*add a particular digit to the sum.   */
0010 end   /*k*/
0011 @.$=                                  /*mark  J  as not being a self number. */
0012 end         /*j*/                     /*            ───                      */
0013 list= 1                                          /*initialize the list to the 1st number*/
0014 #= 1                            /*the count of self numbers  (so far). */
0015 do i=3  until #==n;  if @.i=='' then iterate  /*Not a self number?   Then skip it.   */
0016 #= # + 1;            list= list i             /*bump counter of self #'s; add to list*/
0017 end   /*i*/
0018 /*stick a fork in it,  we're all done. */
0019 say   n     " self numbers were found."          /*display the title for the output list*/
0020 if tell  then say list                           /*display list of self numbers ──►term.*/
-------------------------------------------------------------------------
Cross Reference Table Solid Variable Names
-------------------------------------------------------------------------
001 n                2 3 4
002 tell             4
003 j                6
004 k                8
005 list             13 16
006 i                15
-------------------------------------------------------------------------
Cross Reference Table Bizarre Variable Names
-------------------------------------------------------------------------
001 @.               -> newV1.           5 11
002 $                -> newV2            7 9
003 #                -> newV3            14 16
