-------------------------------------------------------------------------
Initial REXX INFILE on 23 Mar 2025 at 10:43:33
-------------------------------------------------------------------------
0001 /*REXX program displays the verses of the song:    "The 12 days of Christmas".          */
0002 ordD= 'first second third fourth fifth sixth seventh eighth ninth tenth eleventh twelfth'
0003 pad= left('', 20)                                /*used for indenting the shown verses. */
0004 @.1= 'A partridge in a pear-tree.';   @.7 = "Seven swans a-swimming,"
0005 @.2= 'Two Turtle Doves, and'      ;   @.8 = "Eight maids a-milking,"
0006 @.3= 'Three French Hens,'         ;   @.9 = "Nine ladies dancing,"
0007 @.4= 'Four Calling Birds,'        ;   @.10= "Ten lords a-leaping,"
0008 @.5= 'Five Golden Rings,'         ;   @.11= "Eleven pipers piping,"
0009 @.6= 'Six geese a-laying,'        ;   @.12= "Twelve drummers drumming,"
0010 do day=1  for 12
0011 say pad  'On the'   word(ordD, day)   "day of Christmas"    /*display line 1 prologue.*/
0012 say pad  'My True Love gave to me:'                         /*   "      "  2     "    */
0013 do j=day  by -1  to 1;       say pad @.j        /*   "    the daily gifts.*/
0014 end   /*j*/
0015 say                                            /*add a blank line between the verses. */
0016 end               /*day*/                      /*stick a fork in it,  we're all done. */
-------------------------------------------------------------------------
Cross Reference Table Solid Variable Names
-------------------------------------------------------------------------
001 ordD             2
002 pad              3
003 day              10
004 j                13
-------------------------------------------------------------------------
Cross Reference Table Bizarre Variable Names
-------------------------------------------------------------------------
001 @.               -> newV1.           4 4 5 5 6 6 7 7 8 8 9 9
