-------------------------------------------------------------------------
Initial REXX INFILE on 23 Mar 2025 at 10:43:27
-------------------------------------------------------------------------
0001 /*REXX program generates values for six core attributes for an RPG (Role Playing Game).*/
0002 Do n=1 By 1 until m>=2 & tot>=75;
0003 slist=''
0004 tot=0
0005 m=0
0006 Do 6
0007 sum=0
0008 Do d=1 To 4;
0009 cast.d=random(1,6)
0010 sum=sum+cast.d
0011 End
0012 min=min(cast.1,cast.2,cast.3,cast.4)
0013 sum=sum-min
0014 slist=slist sum
0015 tot=tot+sum
0016 m=m+(sum>=15)
0017 end
0018 Say 'the total for' space(slist) 'is -->' tot', 'm' entries are >= 15.'
0019 end
0020 Say 'Solution found with' n 'iterations'
-------------------------------------------------------------------------
Cross Reference Table Solid Variable Names
-------------------------------------------------------------------------
001 n                2
002 slist            3 14
003 tot              4 15
004 m                5 16
005 sum              7 10 13
006 d                8
007 cast.            9
008 min              12
-------------------------------------------------------------------------
Cross Reference Table Bizarre Variable Names
-------------------------------------------------------------------------
