-------------------------------------------------------------------------
Initial REXX INFILE on 23 Mar 2025 at 10:43:11
-------------------------------------------------------------------------
0001 /*REXX program displays (draws) a pixel at a specified screen location in the color red.*/
0002 parse upper version !ver .
0003 !pcrexx= 'REXX/PERSONAL'==!ver | 'REXX/PC'==!ver /*obtain the REXX interpreter version. */
0004 parse arg x y txt CC .                           /*obtain optional arguments from the CL*/
0005 if   x=='' |  x==","  then   x= 100              /*Not specified?  Then use the default.*/
0006 if   y=='' |  y==","  then   y= 100              /* "       "        "   "   "     "    */
0007 if  CC=='' |  CC=","  then  CC=   4              /* "       "        "   "   "     "    */
0008 if txt=='' | txt=","  then tzt= '·'              /* "       "        "   "   "     "    */
0009 
0010 if ¬!pcrexx  then do; say; say "***error***  PC/REXX[interpreter] isn't being used.";  say
0011 exit 23
0012 end
0013 
0014 call scrWrite x,y,txt,,,CC                       /*stick a fork in it,  we're all done. */
-------------------------------------------------------------------------
Cross Reference Table Solid Variable Names
-------------------------------------------------------------------------
001 x                4 5
002 y                4 6
003 txt              4
004 CC               4 7
005 tzt              8
-------------------------------------------------------------------------
Cross Reference Table Bizarre Variable Names
-------------------------------------------------------------------------
001 !pcrexx          -> newV1            3
002 !ver             -> newV2            2
