-------------------------------------------------------------------------
Initial REXX INFILE on 23 Mar 2025 at 10:43:22
-------------------------------------------------------------------------
0001 /* REXX ---------------------------------------------------------------
0002 * 01.07.2014 Walter Pachl
0003 * Argument values must not start with 'arg'
0004 *--------------------------------------------------------------------*/
0005 x=f(2,3)
0006 Say x
0007 Say ''
0008 y=f('arg2='3,'arg1='2)
0009 Say y
0010 Exit
0011 f: Procedure
0012 Parse Arg p1,p2
0013 Do i=1 to arg()
0014 If left(arg(i),3)='arg' Then
0015 Parse Value arg(i) With 'arg' j '=' p.j
0016 Else p.i=arg(i)
0017 End
0018 Do i=1 To arg()
0019 Say 'p.'i'='p.i
0020 End
0021 Return p.1**p.2
-------------------------------------------------------------------------
Cross Reference Table Solid Variable Names
-------------------------------------------------------------------------
001 p1               12
002 p2               12
003 i                13 18
004 NORMAL.4         
005 NORMAL.5         
006 NORMAL.6         
007 NORMAL.7         
008 NORMAL.8         
009 NORMAL.9         
010 NORMAL.10        
011 NORMAL.11        
012 NORMAL.12        
013 NORMAL.13        
014 j                15
015 p.               15
-------------------------------------------------------------------------
Cross Reference Table Bizarre Variable Names
-------------------------------------------------------------------------
