-------------------------------------------------------------------------
Initial REXX INFILE on 23 Mar 2025 at 10:43:04
-------------------------------------------------------------------------
0001 /*REXX program displays  various alignments  for words in an array of  text strings.    */
0002 size= 0;        t.=;   cols= 0;   wid.= 0;   @.= /*zero or nullify some variables.      */
0003 t.1 = "Given$a$text$file$of$many$lines,$where$fields$within$a$line$"
0004 t.2 = "are$delineated$by$a$single$'dollar'$character,$write$a$program"
0005 t.3 = "that$aligns$each$column$of$fields$by$ensuring$that$words$in$each$"
0006 t.4 = "column$are$separated$by$at$least$one$space."
0007 t.5 = "Further,$allow$for$each$word$in$a$column$to$be$either$left$"
0008 t.6 = "justified,$right$justified,$or$center$justified$within$its$column."
0009 do r=1  while t.r\==''                         /* [↓]  process all the text lines.    */
0010 _= strip(t.r,,'$')                             /*strip leading & trailing dollar signs*/
0011 do c=1  until _==''        /* [↓]  process each of the words.     */
0012 parse var _   @.r.c '$' _  /*extract the words from a line of text*/
0013 wid.c= max(wid.c, length(@.r.c) )   /*find the maximum word width.*/
0014 end   /*c*/
0015 cols= max(cols, c)                             /*use the maximum COLS found.          */
0016 end    /*r*/
0017 
0018 do k=1  for cols;   size= size + wid.k;   end  /*find the width of the biggest line.  */
0019 rows= r - 1                                      /*adjust ROWS because of the  DO  loop.*/
0020 do j=1  for 3;      say;      say              /*show two blank lines for a separator.*/
0021 say center(word('left right center', j)  "aligned", size+cols-1, "═")     /*show title*/
0022 do r=1  for rows;       _=                      /*construct row by row. */
0023 do c=1  for cols;         x= @.r.c       /*     "    col  " col. */
0024 if j==1  then _= _   left(x, wid.c)      /*justified     left.   */
0025 if j==2  then _= _  right(x, wid.c)      /*    "        right.   */
0026 if j==3  then _= _ center(x, wid.c)      /*    "       center.   */
0027 end   /*c*/
0028 say substr(_, 2)                 /*ignore the leading extra blank.      */
0029 end          /*r*/
0030 end   /*j*/                                    /*stick a fork in it,  we're all done. */
-------------------------------------------------------------------------
Cross Reference Table Solid Variable Names
-------------------------------------------------------------------------
001 wid.             13
002 cols             15
003 k                18
004 size             18
005 rows             19
006 j                20
007 r                22
008 c                23
009 x                23
-------------------------------------------------------------------------
Cross Reference Table Bizarre Variable Names
-------------------------------------------------------------------------
001 @.               -> newV1.           2 12
002 _                -> newV2            10 12 12 22 24 25 26
