-------------------------------------------------------------------------
Initial REXX INFILE on 23 Mar 2025 at 10:43:31
-------------------------------------------------------------------------
0001 /*REXX program demonstrates removal of  1st/last/1st-and-last  characters from a string.*/
0002 @ = 'abcdefghijk'
0003 say '                  the original string ='  @
0004 say 'string first        character removed ='  substr(@, 2)
0005 say 'string         last character removed ='  left(@, max(0, length(@) -1))
0006 say 'string first & last character removed ='  substr(@, 2, max(0, length(@) -2))
0007 exit                                             /*stick a fork in it,  we're all done. */
0008 
0009 /* [↓]  an easier to read version using a length variable.*/
0010 @ = 'abcdefghijk'
0011 L=length(@)
0012 say '                  the original string ='  @
0013 say 'string first        character removed ='  substr(@, 2)
0014 say 'string         last character removed ='  left(@, max(0, L-1) )
0015 say 'string first & last character removed ='  substr(@, 2, max(0, L-2) )
-------------------------------------------------------------------------
Cross Reference Table Solid Variable Names
-------------------------------------------------------------------------
001 L                11
-------------------------------------------------------------------------
Cross Reference Table Bizarre Variable Names
-------------------------------------------------------------------------
001 @                -> newV1            2 10
