-------------------------------------------------------------------------
Initial REXX INFILE on 23 Mar 2025 at 10:43:31
-------------------------------------------------------------------------
0001 /*REXX program demonstrates removal of  1st/last/1st-and-last  characters from a string.*/
0002 @ = 'abcdefghijk'
0003 say '                  the original string =' @
0004 
0005 parse var @ 2 z
0006 say 'string first        character removed =' z
0007 
0008 m=length(@) - 1
0009 parse var @ z +(m)
0010 say 'string         last character removed =' z
0011 
0012 n=length(@) - 2
0013 parse var @ 2 z +(n)
0014 if n==0  then z=                                /*handle special case of a length of 2.*/
0015 say 'string first & last character removed =' z /*stick a fork in it,  we're all done. */
-------------------------------------------------------------------------
Cross Reference Table Solid Variable Names
-------------------------------------------------------------------------
001 z                13 14
-------------------------------------------------------------------------
Cross Reference Table Bizarre Variable Names
-------------------------------------------------------------------------
001 +(m)             -> newV1            9
002 +(n)             -> newV2            13
003 @                -> newV3            2 5 9 13
