-------------------------------------------------------------------------
Initial REXX INFILE on 23 Mar 2025 at 10:43:07
-------------------------------------------------------------------------
0001 /*REXX program demonstrate  case insensitivity  for  simple  REXX  variable names.      */
0002 
0003 /*  ┌──◄── all 3 left─hand side REXX variables are identical (as far as assignments). */
0004 /*  │                                                                                 */
0005 /*  ↓                                                                                 */
0006 dog= 'Benjamin'                             /*assign a   lowercase   variable (dog)*/
0007 Dog= 'Samba'                                /*   "   "  capitalized     "      Dog */
0008 DOG= 'Bernie'                               /*   "   an  uppercase      "      DOG */
0009 
0010 say center('using simple variables', 35, "─")     /*title.*/
0011 say
0012 
0013 if dog\==Dog | DOG\==dog  then say 'The three dogs are named:'     dog"," Dog 'and' DOG"."
0014 else say 'There is just one dog named:'  dog"."
0015 
0016 /*stick a fork in it,  we're all done. */
-------------------------------------------------------------------------
Cross Reference Table Solid Variable Names
-------------------------------------------------------------------------
001 dog              6
002 Dog              7
003 DOG              8
-------------------------------------------------------------------------
Cross Reference Table Bizarre Variable Names
-------------------------------------------------------------------------
