-------------------------------------------------------------------------
Initial REXX INFILE on 23 Mar 2025 at 10:43:05
-------------------------------------------------------------------------
0001 /*REXX program to demonstrates how to perform array concatenation.*/
0002 
0003 p.=                                    /*(below) a short list of primes.*/
0004 p.1=2;    p.2=3;     p.3=5;     p.4=7;     p.5=11;   p.6=13
0005 p.7=17;   p.8=19;    p.9=23;    p.10=27;   p.11=31;  p.12=37
0006 
0007 f.=                                    /*(below) a list of Fibonacci #s.*/
0008 f.0=0;f.1=1;f.2=1;f.3=2;f.4=3;f.5=5;f.6=8;f.7=13;f.8=21;f.9=34;f.10=55
0009 
0010 do j=1  while p.j\==''
0011 c.j=p.j                   /*assign C array with some primes*/
0012 end   /*j*/
0013 n=j-1
0014 do k=0  while f.k\=='';   n=n+1
0015 c.n=f.k                   /*assign C array with fib numbers*/
0016 end   /*k*/
0017 say 'elements=' n
0018 say
0019 do m=1  for n
0020 say 'c.'m"="c.m           /*show a "merged"  C  array nums.*/
0021 end   /*m*/
0022 /*stick a fork in it, we're done.*/
-------------------------------------------------------------------------
Cross Reference Table Solid Variable Names
-------------------------------------------------------------------------
001 p.               3 4 4 4 4 4 4 5 5 5 5 5 5
002 f.               7 8 8 8 8 8 8 8 8 8 8 8
003 j                10
004 c.               11 15
005 n                13 14
006 k                14
007 m                19
-------------------------------------------------------------------------
Cross Reference Table Bizarre Variable Names
-------------------------------------------------------------------------
