-------------------------------------------------------------------------
Initial REXX INFILE on 23 Mar 2025 at 10:43:04
-------------------------------------------------------------------------
0001 /*REXX program counts/displays the number of additive primes under a specified number N.*/
0002 parse arg n cols .                               /*get optional number of primes to find*/
0003 if    n=='' |    n==","  then    n= 500          /*Not specified?   Then assume default.*/
0004 if cols=='' | cols==","  then cols=  10          /* "      "          "     "       "   */
0005 call genP n                                      /*generate all primes under  N.        */
0006 w= 10                                            /*width of a number in any column.     */
0007 title= " additive primes that are  < "     commas(n)
0008 if cols>0  then say ' index │'center(title,  1 + cols*(w+1) )
0009 if cols>0  then say '───────┼'center(""   ,  1 + cols*(w+1), '─')
0010 found= 0;                  idx= 1                /*initialize # of additive primes & IDX*/
0011 $=                                               /*a list of additive primes  (so far). */
0012 do j=1  for #;      p= @.j                /*obtain the  Jth  prime.              */
0013 _= sumDigs(p);      if \!._  then iterate /*is sum of J's digs a prime? No, skip.*/       /* ◄■■■■■■■■ a filter. */
0014 found= found + 1                          /*bump the count of additive primes.   */
0015 if cols<0                    then iterate /*Build the list  (to be shown later)? */
0016 c= commas(p)                              /*maybe add commas to the number.      */
0017 $= $  right(c, max(w, length(c) ) )       /*add additive prime──►list, allow big#*/
0018 if found//cols\==0           then iterate /*have we populated a line of output?  */
0019 say center(idx, 7)'│'  substr($, 2);  $=  /*display what we have so far  (cols). */
0020 idx= idx + cols                           /*bump the  index  count for the output*/
0021 end   /*j*/
0022 
0023 if $\==''  then say center(idx, 7)"│"  substr($, 2)  /*possible display residual output.*/
0024 if cols>0  then say '───────┴'center(""   ,  1 + cols*(w+1), '─')
0025 say
0026 say 'found '      commas(found)      title
0027 exit 0                                           /*stick a fork in it,  we're all done. */
0028 /*──────────────────────────────────────────────────────────────────────────────────────*/
0029 commas:  parse arg ?; do jc=length(?)-3  to 1  by -3; ?=insert(',', ?, jc); end;  return ?
0030 sumDigs: parse arg x 1 s 2;  do k=2  for length(x)-1; s= s + substr(x,k,1); end;  return s
0031 /*──────────────────────────────────────────────────────────────────────────────────────*/
0032 genP: parse arg n;           @.1= 2;  @.2= 3;  @.3= 5;  @.4= 7;  @.5= 11;  @.6= 13
0033 !.= 0;   !.2= 1;  !.3= 1;  !.5= 1;  !.7= 1;  !.11= 1;  !.13= 1
0034 #= 6;  sq.#= @.# ** 2 /*the number of primes;  prime squared.*/
0035 do j=@.#+2  by 2  for max(0, n%2-@.#%2-1)       /*find odd primes from here on. */
0036 parse var  j   ''  -1  _                 /*obtain the last digit of the  J  var.*/
0037 if     _==5  then iterate;  if j// 3==0  then iterate  /*J ÷ by 5?   J ÷ by  3? */
0038 if j// 7==0  then iterate;  if j//11==0  then iterate  /*" "  " 7?   " "  " 11? */
0039 /* [↓]  divide by the primes.   ___    */
0040 do k=6  while sq.k<=j              /*divide  J  by other primes ≤ √ J     */
0041 if j//@.k==0  then iterate j       /*÷ by prev. prime?  ¬prime     ___    */
0042 end   /*k*/                        /* [↑]   only divide up to     √ J     */
0043 #= # + 1;    @.#= j;  sq.#= j*j;  !.j= 1 /*bump prime count; assign prime & flag*/
0044 end   /*j*/;                      return
-------------------------------------------------------------------------
Cross Reference Table Solid Variable Names
-------------------------------------------------------------------------
001 j                36
002 k                40
003 sq.              43
-------------------------------------------------------------------------
Cross Reference Table Bizarre Variable Names
-------------------------------------------------------------------------
001 @.               -> newV1.           32 32 32 32 32 32 43
002 !.               -> newV2.           33 33 33 33 33 33 33 43
003 $                -> newV3            11 17 19
004 _                -> newV4            13 36
005 ?                -> newV5            29 29
006 #                -> newV6            34 43
