-------------------------------------------------------------------------
Initial REXX INFILE on 23 Mar 2025 at 10:43:36
-------------------------------------------------------------------------
0001 /*REXX program calculates any number of terms in the Yellowstone (permutation) sequence.*/
0002 parse arg m .                                    /*obtain optional argument from the CL.*/
0003 if m=='' | m==","  then m= 30                    /*Not specified?  Then use the default.*/
0004 !.= 0                                            /*initialize an array of numbers(used).*/
0005 # = 0                                            /*count of Yellowstone numbers in seq. */
0006 $=                                               /*list   "      "         "     "  "   */
0007 do j=1  until #==m;  prev= # - 1
0008 if j<5  then do;  #= #+1;   @.#= j;  !.#= j;  !.j= 1;  $= strip($ j);  iterate;  end
0009 
0010 do k=1;   if !.k  then iterate          /*Already used?  Then skip this number.*/
0011 if gcd(k, @.prev)<2  then iterate       /*Not meet requirement?  Then skip it. */
0012 if gcd(k, @.#) \==1  then iterate       /* "    "       "          "    "   "  */
0013 #= #+1;   @.#= k;     !.k= 1;   $= $ k  /*bump ctr; assign; mark used; add list*/
0014 leave                                   /*find the next Yellowstone seq. number*/
0015 end   /*k*/
0016 end      /*j*/
0017 say $                                            /*display a list of a Yellowstone seq. */
0018 exit                                             /*stick a fork in it,  we're all done. */
0019 /*──────────────────────────────────────────────────────────────────────────────────────*/
0020 gcd: parse arg x,y;  do until y==0;  parse value  x//y  y   with   y  x;  end;    return x
-------------------------------------------------------------------------
Cross Reference Table Solid Variable Names
-------------------------------------------------------------------------
001 x                20 20
002 y                20 20
003 until            20
004 k                10
005 NORMAL.5         
006 NORMAL.6         
007 NORMAL.7         
008 NORMAL.8         
009 NORMAL.9         
010 NORMAL.10        
011 NORMAL.11        
012 NORMAL.12        
013 NORMAL.13        
-------------------------------------------------------------------------
Cross Reference Table Bizarre Variable Names
-------------------------------------------------------------------------
001 !.               -> newV1.           4 8 8 13
002 @.               -> newV2.           8 13
003 #                -> newV3            5 8 13
004 $                -> newV4            6 8 13
