-------------------------------------------------------------------------
Initial REXX INFILE on 23 Mar 2025 at 10:43:23
-------------------------------------------------------------------------
0001 /*REXX pgm (pathological FP problem):  a sequence that might converge to a wrong limit. */
0002 parse arg digs show .                            /*obtain optional arguments from the CL*/
0003 if digs=='' | digs==","  then digs= 150          /*Not specified?  Then use the default.*/
0004 if show=='' | show==","  then show=  20          /* "      "         "   "   "     "    */
0005 numeric digits digs                              /*have REXX use "digs" decimal digits. */
0006 #= 2 4 5 6 7 8 9 20 30 50 100                    /*the indices to display value of  V.n */
0007 fin= word(#, words(#) )                          /*find the last (largest) index number.*/
0008 w= length(fin)                                   /*  "   "  length (in dec digs) of FIN.*/
0009 v.1= 2                                           /*the value of the first   V  element. */
0010 v.2=-4                                           /* "    "    "  "  second  "     "     */
0011 do n=3  to fin;   nm1= n-1;     nm2= n-2   /*compute some values of the V elements*/
0012 v.n= 111 - 1130/v.nm1 + 3000/(v.nm1*v.nm2) /*   "      a  value  of  a  " element.*/
0013 /*display digs past the dec. point───┐ */
0014 if wordpos(n, #)\==0  then say   'v.'left(n, w)       "="        format(v.n, , show)
0015 end   /*n*/                                /*stick a fork in it,  we're all done. */
-------------------------------------------------------------------------
Cross Reference Table Solid Variable Names
-------------------------------------------------------------------------
001 digs             2 3
002 show             2 4
003 fin              7
004 w                8
005 v.               9 10 12
006 n                11
007 nm1              11
008 nm2              11
-------------------------------------------------------------------------
Cross Reference Table Bizarre Variable Names
-------------------------------------------------------------------------
001 #                -> newV1            6
