-------------------------------------------------------------------------
Initial REXX INFILE on 23 Mar 2025 at 10:43:24
-------------------------------------------------------------------------
0001 /*REXX pgm (pathological FP problem): the Siegfried Rump's example (problem dated 1988).*/
0002 parse arg digs show .                            /*obtain optional arguments from the CL*/
0003 if digs=='' | digs==","  then digs=150           /*Not specified?  Then use the default.*/
0004 if show=='' | show==","  then show= 20           /* "      "         "   "   "     "    */
0005 numeric digits digs                              /*have REXX use "digs" decimal digits. */
0006 a= 77617.0                                       /*initialize  A  to it's defined value.*/
0007 b= 33096.0                                       /*     "      B   "   "     "      "   */
0008 /*display SHOW digits past the dec. pt.*/
0009 say 'f(a,b)='    format(   f(a,b), , show)       /*display result from the  F  function.*/
0010 exit                                             /*stick a fork in it,  we're all done. */
0011 /*──────────────────────────────────────────────────────────────────────────────────────*/
0012 f:  procedure; parse arg a,b;  return  333.75* b**6   +   a**2 * (11* a**2* b**2  -  b**6,
0013 - 121*b**4  - 2)     +     5.5*b**8    +    a / (2*b)
-------------------------------------------------------------------------
Cross Reference Table Solid Variable Names
-------------------------------------------------------------------------
001 a                12
002 b                12
-------------------------------------------------------------------------
Cross Reference Table Bizarre Variable Names
-------------------------------------------------------------------------
