-------------------------------------------------------------------------
Initial REXX INFILE on 23 Mar 2025 at 10:43:11
-------------------------------------------------------------------------
0001 /*REXX pgm finds positive integers when shown in hex that can't be written with dec digs*/
0002 parse arg n cols .                               /*obtain optional argument from the CL.*/
0003 if    n=='' |    n==","  then   n = 100          /*Not specified?  Then use the default.*/
0004 if cols=='' | cols==","  then cols=  10          /* "      "         "   "   "     "    */
0005 w= 10                                            /*width of a number in any column.     */
0006 title= ' the product of the decimal digits of  N,  where  N  < '  n
0007 say ' index │'center(title, 1 + cols*(w+1)     ) /*display the title for the output.    */
0008 say '───────┼'center(""   , 1 + cols*(w+1), '─') /*   "     a   sep   "   "     "       */
0009 $=;                                       idx= 1 /*list of products (so far); IDX=index.*/
0010 do #=1  for n;   L= length(#)                /*find products of the dec. digs of J. */
0011 p= left(#, 1)                                /*use first digit as the product so far*/
0012 do j=2  for L-1  until p==0 /*add an optimization when product is 0*/
0013 p= p * substr(#, j, 1)      /*multiply the product by the next dig.*/
0014 end   /*j*/
0015 $= $ right(p, w)                             /*add the product  ───►  the  $  list. */
0016 if #//cols \== 0  then iterate               /*have we populated a line of output?  */
0017 say center(idx, 7)'│'  substr($, 2);    $=   /*display what we have so far  (cols). */
0018 idx= idx + cols                              /*bump the  index  count for the output*/
0019 end   /*#*/                                  /*stick a fork in it,  we're all done. */
0020 
0021 if $\==''  then say center(idx, 7)"│"  substr($, 2)  /*possible display residual output.*/
0022 say '───────┴'center(""   , 1 + cols*(w+1), '─')     /*display the foot sep for output. */
-------------------------------------------------------------------------
Cross Reference Table Solid Variable Names
-------------------------------------------------------------------------
001 n                2 3
002 cols             2 4
003 w                5
004 title            6
005 idx              9 18
006 L                10
007 p                11 13
008 j                12
-------------------------------------------------------------------------
Cross Reference Table Bizarre Variable Names
-------------------------------------------------------------------------
001 $                -> newV1            9 15 17
002 #                -> newV2            10
