-------------------------------------------------------------------------
Initial REXX INFILE on 23 Mar 2025 at 10:43:13
-------------------------------------------------------------------------
0001 /*REXX program reads a file and copies the contents into an output file  (on a line by line basis).*/
0002 iFID =  'input.txt'                              /*the name of the   input  file.       */
0003 oFID = 'output.txt'                              /* "    "   "  "   output    "         */
0004 call lineout iFID,,1                             /*insure the  input starts at line one.*/      /* ◄■■■■■■ optional.*/
0005 call lineout oFID,,1                             /*   "    "  output    "    "   "   "  */      /* ◄■■■■■■ optional.*/
0006 
0007 do  while lines(iFID)\==0;    $=linein(iFID)   /*read records from input 'til finished*/
0008 call lineout oFID, $                /*write the record just read ──► output*/
0009 end   /*while*/                                /*stick a fork in it,  we're all done. */
0010 
0011 call lineout iFID                                /*close   input  file, just to be safe.*/      /* ◄■■■■■■ best programming practice.*/
0012 call lineout oFID                                /*  "    output    "     "   "  "   "  */      /* ◄■■■■■■ best programming practice.*/
-------------------------------------------------------------------------
Cross Reference Table Solid Variable Names
-------------------------------------------------------------------------
001 oFID             3
002 while            7
-------------------------------------------------------------------------
Cross Reference Table Bizarre Variable Names
-------------------------------------------------------------------------
001 $                -> newV1            7
