-------------------------------------------------------------------------
Initial REXX INFILE on 23 Mar 2025 at 10:43:17
-------------------------------------------------------------------------
0001 /*REXX pgm validates the check digit of an ISBN─13 code  (it may have embedded minuses).*/
0002 parse arg $                                      /*obtain optional arguments from the CL*/
0003 if $='' | if $=","  then $= '978-0596528126 978-0596528120 978-1788399081 978-1788399083'
0004 @ISBN= "ISBN─13 code isn't"                      /*a literal used when displaying msgs. */
0005 /* [↓]  remove all minuses from X code.*/
0006 do j=1  for words($);  y= word($,j)            /*obtain an ISBN─13 code from  $  list.*/
0007 x= space( translate(y, , '-'),  0)             /*remove all minus signs from the code.*/
0008 L= length(x)                                   /*obtain the length of the ISBN-13 code*/
0009 if L \== 13                   then do;  say @ISBN  '13 characters: '  x;  exit 13;   end
0010 if verify(x, 9876543210)\==0  then do;  say @ISBN  'numeric: '        x;  exit 10;   end
0011 sum= 0
0012 do k=1  for L;   #= substr(x, k, 1)    /*get a decimal digit from the X code. */
0013 if \(k//2)  then #= # * 3              /*multiply every other digit by three. */
0014 sum= sum + #                           /*add the digit (or product) to the SUM*/
0015 end   /*k*/
0016 
0017 if right(sum, 1)==0  then say '     ISBN-13 code '      x      "    is valid."
0018 else say '     ISBN-13 code '      x      " isn't valid."
0019 end   /*j*/                                    /*stick a fork in it,  we're all done. */
-------------------------------------------------------------------------
Cross Reference Table Solid Variable Names
-------------------------------------------------------------------------
001 j                6
002 y                6
003 x                7
004 L                8
005 sum              11 14
006 k                12
-------------------------------------------------------------------------
Cross Reference Table Bizarre Variable Names
-------------------------------------------------------------------------
001 @ISBN            -> newV1            4
002 $                -> newV2            2 3
003 #                -> newV3            12 13
