-------------------------------------------------------------------------
Initial REXX INFILE on 23 Mar 2025 at 10:43:07
-------------------------------------------------------------------------
0001 /*REXX pgm calculates e to nn of decimal digits             */
0002 Parse Arg dig             /* the desired precision          */
0003 Numeric Digits (dig+3)    /* increase precision             */
0004 dig2=dig+2                /* limit the loop                 */
0005 e=1                       /* first element of the series    */
0006 q=1                       /* next element of the series     */
0007 Do n=1 By 1               /* start adding the elements      */
0008 old=e                   /* current sum                    */
0009 q=q/n                   /* new element                    */
0010 e=e+q                   /* add the new element to the sum */
0011 If left(e,dig2)=left(old,dig2) Then /* no change          */
0012 Leave                 /* we are done                    */
0013 End
0014 Numeric Digits dig        /* the desired precision          */
0015 e=e/1                     /* the desired approximation      */
0016 Return left(e,dig+1) '('n 'iterations required)'
-------------------------------------------------------------------------
Cross Reference Table Solid Variable Names
-------------------------------------------------------------------------
001 dig              2
002 dig2             4
003 e                5 10 15
004 q                6 9
005 n                7
006 old              8
-------------------------------------------------------------------------
Cross Reference Table Bizarre Variable Names
-------------------------------------------------------------------------
