-------------------------------------------------------------------------
Initial REXX INFILE on 23 Mar 2025 at 10:43:07
-------------------------------------------------------------------------
0001 /*REXX check the correctness of compey */
0002 e_='2.7182818284590452353602874713526624977572470936999595749669676277240'||,
0003 '766303535475945713821785251664274274663919320030599218174135966290435'||,
0004 '729003342952605956307380251882050351967424723324653614466387706813388353430034'
0005 ok=0
0006 Do d=3 To 100
0007 Parse Value compey(d) with e .
0008 Numeric digits d
0009 If e<>e_/1 Then Do
0010 say d e
0011 Say e
0012 Say e_/1
0013 End
0014 Else ok=ok+1
0015 End
0016 Say ok 'comparisons are ok'
-------------------------------------------------------------------------
Cross Reference Table Solid Variable Names
-------------------------------------------------------------------------
001 e_               2
002 ok               5
003 d                6
004 NORMAL.4         
005 NORMAL.5         
006 NORMAL.6         
007 NORMAL.7         
008 NORMAL.8         
009 NORMAL.9         
010 NORMAL.10        
011 NORMAL.11        
012 NORMAL.12        
013 NORMAL.13        
014 NORMAL.14        
015 NORMAL.15        
016 NORMAL.16        
017 e                7
-------------------------------------------------------------------------
Cross Reference Table Bizarre Variable Names
-------------------------------------------------------------------------
