-------------------------------------------------------------------------
Initial REXX INFILE on 23 Mar 2025 at 10:43:10
-------------------------------------------------------------------------
0001 /*REXX pgm finds 1st N cyclops (Θ) #s,  Θ primes,  blind Θ primes,  palindromic Θ primes*/
0002 parse arg n cols .                               /*obtain optional argument from the CL.*/
0003 if    n=='' |    n==","  then    n=   50         /*Not specified?  Then use the default.*/
0004 if cols=='' | cols==","  then cols=   10         /* "      "         "   "   "     "    */
0005 call genP                                        /*build array of semaphores for primes.*/
0006 w= max(10, length( commas(@.#) ) )               /*max width of a number in any column. */
0007 pri?= 0; bli?= 0; pal?= 0; call 0 ' first ' commas(n)                   " cyclops numbers"
0008 pri?= 1; bli?= 0; pal?= 0; call 0 ' first ' commas(n)             " prime cyclops numbers"
0009 pri?= 1; bli?= 1; pal?= 0; call 0 ' first ' commas(n)       " blind prime cyclops numbers"
0010 pri?= 1; bli?= 0; pal?= 1; call 0 ' first ' commas(n) " palindromic prime cyclops numbers"
0011 exit 0                                           /*stick a fork in it,  we're all done. */
0012 /*──────────────────────────────────────────────────────────────────────────────────────*/
0013 commas: parse arg ?;  do jc=length(?)-3  to 1  by -3; ?=insert(',', ?, jc); end;  return ?
0014 /*──────────────────────────────────────────────────────────────────────────────────────*/
0015 0: parse arg title;                idx= 1        /*get the title of this output section.*/
0016 say ' index │'center(title,   1 + cols*(w+1)     )      /*display the output title.  */
0017 say '───────┼'center(""   ,   1 + cols*(w+1), '─')      /*   "     "     "  separator*/
0018 finds= 0;                 $=  /*the number of finds (so far); $ list.*/
0019 do j=0  until finds== n;      L= length(j)  /*find N cyclops numbers, start at 101.*/
0020 if L//2==0  then do;    j= left(1, L+1, 0)  /*Is J an even # of digits? Yes, bump J*/
0021 iterate  /*use a new J that has odd # of digits.*/
0022 end
0023 z= pos(0, j);  if z\==(L+1)%2 then iterate  /* "  "    "    " (zero in mid)?    "  */
0024 if pos(0, j, z+1)>0           then iterate  /* "  "    "    " (has two 0's)?    "  */
0025 if pri?  then if \!.j         then iterate  /*Need a cyclops prime?      Then skip.*/
0026 if bli?  then do;   ?= space(translate(j, , 0), 0)   /*Need a blind cyclops prime ?*/
0027 if \!.?   then iterate  /*Not a blind cyclops prime? Then skip.*/
0028 end
0029 if pal?  then do;   r= reverse(j)           /*Need a palindromic cyclops prime?    */
0030 if r\==j  then iterate  /*Cyclops number not palindromic? Skip.*/
0031 if \!.r   then iterate  /*   "    palindrome not prime?     "  */
0032 end
0033 finds= finds + 1                            /*bump the number of palindromic primes*/
0034 $= $ right( commas(j), w)                   /*add a palindromic prime ──►  $  list.*/
0035 if finds//cols\==0            then iterate  /*have we populated a line of output?  */
0036 say center(idx, 7)'│'  substr($, 2);    $=  /*display what we have so far  (cols). */
0037 idx= idx + cols                             /*bump the  index  count for the output*/
0038 end   /*j*/
0039 if $\==''  then say center(idx, 7)"│"  substr($, 2)  /*possible show residual output.*/
0040 say '───────┴'center(""  ,   1 + cols*(w+1), '─');  say
0041 return
0042 /*──────────────────────────────────────────────────────────────────────────────────────*/
0043 genP: !.= 0;  hip= 7890987 - 1                   /*placeholders for primes (semaphores).*/
0044 @.1=2; @.2=3; @.3=5; @.4=7; @.5=11; @.6=13 /*define some low primes.              */
0045 !.2=1; !.3=1; !.5=1; !.7=1; !.11=1; !.13=1 /*   "     "   "    "     flags.       */
0046 #= 6;     sq.#= @.# ** 2 /*number of primes so far; prime square*/
0047 do j=@.#+2  by 2  for max(0, hip%2-@.#%2-1)     /*find odd primes from here on. */
0048 parse var   j   ''  -1  _                       /*get the last dec. digit of  J.*/
0049 if     _==5  then iterate;  if j// 3==0  then iterate  /*÷ by 5?  ÷ by 3?  Skip.*/
0050 if j// 7==0  then iterate;  if j//11==0  then iterate  /*÷  " 7?  ÷ by 11?   "  */
0051 do k=6  while sq.k<=j             /* [↓]  divide by the known odd primes.*/
0052 if j // @.k == 0  then iterate j  /*Is  J ÷ X?  Then not prime.     ___  */
0053 end   /*k*/                       /* [↑]  only process numbers  ≤  √ J   */
0054 #= #+1;    @.#= j;   sq.#= j*j;   !.j= 1 /*bump # Ps;  assign next P;  P sq; P# */
0055 end          /*j*/;               return
-------------------------------------------------------------------------
Cross Reference Table Solid Variable Names
-------------------------------------------------------------------------
001 j                48
002 k                51
003 sq.              54
-------------------------------------------------------------------------
Cross Reference Table Bizarre Variable Names
-------------------------------------------------------------------------
001 @.               -> newV1.           44 44 44 44 44 44 54
002 !.               -> newV2.           45 45 45 45 45 45 54
003 ?                -> newV3            13 13 26
004 $                -> newV4            18 34 36
005 #                -> newV5            46 54
006 _                -> newV6            48
