-------------------------------------------------------------------------
Initial REXX INFILE on 23 Mar 2025 at 10:43:34
-------------------------------------------------------------------------
0001 /*REXX program prompts & reads/obtains a string, and also the number 75000 from terminal*/
0002 say 'Please enter a string:'                     /*issue a prompt message to the term.  */
0003 parse pull userString                            /*the (char) string can be any length. */
0004 /* [↑]  the string could be null/empty.*/
0005 do  until userNumber=75000                     /*repeat this loop until satisfied.    */
0006 say                                            /*display a blank line to the terminal.*/
0007 say 'Please enter the number 75000'            /*display a nice prompt message to term*/
0008 parse pull userNumber                          /*obtain the user text from terminal.  */
0009 end   /*until*/                                /*check if the response is legitimate. */
0010 /*stick a fork in it,  we're all done. */
-------------------------------------------------------------------------
Cross Reference Table Solid Variable Names
-------------------------------------------------------------------------
001 pull             8
002 userNumber       8
-------------------------------------------------------------------------
Cross Reference Table Bizarre Variable Names
-------------------------------------------------------------------------
