-------------------------------------------------------------------------
Initial REXX INFILE on 23 Mar 2025 at 10:43:06
-------------------------------------------------------------------------
0001 /* REXX ***************************************************************
0002 * Draw a picture from pixels
0003 * 16.06.2014 Walter Pachl
0004 **********************************************************************/
0005 oid='pic.bmp'; 'erase' oid
0006 
0007 blue ='FF0000'x;
0008 green='00FF00'x;
0009 red  ='0000FF'x;
0010 white='ffffff'x;
0011 black='000000'x;
0012 
0013 w=600                        /* width  */
0014 h=300                        /* height */
0015 w3=w*3
0016 
0017 bfType         ='BM'
0018 bfSize         ='46000000'x
0019 bfReserved     ='00000000'x
0020 bfOffBits      ='36000000'x
0021 biSize         ='28000000'x
0022 biWidth        =lend(w)
0023 biHeight       =lend(h)
0024 biPlanes       ='0100'x
0025 biBitCount     ='1800'x
0026 biCompression  ='00000000'x
0027 biSizeImage    ='10000000'x
0028 biXPelsPerMeter='00000000'x
0029 biYPelsPerMeter='00000000'x
0030 biClrUsed      ='00000000'x
0031 biClrImportant ='00000000'x
0032 
0033 s=bfType||,
0034 bfSize||,
0035 bfReserved||,
0036 bfOffBits||,
0037 biSize||,
0038 biWidth||,
0039 biHeight||,
0040 biPlanes||,
0041 biBitCount||,
0042 biCompression||,
0043 biSizeImage||,
0044 biXPelsPerMeter||,
0045 biYPelsPerMeter||,
0046 biClrUsed||,
0047 biClrImportant
0048 
0049 pic=copies(red,w*h)             /* fill the rectangle with color red */
0050 Call rect 100,100,180,180,green /* draw a green rectangle            */
0051 Call rect 100,100,160,160,blue  /* and a blue rectangle within that  */
0052 Call dot 120,120,white          /* one pixel is hardly visible       */
0053 Do x=98 To 102                  /* draw a square of 25 pixels        */
0054 Do y=98 To 102
0055 Call dot x,y,white
0056 End
0057 End
0058 Call charout oid,s||pic         /* write the picture to file         */
0059 dmy=col(97,98)
0060 dmy=col(98,98)
0061 Exit
0062 
0063 lend: Procedure
0064 /**********************************************************************
0065 * compute the representation of a number (little endian)
0066 **********************************************************************/
0067 Parse Arg n
0068 res=reverse(d2c(n,4))
0069 rev=reverse(res)
0070 say 'lend:' arg(1) '->' c2x(res) '=>' c2d(rev)
0071 Return res
0072 
0073 rect: Procedure Expose pic w h w3
0074 /**********************************************************************
0075 * Fill a rectangle with center at x,y and width/height = wr/hr
0076 **********************************************************************/
0077 Parse Arg x,y,wr,hr,color
0078 Say x y wr hr c2x(color)
0079 i=w3*(y-1)+3*(x-1)+1               /* Pixel position of center       */
0080 ia=max(w3*(y-1)+1,i-3*(wr%2))      /* position of left border        */
0081 ib=min(i+3*wr%2,w3*y)              /* position of right border       */
0082 lc=ib-ia                           /* length of horizontal line      */
0083 If lc>=0 Then Do
0084 os=copies(color,lc%3)            /* the horizontal line            */
0085 Do hi=-hr%2 to hr%2              /* loop from lower to upper border*/
0086 i=trunc(ia+w3*hi)              /* position of line's left border */
0087 If i>1 Then Do
0088 pic=overlay(os,pic,i)        /* put the line into the picture  */
0089 j=i%w3
0090 End
0091 End
0092 End
0093 Return
0094 
0095 dot: Procedure Expose pic w h w3
0096 /**********************************************************************
0097 * Put a dot at position x/y into the picture
0098 **********************************************************************/
0099 Parse Arg x,y,color
0100 i=w3*(y-1)+3*(x-1)
0101 pic=overlay(color,pic,i+1)
0102 Return
0103 
0104 col: Procedure Expose pic w h w3
0105 /**********************************************************************
0106 * get the color at position x/y
0107 **********************************************************************/
0108 Parse Arg x,y,color
0109 i=w3*(y-1)+3*(x-1)
0110 say 'color at pixel' x'/'y'='c2x(substr(pic,i+1,3))
0111 Return c2x(substr(pic,i+1,3))
-------------------------------------------------------------------------
Cross Reference Table Solid Variable Names
-------------------------------------------------------------------------
001 x                108
002 y                108
003 color            108
004 i                109
-------------------------------------------------------------------------
Cross Reference Table Bizarre Variable Names
-------------------------------------------------------------------------
