-------------------------------------------------------------------------
Initial REXX INFILE on 23 Mar 2025 at 10:43:26
-------------------------------------------------------------------------
0001 /*REXX program reads a specific line from a file  (and displays the length and content).*/
0002 parse arg FID n .                                /*obtain optional arguments from the CL*/
0003 if FID=='' | FID==","  then  FID= 'JUNK.TXT'     /*not specified?  Then use the default.*/
0004 if   n=='' |   n==","  then    n=7               /* "      "         "   "   "      "   */
0005 
0006 if lines(FID)==0  then  call ser "wasn't found." /*see if the file    exists  (or not). */
0007 
0008 do  n-1
0009 call linein FID                                /*read all the lines previous to  N.  */
0010 end   /*n-1*/
0011 
0012 if lines(FID)==0  then  call ser "doesn't contain"       N        'lines.'
0013 /* [↑]  any more lines to read in file?*/
0014 
0015 $=linein(FID)                                    /*read the   Nth  record in the file.  */
0016 
0017 say 'File '  FID  " line "  N  ' has a length of: '         length($)
0018 say 'File '  FID  " line "  N  'contents: '   $  /*display the contents of the Nth line.*/
0019 exit                                             /*stick a fork in it,  we're all done. */
0020 /*──────────────────────────────────────────────────────────────────────────────────────*/
0021 ser:   say;     say '***error!***  File '     FID     " "    arg(1);      say;     exit 13
-------------------------------------------------------------------------
Cross Reference Table Solid Variable Names
-------------------------------------------------------------------------
001 FID              2 3
002 n                2 4
-------------------------------------------------------------------------
Cross Reference Table Bizarre Variable Names
-------------------------------------------------------------------------
001 $                -> newV1            15
