-------------------------------------------------------------------------
Initial REXX INFILE on 23 Mar 2025 at 10:43:17
-------------------------------------------------------------------------
0001 /*REXX program determines what  characters  are valid for REXX symbols. */
0002 @=                                     /*set   symbol characters "   "  */
0003 do j=0  for 2**8                    /*traipse through all the chars. */
0004 _=d2c(j)                            /*convert decimal number to char.*/
0005 if datatype(_,'S')  then @=@ || _   /*Symbol char?  Then add to list.*/
0006 end   /*j*/                         /* [↑] put some chars into a list*/
0007 
0008 say '     symbol characters: '  @      /*display all  symbol characters.*/
0009 /*stick a fork in it, we're done.*/
-------------------------------------------------------------------------
Cross Reference Table Solid Variable Names
-------------------------------------------------------------------------
001 j                3
-------------------------------------------------------------------------
Cross Reference Table Bizarre Variable Names
-------------------------------------------------------------------------
001 @                -> newV1            2 5
002 _                -> newV2            4
