-------------------------------------------------------------------------
Initial REXX INFILE on 23 Mar 2025 at 10:43:18
-------------------------------------------------------------------------
0001 /*REXX program solves a  knapsack problem  (22  {+1}  items with a weight restriction). */
0002 maxWeight=400                                    /*the maximum weight for the knapsack. */
0003 say 'maximum weight allowed for a knapsack:'  commas(maxWeight);          say
0004 call gen@                                        /*generate the   @   array of choices. */
0005 call sortD                                       /*  sort    "    "     "    "    "     */
0006 call build                                       /*build some associative arrays from @.*/
0007 call findBest                                    /*go ye forth and find the best choises*/
0008 call results                                     /*display the best choices for knapsack*/
0009 exit                                             /*stick a fork in it,  we're all done. */
0010 /*──────────────────────────────────────────────────────────────────────────────────────*/
0011 build:    do j=1  for obj; parse var @.j x w v . /*construct a list of knapsack choices.*/
0012 if w>maxWeight  then iterate           /*Is weight greater than max?   Ignore.*/
0013 totW=totW + w;        totV=totV + v    /*add the totals (for output alignment)*/
0014 maxL=max(maxL, length(x) )             /*determine maximum width for an item. */
0015 #=#+1;  i.#=x;  w.#=w;  v.#=v          /*bump the number of items (choices).  */
0016 end   /*j*/                            /* [↑]  build indexable arrays of items*/
0017 maxL= maxL + maxL%4 + 4                    /*extend width of name for shown table.*/
0018 maxW= max(maxW, length( commas(totW) ) )   /*find the maximum width for  weight.  */
0019 maxV= max(maxV, length( commas(totV) ) )   /*  "   "     "      "    "   value.   */
0020 call hdr 'potential knapsack items'        /*display a header for list of choices.*/
0021 do j=1  for obj; parse var @.j i w v . /*show all the choices in a nice format*/
0022 if w<=maxWeight  then call show i,w,v  /*Is weight within limits?  Then show. */
0023 end   /*j*/                            /* [↑]  display the list of choices.   */
0024 $=0
0025 say;  say 'number of allowable items: '  #
0026 return
0027 /*──────────────────────────────────────────────────────────────────────────────────────*/
0028 commas: procedure;  parse arg _;   n=_'.9';    #=123456789;     b=verify(n, #, "M")
0029 e=verify(n, #'0', , verify(n, #"0.", 'M')) - 4;         comma=','
0030 do j=e  to b  by -3;   _=insert(comma, _, j);   end  /*j*/;            return _
0031 /*──────────────────────────────────────────────────────────────────────────────────────*/
0032 findBest:                                m=maxWeight   /*items are in decreasing weight.*/
0033 do j1 =0          for #+1;                                 w1 =    w.j1 ; z1 =    v.j1
0034 do j2 =j1 +(j1 >0) to #; if w.j2 +w1 >m  then iterate j1 ; w2 =w1 +w.j2 ; z2 =z1 +v.j2
0035 do j3 =j2 +(j2 >0) to #; if w.j3 +w2 >m  then iterate j2 ; w3 =w2 +w.j3 ; z3 =z2 +v.j3
0036 do j4 =j3 +(j3 >0) to #; if w.j4 +w3 >m  then iterate j3 ; w4 =w3 +w.j4 ; z4 =z3 +v.j4
0037 do j5 =j4 +(j4 >0) to #; if w.j5 +w4 >m  then iterate j4 ; w5 =w4 +w.j5 ; z5 =z4 +v.j5
0038 do j6 =j5 +(j5 >0) to #; if w.j6 +w5 >m  then iterate j5 ; w6 =w5 +w.j6 ; z6 =z5 +v.j6
0039 do j7 =j6 +(j6 >0) to #; if w.j7 +w6 >m  then iterate j6 ; w7 =w6 +w.j7 ; z7 =z6 +v.j7
0040 do j8 =j7 +(j7 >0) to #; if w.j8 +w7 >m  then iterate j7 ; w8 =w7 +w.j8 ; z8 =z7 +v.j8
0041 do j9 =j8 +(j8 >0) to #; if w.j9 +w8 >m  then iterate j8 ; w9 =w8 +w.j9 ; z9 =z8 +v.j9
0042 do j10=j9 +(j9 >0) to #; if w.j10+w9 >m  then iterate j9 ; w10=w9 +w.j10; z10=z9 +v.j10
0043 do j11=j10+(j10>0) to #; if w.j11+w10>m  then iterate j10; w11=w10+w.j11; z11=z10+v.j11
0044 do j12=j11+(j11>0) to #; if w.j12+w11>m  then iterate j11; w12=w11+w.j12; z12=z11+v.j12
0045 do j13=j12+(j12>0) to #; if w.j13+w12>m  then iterate j12; w13=w12+w.j13; z13=z12+v.j13
0046 do j14=j13+(j13>0) to #; if w.j14+w13>m  then iterate j13; w14=w13+w.j14; z14=z13+v.j14
0047 do j15=j14+(j14>0) to #; if w.j15+w14>m  then iterate j14; w15=w14+w.j15; z15=z14+v.j15
0048 do j16=j15+(j15>0) to #; if w.j16+w15>m  then iterate j15; w16=w15+w.j16; z16=z15+v.j16
0049 do j17=j16+(j16>0) to #; if w.j17+w16>m  then iterate j16; w17=w16+w.j17; z17=z16+v.j17
0050 do j18=j17+(j17>0) to #; if w.j18+w17>m  then iterate j17; w18=w17+w.j18; z18=z17+v.j18
0051 do j19=j18+(j18>0) to #; if w.j19+w18>m  then iterate j18; w19=w18+w.j19; z19=z18+v.j19
0052 do j20=j19+(j19>0) to #; if w.j20+w19>m  then iterate j19; w20=w19+w.j20; z20=z19+v.j20
0053 do j21=j20+(j20>0) to #; if w.j21+w20>m  then iterate j20; w21=w20+w.j21; z21=z20+v.j21
0054 do j22=j21+(j21>0) to #; if w.j22+w21>m  then iterate j21; w22=w21+w.j22; z22=z21+v.j22
0055 if z22>$  then do;  ?=;  $=z22;    do j=1  for 22;  ?=? value("J"j);  end /*j*/;    end
0056 end;end;end;end;end;end;end;end;end;end;end;end;end;end;end;end;end;end;end;end;end;end
0057 return
0058 /*──────────────────────────────────────────────────────────────────────────────────────*/
0059 gen@:          @.  =                           ;     @.12= 'camera                 32  30'
0060 @.1 = 'map               9 150' ;     @.13= 'T-shirt                24  15'
0061 @.2 = 'compass          13  35' ;     @.14= 'trousers               48  10'
0062 @.3 = 'water           153 200' ;     @.15= 'umbrella               73  40'
0063 @.4 = 'sandwich         50 160' ;     @.16= 'waterproof_trousers    42  70'
0064 @.5 = 'glucose          15  60' ;     @.17= 'waterproof_overclothes 43  75'
0065 @.6 = 'tin              68  45' ;     @.18= 'note-case              22  80'
0066 @.7 = 'banana           27  60' ;     @.19= 'sunglasses              7  20'
0067 @.8 = 'apple            39  40' ;     @.20= 'towel                  18  12'
0068 @.9 = 'cheese           23  30' ;     @.21= 'socks                   4  50'
0069 @.10= 'beer             52  10' ;     @.22= 'book                   30  10'
0070 @.11= 'suntan_cream     11  70' ;     @.23= 'anvil              100000   1'
0071 maxL = length('potential knapsack items')  /*maximum width for the table items.   */
0072 maxW = length('weight')                    /*   "      "    "   "    "   weights. */
0073 maxV = length('value')                     /*   "      "    "   "    "   values.  */
0074 #=0;  i.=;  w.=0;  v.=0;  totW=0;  totV=0  /*initialize some REX variables stuff. */
0075 return
0076 /*──────────────────────────────────────────────────────────────────────────────────────*/
0077 hdr:    say;  call show center(arg(1),maxL),center('weight',maxW),center("value",maxV)
0078 hdr2:         call show copies('═',maxL),copies('═',maxW),copies('═',maxV);       return
0079 /*──────────────────────────────────────────────────────────────────────────────────────*/
0080 results:          do #;  ?=strip( space(?), "L", 0);  end  /*h*/  /*elide leading zeroes*/
0081 bestC=?;    bestW=0;         totP=words(bestC);     say;    call hdr 'best choice'
0082 do j=1  for totP;  _=word(bestC, j);      _w=w._;      _v=v._
0083 do k=j+1  to totP;     __=word(bestC, k);   if i._\==i.__ then leave
0084 j=j+1;  w._=w._ + _w;  v._=v._ + _v
0085 end    /*k*/
0086 call show i._, w._, v._;   bestW=bestW + w._
0087 end        /*j*/
0088 call hdr2                   ;   say;                @bestTK= 'best total knapsack'
0089 call show @bestTK  'weight' ,   bestW    /*display a nicely formatted winner wt.*/
0090 call show @bestTK  'value'  ,,  $        /*     "  "    "       "     winner val*/
0091 call show @bestTK  'items'  ,,, totP     /*     "  "    "       "     pieces.   */
0092 return
0093 /*──────────────────────────────────────────────────────────────────────────────────────*/
0094 show:   parse arg _i,_w,_v,_p;  say translate( left(_i,maxL,'─'), , "_") ,
0095 right(commas(_w),maxW) right(commas(_v),maxV) _p;   return
0096 /*──────────────────────────────────────────────────────────────────────────────────────*/
0097 sortD:     do j=1  while @.j\==''; y=word(@.j,2) /*process each of the knapsack choices.*/
0098 do k=j+1  while @.k\==''         /*find a possible heavier knapsack item*/
0099 ?=word(@.k,2);  if ?>y  then do; _=@.k; @.k=@.j; @.j=_; y=?; end  /*swap*/
0100 end   /*k*/
0101 end        /*j*/                      /* [↑]  sort choices by decreasing wt. */
0102 obj=j-1;                   return        /*decrement  J  for the  DO  loop index*/
-------------------------------------------------------------------------
Cross Reference Table Solid Variable Names
-------------------------------------------------------------------------
001 y                97 99
002 k                98
003 obj              102
-------------------------------------------------------------------------
Cross Reference Table Bizarre Variable Names
-------------------------------------------------------------------------
001 @bestTK          -> newV1            88
002 @.               -> newV2.           11 21 59 60 60 61 61 62 62 63 63 64 64 65 65 66 66 67 67 68 68 69 69 70 70 99 99
003 _w               -> newV3            82 94
004 _v               -> newV4            82 94
005 __               -> newV5            83
006 _i               -> newV6            94
007 _p               -> newV7            94
008 #                -> newV8            15 28 74
009 $                -> newV9            24 55
010 _                -> newV10           28 30 82 99
011 ?                -> newV11           55 55 80 99
