-------------------------------------------------------------------------
Initial REXX INFILE on 23 Mar 2025 at 10:43:31
-------------------------------------------------------------------------
0001 /*REXX program uses a  subtractive generator, and creates a sequence of random numbers. */
0002 s.0= 292929;                             s.1= 1;                       billion= 1e9
0003 numeric digits 20
0004 cI= 55;           do i=2    for cI-2;    s.i= mod( s(i-2)  -  s(i-1),  billion)
0005 end   /*i*/
0006 Cp= 34
0007 do j=0    for cI;      r.j= s( mod( cP * (j+1), cI))
0008 end   /*j*/
0009 m= 219;   Cj= 24
0010 do k=cI   to m;        _= k // cI
0011 r._= mod( r( mod(k-cI, cI))  -  r( mod(k-cJ, cI) ),  billion)
0012 end   /*m*/
0013 t= 235
0014 do n=m+1  to t;     _= n // cI
0015 r._= mod( r( mod(n-cI, cI))  -  r( mod(n-cJ, cI) ),  billion)
0016 say   right(r._, 40)
0017 end   /*n*/
0018 exit 0                                           /*stick a fork in it,  we're all done. */
0019 /*──────────────────────────────────────────────────────────────────────────────────────*/
0020 mod: procedure;   parse arg a,b;         return  ( (a // b)  +  b)  //  b
0021 r:                parse arg #;           return  r.#
0022 s:                parse arg #;           return  s.#
-------------------------------------------------------------------------
Cross Reference Table Solid Variable Names
-------------------------------------------------------------------------
-------------------------------------------------------------------------
Cross Reference Table Bizarre Variable Names
-------------------------------------------------------------------------
001 _                -> newV1            10 14
002 #                -> newV2            21 22
