-------------------------------------------------------------------------
Initial REXX INFILE on 23 Mar 2025 at 10:43:06
-------------------------------------------------------------------------
0001 /*REXX ----------------------------------------------------------------
0002 * The solution must actually be larger than sqrt(269696)=519.585
0003 *--------------------------------------------------------------------*/
0004 z=0
0005 Do i=524 By 10 Until z>0
0006 If right(i*i,6)==269696  then z=i
0007 Else Do
0008 j=i+2
0009 if right(j*j,6)==269696  then z=j
0010 End
0011 End
0012 Say "The smallest integer whose square ends in 269696 is:" z
0013 Say '                            'z'**2 =' z**2
-------------------------------------------------------------------------
Cross Reference Table Solid Variable Names
-------------------------------------------------------------------------
001 z                4 6 9
002 i                5
003 j                8
-------------------------------------------------------------------------
Cross Reference Table Bizarre Variable Names
-------------------------------------------------------------------------
