-------------------------------------------------------------------------
Initial REXX INFILE on 23 Mar 2025 at 10:43:19
-------------------------------------------------------------------------
0001 char1 = "A"
0002 char2 = 'A'
0003 str = "this is a string"
0004 another = 'this is also a string'
0005 escape1 = "that's it!"
0006 escape2 = 'that''s it!'
-------------------------------------------------------------------------
Cross Reference Table Solid Variable Names
-------------------------------------------------------------------------
001 char1            1
002 char2            2
003 str              3
004 another          4
005 escape1          5
006 escape2          6
-------------------------------------------------------------------------
Cross Reference Table Bizarre Variable Names
-------------------------------------------------------------------------
