-------------------------------------------------------------------------
Initial REXX INFILE on 23 Mar 2025 at 10:43:19
-------------------------------------------------------------------------
0001 lf = '0A'x
0002 cr = '0D'x
0003 
0004 mmm = '01 02 03 34 ee'x
0005 ppp = 'dead beaf 11112222 33334444 55556666 77778888 00009999 c0ffee'X
0006 
0007 lang = '52455858'x     /*which is "REXX" on ASCII-computers.*/
-------------------------------------------------------------------------
Cross Reference Table Solid Variable Names
-------------------------------------------------------------------------
001 lf               1
002 cr               2
003 mmm              4
004 ppp              5
005 lang             7
-------------------------------------------------------------------------
Cross Reference Table Bizarre Variable Names
-------------------------------------------------------------------------
