-------------------------------------------------------------------------
Initial REXX INFILE on 23 Mar 2025 at 10:43:15
-------------------------------------------------------------------------
0001 /*REXX program shows a generalized  FizzBuzz  program:  #1 name1    #2 name2   ···      */
0002 parse arg h $                                    /*obtain optional arguments from the CL*/
0003 if h='' | h=","  then h= 20                      /*Not specified?  Then use the default.*/
0004 if $='' | $=","  then $= "3 Fizz 5 Buzz 7 Baxx"  /* "      "         "   "   "     "    */
0005 factors= words($) % 2                            /*determine number of factors to use.  */
0006 
0007 do i=1  by 2  for factors                      /*parse the number factors to be used. */
0008 #.i=word($, i);   @.i=word($, i+1)             /*obtain the factor and its  "name".   */
0009 end   /*i*/
0010 
0011 do j=1  for h;                    z=           /*traipse through the numbers to   H.  */
0012 do k=1  by 2  for factors      /*   "       "     " factors  in   J.  */
0013 if j//#.k==0  then z= z || @.k /*Is it a factor?  Then append it to Z.*/
0014 end   /*k*/                    /* [↑]  Note:  the factors may be zero.*/
0015 say word(z j, 1)                               /*display the number  or  its factors. */
0016 end                  /*j*/                     /*stick a fork in it,  we're all done. */
-------------------------------------------------------------------------
Cross Reference Table Solid Variable Names
-------------------------------------------------------------------------
001 h                2 3
002 factors          5
003 i                7
004 j                11
005 z                11 13
006 k                12
-------------------------------------------------------------------------
Cross Reference Table Bizarre Variable Names
-------------------------------------------------------------------------
001 #.               -> newV1.           8
002 @.               -> newV2.           8
003 $                -> newV3            2 4
