-------------------------------------------------------------------------
Initial REXX INFILE on 23 Mar 2025 at 10:43:06
-------------------------------------------------------------------------
0001 /*REXX program finds a  value  in a  list of integers  using an iterative binary search.*/
0002 @=  3   7  13  19  23  31  43  47  61  73  83  89 103 109 113 131 139 151 167 181,
0003 193 199 229 233 241 271 283 293 313 317 337 349 353 359 383 389 401 409 421 433,
0004 443 449 463 467 491 503 509 523 547 571 577 601 619 643 647 661 677 683 691 709,
0005 743 761 773 797 811 823 829 839 859 863 883 887 911 919 941 953 971 983 1013
0006 /* [↑]  a list of some low weak primes.*/
0007 parse arg ? .                                    /*get a  #  that's specified on the CL.*/
0008 if ?==''  then do;    say;       say '***error***  no argument specified.';       say
0009 exit 13
0010 end
0011 low= 1
0012 high= words(@)
0013 say  'arithmetic mean of the '   high    " values is: "   (word(@, 1) + word(@, high)) / 2
0014 say
0015 do  while  low<=high;     mid= (low + high) % 2;            y= word(@, mid)
0016 
0017 if ?=y  then do;  say ?   ' is in the list, its index is: '    mid
0018 exit            /*stick a fork in it,  we're all done. */
0019 end
0020 
0021 if y>?  then high= mid - 1        /*too high?                            */
0022 else  low= mid + 1        /*too low?                             */
0023 end   /*while*/
0024 
0025 say  ?   " wasn't found in the list."            /*stick a fork in it,  we're all done. */
-------------------------------------------------------------------------
Cross Reference Table Solid Variable Names
-------------------------------------------------------------------------
001 low              11
002 high             12 21
003 while            15
004 mid              15
005 y                15
-------------------------------------------------------------------------
Cross Reference Table Bizarre Variable Names
-------------------------------------------------------------------------
001 @                -> newV1            2
002 ?                -> newV2            7
