-------------------------------------------------------------------------
Initial REXX INFILE on 23 Mar 2025 at 10:43:17
-------------------------------------------------------------------------
0001 /*REXX program demonstrates a method how to increment a numerical string*/
0002 count = "3"      /*REXX variables (and constants) are character strings.*/
0003 count =  3       /*(identical to the above statement.)                  */
0004 count = count+1  /*strings in a numerical context are treated as numbers*/
0005 say 'sum=' count /*display the value of  COUNT  to the terminal (screen)*/
0006 
0007 /*────────────────── The default numeric digits for REXX is  9  digits. */
0008 /*────────────────── However, that can be increased with NUMERIC DIGITS.*/
0009 
0010 numeric digits 15000   /*let's go ka-razy with fifteen thousand digits. */
0011 
0012 count=copies(2,15000)  /*stressing REXX's brains with lots of  two's,   */
0013 /*the above is considered a number in REXX.      */
0014 count=count+3          /*make that last digit of  COUNT  a  "5".        */
0015 
0016 if 1==0  then          /*let's not display this gihugeic number to term,*/
0017 say  'count='  count   /*ya most likely don't want to display this thing*/
0018 
0019 /* [↓]  show the six leftmost and rightmost digs.*/
0020 say  'count='  left(count,6)'···'right(count,6)
0021 /*stick a fork in it, we're done.*/
-------------------------------------------------------------------------
Cross Reference Table Solid Variable Names
-------------------------------------------------------------------------
001 count            2 3 4 12 14
-------------------------------------------------------------------------
Cross Reference Table Bizarre Variable Names
-------------------------------------------------------------------------
