-------------------------------------------------------------------------
Initial REXX INFILE on 23 Mar 2025 at 10:43:28
-------------------------------------------------------------------------
0001 /* REXX ********************************************************************
0002 * 25.10.2013 Walter Pachl
0003 *********************************************************************/
0004 in='d:\sll.txt'
0005 Do i=1 By 1 while lines(in)>0
0006 rec=linein(in)
0007 elem.i.val=rec
0008 elem.i.next=0
0009 ip=i-1
0010 elem.ip.next=i
0011 End;
0012 c=1
0013 Do While c<>0
0014 Say c elem.c.val
0015 c=elem.c.next
0016 End
-------------------------------------------------------------------------
Cross Reference Table Solid Variable Names
-------------------------------------------------------------------------
001 in               4
002 i                5
003 rec              6
004 elem.            7 8 10
005 ip               9
006 c                12 15
-------------------------------------------------------------------------
Cross Reference Table Bizarre Variable Names
-------------------------------------------------------------------------
