-------------------------------------------------------------------------
Initial REXX INFILE on 23 Mar 2025 at 10:43:12
-------------------------------------------------------------------------
0001 /*REXX program calculates and displays   factorions   in  bases  nine ───► twelve.      */
0002 parse arg LOb HIb lim .                          /*obtain optional arguments from the CL*/
0003 if LOb=='' | LOb==","  then LOb=       9         /*Not specified?  Then use the default.*/
0004 if HIb=='' | HIb==","  then HIb=      12         /* "      "         "   "   "      "   */
0005 if lim=='' | lim==","  then lim= 1500000  -  1   /* "      "         "   "   "      "   */
0006 
0007 do fact=0  to HIb;   !.fact= !(fact)           /*use memoization for factorials.      */
0008 end   /*fact*/
0009 
0010 do base=LOb  to  HIb                           /*process all the required bases.      */
0011 @= 1 2                                         /*initialize the list  (@)  to  1 & 2. */
0012 do j=3  for lim-2;  $= 0               /*initialize the sum   ($)  to  zero.  */
0013 t= j   /*define the target  (for the sum !'s).*/
0014 do until t==0;    d= t // base      /*obtain a "digit".*/
0015 $= $ + !.d        /*add  !(d) to sum.*/
0016 t= t % base       /*get a new target.*/
0017 end   /*until*/
0018 if $==j  then @= @ j                   /*Good factorial sum? Then add to list.*/
0019 end   /*i*/
0020 say
0021 say 'The factorions for base '      right( base, length(HIb) )        " are: "         @
0022 end   /*base*/
0023 exit                                             /*stick a fork in it,  we're all done. */
0024 /*──────────────────────────────────────────────────────────────────────────────────────*/
0025 !: procedure; parse arg x;  !=1;    do j=2  to x;  !=!*j;  end;   return !  /*factorials*/
-------------------------------------------------------------------------
Cross Reference Table Solid Variable Names
-------------------------------------------------------------------------
001 x                25
002 j                25
-------------------------------------------------------------------------
Cross Reference Table Bizarre Variable Names
-------------------------------------------------------------------------
001 !.               -> newV1.           7
002 @                -> newV2            11 18
003 $                -> newV3            12 15
004 !                -> newV4            25 25
