-------------------------------------------------------------------------
Initial REXX INFILE on 23 Mar 2025 at 10:43:14
-------------------------------------------------------------------------
0001 /*REXX program shows various ways to  add leading zeroes  to numbers.   */
0002 a=7.125
0003 b=translate(format(a,10),0,' ')
0004 say 'a=' a
0005 say 'b=' b
0006 say
0007 
0008 c=8.37
0009 d=right(c,20,0)
0010 say 'c=' c
0011 say 'd=' d
0012 say
0013 
0014 e=19.46
0015 f='000000'e
0016 say 'e=' e
0017 say 'f=' f
0018 say
0019 
0020 g=18.25e+1
0021 h=000000||g
0022 say 'g=' g
0023 say 'h=' h
0024 say
0025 
0026 i=45.2
0027 j=translate('      'i,0," ")
0028 say 'i=' i
0029 say 'j=' j
0030 say
0031 
0032 k=36.007
0033 l=insert(00000000,k,0)
0034 say 'k=' k
0035 say 'l=' l
0036 say
0037 
0038 m=.10055
0039 n=copies(0,20)m
0040 say 'm=' m
0041 say 'n=' n
0042 say
0043 
0044 p=4.060
0045 q=0000000000000||p
0046 say 'p=' p
0047 say 'q=' q
0048 say
0049 
0050 r=876
0051 s=substr(r+10000000,2)
0052 say 'r=' r
0053 say 's=' s
0054 say
0055 
0056 t=13.02
0057 u=reverse(reverse(t)000000000)
0058 say 't=' t
0059 say 'u=' u
0060 /*stick a fork in it, we're done.*/
-------------------------------------------------------------------------
Cross Reference Table Solid Variable Names
-------------------------------------------------------------------------
001 a                2
002 b                3
003 c                8
004 d                9
005 e                14
006 f                15
007 g                20
008 h                21
009 i                26
010 j                27
011 k                32
012 l                33
013 m                38
014 n                39
015 p                44
016 q                45
017 r                50
018 s                51
019 t                56
020 u                57
-------------------------------------------------------------------------
Cross Reference Table Bizarre Variable Names
-------------------------------------------------------------------------
