-------------------------------------------------------------------------
Initial REXX INFILE on 23 Mar 2025 at 10:43:19
-------------------------------------------------------------------------
0001 /*REXX program reads a file  and  displays  the  longest [widest]  record(s) [line(s)]. */
0002 signal on notReady                               /*when E-O-F is reached,  jump/branch. */
0003 iFID= 'LONGEST.TXT'                              /*the default file identifier for input*/
0004 parse arg fid .                                  /*obtain optional argument from the CL.*/
0005 do #=1  to length(fid);          iFID=fid    /*Specified?   Then use what's given.  */
0006 end   /*#*/
0007 !=                                               /*the maximum width  (so far).         */
0008 do forever;    _=linein(iFID);   ?=_         /*read a line from the input file.     */
0009 t=0                                          /*don't do the initialization next time*/
0010 do #=t  for t;    !=?;       ?=;        $=. || _;       end  /*just do 1st time.*/
0011 do #=length(!' ')  to length(?) for 1;  $=;             end  /*found widest rec.*/
0012 do #=length(!)     to length(?) for 1;  $=$'a0d'x || _; end  /*append it to  $. */
0013 /* [↑]  variable  #  isn't really used.*/
0014 !=left(.,  max( length(!), length(?) ) )     /*!:  is the max length record, so far.*/
0015 end   /*forever*/
0016 /* [↓]  comes here when file gets E─O─F*/
0017 notReady:   do j=length(!)  to length(!)  for length(!)    /*handle the case of no input*/
0018 say substr($, 2)                     /*display (all) the longest records.   */
0019 end   /*j*/                          /*stick a fork in it,  we're all done. */
-------------------------------------------------------------------------
Cross Reference Table Solid Variable Names
-------------------------------------------------------------------------
001 fid              4
002 t                9
-------------------------------------------------------------------------
Cross Reference Table Bizarre Variable Names
-------------------------------------------------------------------------
001 #                -> newV1            5 10 11 12
002 !                -> newV2            7 10 14
003 _                -> newV3            8
004 ?                -> newV4            8 10
005 $                -> newV5            10 11 12
