-------------------------------------------------------------------------
Initial REXX INFILE on 23 Mar 2025 at 10:43:18
-------------------------------------------------------------------------
0001 i=13
0002 signal label
0003 say 'This is never executed'
0004 sub: Procedure Expose i
0005 Do i=1 To 10;
0006 label:
0007 Say 'label reached, i='i
0008 Signal real_start
0009 End
0010 Return
0011 real_start:
-------------------------------------------------------------------------
Cross Reference Table Solid Variable Names
-------------------------------------------------------------------------
001 i                1 5
-------------------------------------------------------------------------
Cross Reference Table Bizarre Variable Names
-------------------------------------------------------------------------
