-------------------------------------------------------------------------
Initial REXX INFILE on 23 Mar 2025 at 10:43:23
-------------------------------------------------------------------------
0001 /*REXX program  verifies  if an  entered/supplied  string  (sentence)  is a pangram.    */
0002 @abc= 'ABCDEFGHIJKLMNOPQRSTUVWXYZ'               /*a list of all (Latin) capital letters*/
0003 
0004 do forever;    say                           /*keep promoting 'til null (or blanks).*/
0005 say '──────── Please enter a pangramic sentence   (or a blank to quit):';      say
0006 pull y                                       /*this also uppercases the  Y variable.*/
0007 if y=''  then leave                          /*if nothing entered,  then we're done.*/
0008 absent= space( translate( @abc, , y), 0)     /*obtain a list of any absent letters. */
0009 if absent==''  then say  "──────── Sentence is a pangram."
0010 else say  "──────── Sentence isn't a pangram, missing: "    absent
0011 say
0012 end   /*forever*/
0013 
0014 say '──────── PANGRAM program ended. ────────'   /*stick a fork in it,  we're all done. */
-------------------------------------------------------------------------
Cross Reference Table Solid Variable Names
-------------------------------------------------------------------------
001 absent           8
-------------------------------------------------------------------------
Cross Reference Table Bizarre Variable Names
-------------------------------------------------------------------------
001 @abc             -> newV1            2
