-------------------------------------------------------------------------
Initial REXX INFILE on 23 Mar 2025 at 10:43:15
-------------------------------------------------------------------------
0001 /*REXX pgm runs the EGYPTIAN program to find biggest denominator & # of terms.*/
0002 parse arg top .                        /*get optional parameter from the C.L. */
0003 if top==''  then top=99                /*Not specified?  Then use the default.*/
0004 oTop=top;   top=abs(top)               /*oTop used as a flag to display maxD. */
0005 maxT=0;     maxD=0;     bigD=;   bigT= /*initialize some REXX variables.      */
0006 /* [↓]  determine biggest andlongest.  */
0007 do n=2      to top               /*traipse through the  numerators.     */
0008 do d=n+1  to top             /*   "       "     "  denominators     */
0009 fract=n'/'d                  /*create the fraction to be used.      */
0010 y='EGYPTIAN'(fract||.)       /*invoke the REXX program  EGYPTIAN.REX*/
0011 t=words(y)                   /*number of terms in Egyptian fraction.*/
0012 if t>maxT  then bigT=fract   /*is this a new high for number terms? */
0013 maxT=max(maxT,T)             /*find the maximum number of terms.    */
0014 b=substr(word(y,t),3)        /*get denominator from Egyptian fract. */
0015 if b>maxD  then bigD=fract   /*is this a new denominator high ?     */
0016 maxD=max(maxD,b)             /*find the maximum denominator.        */
0017 end   /*d*/                  /* [↑]  only use proper fractions.     */
0018 end       /*n*/                  /* [↑]  ignore the   1/n   fractions.  */
0019 /* [↑]  display the longest and biggest*/
0020 @= 'in the Egyptian fractions used is' /*literal is used to make a shorter SAY*/
0021 say 'largest number of terms'  @   maxT   "terms for"   bigT
0022 say
0023 say 'highest denominator'      @   length(maxD)   "digits for"  bigD
0024 if oTop>0  then say maxD               /*stick a fork in it,  we're all done. */
-------------------------------------------------------------------------
Cross Reference Table Solid Variable Names
-------------------------------------------------------------------------
001 top              2 3 4
002 oTop             4
003 maxT             5 13
004 maxD             5 16
005 bigD             5 15
006 bigT             5 12
007 n                7
008 d                8
009 fract            9
010 y                10
011 t                11
012 b                14
-------------------------------------------------------------------------
Cross Reference Table Bizarre Variable Names
-------------------------------------------------------------------------
001 @                -> newV1            20
