-------------------------------------------------------------------------
Initial REXX INFILE on 23 Mar 2025 at 10:43:20
-------------------------------------------------------------------------
0001 /* REXX */
0002 Call mk_a "It is certain", "It is decidedly so", "Without a doubt",,
0003 "Yes, definitely", "You may rely on it", "As I see it, yes",,
0004 "Most likely", "Outlook good", "Signs point to yes", "Yes",,
0005 "Reply hazy, try again", "Ask again later",,
0006 "Better not tell you now", "Cannot predict now",,
0007 "Concentrate and ask again", "Don't bet on it",,
0008 "My reply is no", "My sources say no", "Outlook not so good",,
0009 "Very doubtful"
0010 Do Forever
0011 Say 'your question:'
0012 Parse Pull q
0013 If q='' Then Leave
0014 z=random(1,a.0)
0015 Say a.z
0016 Say ''
0017 End
0018 Exit
0019 mk_a:
0020 a.0=arg()
0021 Do i=1 To a.0
0022 a.i=arg(i)
0023 End
0024 Return
-------------------------------------------------------------------------
Cross Reference Table Solid Variable Names
-------------------------------------------------------------------------
001 Pull             12
002 q                12
003 z                14
004 a.               20 22
005 i                21
-------------------------------------------------------------------------
Cross Reference Table Bizarre Variable Names
-------------------------------------------------------------------------
