-------------------------------------------------------------------------
Initial REXX INFILE on 23 Mar 2025 at 10:43:08
-------------------------------------------------------------------------
0001 /*REXX program  displays  eight colored vertical bars  on a full screen.                */
0002 parse  value  scrsize()  with sd sw .                 /*the screen depth and width.     */
0003 barWidth=sw%8                                         /*calculate the bar width.        */
0004 _.=copies('db'x, barWidth)                            /*the bar, full width.            */
0005 _.8=left(_.,barWidth-1)                               /*the last bar width,  less one.  */
0006 $ = x2c('1b5b73')  ||  x2c("1b5b313b33376d")      /* the preamble,  and the header. */
0007 hdr.1 = x2c('1b5b303b33306d')                         /*  "  color black.               */
0008 hdr.2 = x2c('1b5b313b33316d')                         /*  "  color red.                 */
0009 hdr.3 = x2c('1b5b313b33326d')                         /*  "  color green.               */
0010 hdr.4 = x2c('1b5b313b33346d')                         /*  "  color blue.                */
0011 hdr.5 = x2c('1b5b313b33356d')                         /*  "  color magenta.             */
0012 hdr.6 = x2c('1b5b313b33366d')                         /*  "  color cyan.                */
0013 hdr.7 = x2c('1b5b313b33336d')                         /*  "  color yellow.              */
0014 hdr.8 = x2c('1b5b313b33376d')                         /*  "  color white.               */
0015 tail = x2c('1b5b751b5b303b313b33363b34303b306d')     /*  "  epilogue,  and the trailer.*/
0016 /* [↓]  last bar width is shrunk. */
0017 do j=1  for 8                                  /*build the line, color by color. */
0018 $=$ || hdr.j || _.j                            /*append the color header + bar.  */
0019 end   /*j*/                                    /* [↑]  color order is the list.  */
0020 /* [↓]  the tail is overkill.     */
0021 $=$ || tail                                           /*append the epilogue (trailer).  */
0022 /* [↓]  show full screen of bars. */
0023 do k=1  for sd                                 /*SD = screen depth (from above). */
0024 say $                                          /*have REXX display line of bars. */
0025 end   /*k*/                                    /* [↑]  Note:  SD  could be zero. */
0026 /*stick a fork in it, we're done. */
-------------------------------------------------------------------------
Cross Reference Table Solid Variable Names
-------------------------------------------------------------------------
001 NORMAL.1         
002 NORMAL.2         
003 NORMAL.3         
004 NORMAL.4         
005 NORMAL.5         
006 NORMAL.6         
007 NORMAL.7         
008 NORMAL.8         
009 NORMAL.9         
010 NORMAL.10        
011 NORMAL.11        
012 NORMAL.12        
013 NORMAL.13        
014 NORMAL.14        
015 NORMAL.15        
016 NORMAL.16        
017 sd               2
018 sw               2
019 barWidth         3
020 hdr.             7 8 9 10 11 12 13 14
021 tail             15
022 j                17
023 k                23
-------------------------------------------------------------------------
Cross Reference Table Bizarre Variable Names
-------------------------------------------------------------------------
001 _.               -> newV1.           4 5
002 $                -> newV2            6 18 21
