-------------------------------------------------------------------------
Initial REXX INFILE on 23 Mar 2025 at 10:43:28
-------------------------------------------------------------------------
0001 /*REXX program finds the  Shortest common supersequence (SCS)  of two character strings.*/
0002 parse arg u v .                                  /*obtain optional arguments from the CL*/
0003 if u=='' | u==","  then u= 'abcbdab'             /*Not specified?  Then use the default.*/
0004 if v=='' | v==","  then v= 'bdcaba'              /* "      "         "   "   "     "    */
0005 say '                     string u='  u          /*echo the value of string  U  to term.*/
0006 say '                     string v='  v          /*  "   "    "    "    "    V   "   "  */
0007 $= u                                             /*define initial value for the output. */
0008 do n=1    to length(u)                     /*process the whole length of string U.*/
0009 do m=n  to length(v) - 1                 /*   "    right─ish  part   "    "   V.*/
0010 p= pos( substr(v, m, 1), $)              /*position of mTH  V  char in $ string.*/
0011 _= substr(v, m+1, 1)                     /*obtain a single character of string V*/
0012 if p\==0  &  _\==substr($, p+1, 1)  then $= insert(_, $, p)
0013 end   /*m*/                              /* [↑]  insert _ in $ after position P.*/
0014 end     /*n*/
0015 say
0016 say 'shortest common supersequence='  $          /*stick a fork in it,  we're all done. */
-------------------------------------------------------------------------
Cross Reference Table Solid Variable Names
-------------------------------------------------------------------------
001 u                2 3
002 v                2 4
003 n                8
004 m                9
005 p                10
-------------------------------------------------------------------------
Cross Reference Table Bizarre Variable Names
-------------------------------------------------------------------------
001 $                -> newV1            7 12
002 _                -> newV2            11
