-------------------------------------------------------------------------
Initial REXX INFILE on 23 Mar 2025 at 10:43:27
-------------------------------------------------------------------------
0001 a=1
0002 b=2
0003 c=3
0004 Call p  /* a Procedure  */
0005 Say 'in m a b c x' a b c x
0006 Call s  /* a subroutine */
0007 Say 'in m a b c x' a b c x
0008 
0009 Exit
0010 p: Procedure Expose sigl b
0011 Say 'in p sigl a b c' sigl a b c
0012 Call s
0013 Return
0014 s:
0015 Say 'in s sigl a b c' sigl a b c
0016 x=4
0017 Return
-------------------------------------------------------------------------
Cross Reference Table Solid Variable Names
-------------------------------------------------------------------------
001 a                1
002 b                2
003 c                3
004 x                16
-------------------------------------------------------------------------
Cross Reference Table Bizarre Variable Names
-------------------------------------------------------------------------
