-------------------------------------------------------------------------
Initial REXX INFILE on 23 Mar 2025 at 10:43:31
-------------------------------------------------------------------------
0001 /* REXX ***************************************************************
0002 * 16.05.2013 Walter Pachl
0003 **********************************************************************/
0004 Call test 'A','<','a'
0005 Call test 'A','=',' a'
0006 Call test 'A','==',' a'
0007 Call test 'Walter','<',' Wolter'
0008 Exit
0009 
0010 test: Procedure
0011 Parse Arg o1,op,o2
0012 Say q(o1) op q(o2) '->' clcompare(o1,op,o2)
0013 Return
0014 
0015 clcompare: Procedure
0016 /* caseless comparison of the operands */
0017 Parse Arg opd1,op,opd2
0018 opd1u=translate(opd1)
0019 opd2u=translate(opd2)
0020 Interpret 'res=opd1u' op 'opd2u'
0021 Return res
0022 
0023 q: Return '"'arg(1)'"'
-------------------------------------------------------------------------
Cross Reference Table Solid Variable Names
-------------------------------------------------------------------------
001 opd1             17
002 op               17
003 opd2             17
004 opd1u            18
005 opd2u            19
-------------------------------------------------------------------------
Cross Reference Table Bizarre Variable Names
-------------------------------------------------------------------------
