-------------------------------------------------------------------------
Initial REXX INFILE on 23 Mar 2025 at 10:43:29
-------------------------------------------------------------------------
0001 /*REXX program sorts  three (numeric)  variables  (X, Y, and  Z)  into ascending order. */
0002 numeric digits 1000                              /*handle some pretty gihugic integers. */      /*can be bigger.*/
0003 parse arg x y z .                                /*obtain the three variables from C.L. */
0004 if x=='' | x==","  then x= 77444                 /*Not specified?  Then use the default.*/
0005 if y=='' | y==","  then y=   -12                 /* "      "         "   "   "     "    */
0006 if z=='' | z==","  then z=     0                 /* "      "         "   "   "     "    */
0007 w= max( length(x), length(y), length(z) )   + 5  /*find max width of the values, plus 5.*/
0008 say '───── original values of X, Y, and Z: '       right(x, w)   right(y, w)   right(z, w)
0009 low = x                                          /*assign a temporary variable.         */
0010 mid = y                                          /*   "   "     "        "              */
0011 high= z                                          /*   "   "     "        "              */
0012 x= min(low,  mid,  high)           /*determine the lowest value of X,Y,Z. */      /* ◄─── sorting.*/
0013 z= max(low,  mid,  high)           /*    "      "  highest  "    " " " "  */      /* ◄─── sorting.*/
0014 y=     low + mid + high - x - z    /*    "      "  middle   "    " " " "  */      /* ◄─── sorting.*/
0015 /*stick a fork in it,  we're all done. */
0016 say '═════  sorted  values of X, Y, and Z: '    right(x, w)    right(y, w)    right(z, w)
-------------------------------------------------------------------------
Cross Reference Table Solid Variable Names
-------------------------------------------------------------------------
001 x                3 4 12
002 y                3 5 14
003 z                3 6 13
004 w                7
005 low              9
006 mid              10
007 high             11
-------------------------------------------------------------------------
Cross Reference Table Bizarre Variable Names
-------------------------------------------------------------------------
