-------------------------------------------------------------------------
Initial REXX INFILE on 23 Mar 2025 at 10:43:29
-------------------------------------------------------------------------
0001 /*REXX program sorts three (any value)  variables  (X, Y, and  Z)  into ascending order.*/
0002 parse arg x y z .                                /*obtain the three variables from C.L. */
0003 if x=='' | x==","  then x= 'lions, tigers, and'        /*Not specified?  Use the default*/
0004 if y=='' | y==","  then y= 'bears,  oh my!'            /* "      "        "   "     "   */
0005 if z=='' | z==","  then z= '(from "The Wizard of Oz")' /* "      "        "   "     "   */
0006 say '───── original value of X: '   x
0007 say '───── original value of Y: '   y
0008 say '───── original value of Z: '   z
0009 if x>y  then do;   _= x;   x= y;   y= _;   end   /*swap the values of   X   and   Y.    */      /* ◄─── sorting.*/
0010 if y>z  then do;   _= y;   y= z;   z= _;   end   /*  "   "     "    "   Y    "    Z.    */      /* ◄─── sorting.*/
0011 if x>y  then do;   _= x;   x= y;   y= _;   end   /*  "   "     "    "   X    "    Y.    */      /* ◄─── sorting */
0012 say                                              /*stick a fork in it,  we're all done. */
0013 say '═════  sorted  value of X: '   x
0014 say '═════  sorted  value of Y: '   y
0015 say '═════  sorted  value of Z: '   z
-------------------------------------------------------------------------
Cross Reference Table Solid Variable Names
-------------------------------------------------------------------------
001 x                2 3 9 11
002 y                2 4 9 10 11
003 z                2 5 10
-------------------------------------------------------------------------
Cross Reference Table Bizarre Variable Names
-------------------------------------------------------------------------
001 _                -> newV1            9 10 11
