-------------------------------------------------------------------------
Initial REXX INFILE on 23 Mar 2025 at 10:43:29
-------------------------------------------------------------------------
0001 /*REXX pgm sorts an array of integers (can be negative) using the  count─sort algorithm.*/
0002 $= '1 3 6 2 7 13 20 12 21 11 22 10 23 9 24 8 25 43 62 42 63 41 18 42 17 43 16 44 15 45 14 46 79 113 78 114 77 39 78 38'
0003 #= words($);          w= length(#);     !.= 0    /* [↑]  a list of some Recaman numbers.*/
0004 m= 1;                 LO= word($, #);   HI= LO   /*M: max width of any integer in $ list*/
0005 do j=1  for #;  z= word($, j)+0;  @.j= z;  m= max(m, length(z) ) /*get from $ list*/
0006 !.z= !.z + 1;   LO= min(LO, z);   HI= max(HI, z)                 /*find LO and HI.*/
0007 end   /*j*/
0008 /*W:  max index width for the @. array.*/
0009 call show 'before sort: ';   say copies('▓', 55) /*show the   before   array elements.  */
0010 call countSort   #                               /*sort a number of entries of @. array.*/
0011 call show ' after sort: '                        /*show the    after   array elements.  */
0012 exit                                             /*stick a fork in it,  we're all done. */
0013 /*──────────────────────────────────────────────────────────────────────────────────────*/
0014 countSort: parse arg N;  x= 1;    do k=LO  to  HI;   do x=x  for !.k;  @.x= k;  end  /*x*/
0015 end   /*k*/
0016 return
0017 /*──────────────────────────────────────────────────────────────────────────────────────*/
0018 show: do s=1  for #;  say right("element",20) right(s,w) arg(1) right(@.s,m); end;  return
-------------------------------------------------------------------------
Cross Reference Table Solid Variable Names
-------------------------------------------------------------------------
001 N                14
002 x                14 14
003 k                14
-------------------------------------------------------------------------
Cross Reference Table Bizarre Variable Names
-------------------------------------------------------------------------
001 !.               -> newV1.           3 6
002 @.               -> newV2.           5 14
003 $                -> newV3            2
004 #                -> newV4            3
