-------------------------------------------------------------------------
Initial REXX INFILE on 23 Mar 2025 at 10:43:29
-------------------------------------------------------------------------
0001 /* REXX ---------------------------------------------------------------
0002 * 13.07.2014 Walter Pachl translated from PL/I
0003 * 27.05.2023 Walter Pachl take care of bad lists
0004 *--------------------------------------------------------------------*/
0005 Parse Arg alist
0006 If alist='*' Then
0007 alist='999 888 777 1 5 13 15 17 19 21 5'
0008 Select
0009 When alist='' Then Call exit 'List is empty'
0010 When words(alist)=1 Then Call exit 'List has only one element:' alist
0011 Otherwise Nop
0012 End
0013 Parse Var alist lo hi .
0014 Do i=1 By 1 While alist<>''
0015 Parse Var alist a.i alist;
0016 lo=min(lo,a.i)
0017 hi=max(hi,a.i)
0018 End
0019 a.0=i-1
0020 
0021 Call show 'before count_sort'
0022 Call count_sort
0023 Call show 'after count_sort'
0024 Exit
0025 
0026 count_sort: procedure Expose a. lo hi
0027 t.=0
0028 do i=1 to a.0
0029 j=a.i
0030 t.j=t.j+1
0031 end
0032 k=1
0033 do i=lo to hi
0034 if t.i<>0 then Do
0035 do j=1 to t.i
0036 a.k=i
0037 k=k+1
0038 end
0039 end
0040 end
0041 Return
0042 
0043 show: Procedure Expose a.
0044 Parse Arg head
0045 Say head
0046 ol=''
0047 Do i=1 To a.0
0048 ol=ol right(a.i,3)
0049 End
0050 Say ol
0051 Return
0052 
0053 exit:
0054 Say arg(1)
-------------------------------------------------------------------------
Cross Reference Table Solid Variable Names
-------------------------------------------------------------------------
001 head             44
002 ol               46 48
003 i                47
-------------------------------------------------------------------------
Cross Reference Table Bizarre Variable Names
-------------------------------------------------------------------------
