-------------------------------------------------------------------------
Initial REXX INFILE on 23 Mar 2025 at 10:43:28
-------------------------------------------------------------------------
0001 /*REXX program uses a  Shoelace  formula to calculate the area of an  N-sided  polygon. */
0002 parse arg pts;           $polygon = 'polygon area of '  /*get optional args from the CL.*/
0003 if pts=''  then pts= '(3,4),(5,11),(12,8),(9,5),(5,6)'  /*Not specified?   Use default. */
0004 @= pts                         /*elide extra blanks;  save pts.*/
0005 do #=1  until @=''                           /*perform destructive parse on @*/
0006 parse var @  '('  x.#  ","  y.#  ')'  ","  @ /*obtain  X  and  Y  coördinates*/
0007 end   /*#*/
0008 A= 0                                                    /*initialize the  area  to zero.*/
0009 do j=1  for #;  jp=j+1;  if jp>#   then jp=1 /*adjust for  J  for overflow.  */
0010 jm=j-1;  if jm==0  then jm=# /*   "    "   "   "  underflow. */
0011 A=A + x.j * (y.jp - y.jm)                    /*compute a part of the area.   */
0012 end   /*j*/
0013 say $polygon  #  " points: " pts '  is ───► '  abs(A/2) /*stick a fork in it, we're done*/
-------------------------------------------------------------------------
Cross Reference Table Solid Variable Names
-------------------------------------------------------------------------
001 x.               6
002 y.               6
003 A                8 11
004 j                9
005 jp               9 9
006 jm               10 10
-------------------------------------------------------------------------
Cross Reference Table Bizarre Variable Names
-------------------------------------------------------------------------
001 $polygon         -> newV1            2
002 @                -> newV2            4 6 6
003 #                -> newV3            5
