-------------------------------------------------------------------------
Initial REXX INFILE on 23 Mar 2025 at 10:43:36
-------------------------------------------------------------------------
0001 /*REXX program creates & displays an ASCII art version of the Yin─Yang (taijitu) symbol.*/
0002 parse arg s1 s2 .                                /*obtain optional arguments from the CL*/
0003 if s1=='' | s1==","  then s1=     17             /*Not defined?   Then use the default. */
0004 if s2=='' | s2==","  then s2= s1 % 2             /* "      "        "   "   "     "     */
0005 if s1>0              then call  Yin_Yang  s1     /*create & display 1st Yin-Yang symbol.*/
0006 if s2>0              then call  Yin_Yang  s2     /*   "   "    "    2nd    "       "    */
0007 exit 0                                           /*stick a fork in it,  we're all done. */
0008 /*──────────────────────────────────────────────────────────────────────────────────────*/
0009 in@:     procedure;  parse arg cy,r,x,y;           return x**2  +  (y-cy)**2  <=  r**2
0010 big@:      /*in big         circle. */             return in@(  0 ,    r  ,    x,    y )
0011 semi@:     /*in semi        circle. */             return in@( r/2,    r/2,    x,    y )
0012 sB@:       /*in small black circle. */             return in@( r/2,    r/6,    x,    y )
0013 sW@:       /*in small white circle. */             return in@(-r/2,    r/6,    x,    y )
0014 Bsemi@:    /*in black semi  circle. */             return in@(-r/2,    r/2,    x,    y )
0015 /*──────────────────────────────────────────────────────────────────────────────────────*/
0016 Yin_Yang: procedure; parse arg r;  mX= 2;  mY= 1 /*aspect multiplier for the  X,Y  axis.*/
0017 do   sy= r*mY  to  -r*mY  by -1;     $=                           /*$ ≡ an output line*/
0018 do sx=-r*mX  to   r*mX;            x= sx / mX;    y= sy / mY    /*apply aspect ratio*/
0019 if big@() then if semi@()  then if sB@()     then $= $'Θ';                else $= $"°"
0020 else if Bsemi@()  then if sW@()  then $= $'°'; else $= $"Θ"
0021 else if x<0    then $= $'°'; else $= $"Θ"
0022 else $= $' '
0023 end   /*sy*/
0024 say strip($, 'T')                              /*display one line of a Yin─Yang symbol*/
0025 end     /*sx*/;       return
-------------------------------------------------------------------------
Cross Reference Table Solid Variable Names
-------------------------------------------------------------------------
001 r                16
002 mX               16
003 mY               16
004 sy               17
005 sx               18
006 x                18
007 y                18
-------------------------------------------------------------------------
Cross Reference Table Bizarre Variable Names
-------------------------------------------------------------------------
001 $                -> newV1            17 19
