-------------------------------------------------------------------------
Initial REXX INFILE on 23 Mar 2025 at 10:43:17
-------------------------------------------------------------------------
0001 /* REXX ***************************************************************
0002 * show identity matrix of size n
0003 * I consider m.i.j to represent the matrix (not needed for showing)
0004 * 06.07.2012 Walter Pachl
0005 **********************************************************************/
0006 Parse Arg n
0007 Say 'Identity Matrix of size' n '(m.i.j IS the Matrix)'
0008 m.=0
0009 Do i=1 To n
0010 ol=''
0011 Do j=1 To n
0012 m.i.j=(i=j)
0013 ol=ol''format(m.i.j,2) /* or ol=ol (i=j)                         */
0014 End
0015 Say ol
0016 End
-------------------------------------------------------------------------
Cross Reference Table Solid Variable Names
-------------------------------------------------------------------------
001 n                6
002 m.               8 12
003 i                9
004 ol               10 13
005 j                11
-------------------------------------------------------------------------
Cross Reference Table Bizarre Variable Names
-------------------------------------------------------------------------
