-------------------------------------------------------------------------
Initial REXX INFILE on 23 Mar 2025 at 10:43:31
-------------------------------------------------------------------------
0001 /* REXX implement the SUDAN function */
0002 Say '+---++-------------------------+'
0003 Say '| y ||x= 0   1   2   3   4   5 |'
0004 Say '+===++=========================+'
0005 Do y=0 To 6
0006 s='|' y '||'
0007 Do x=0 To 5
0008 s=s format(sudan(x,y),3)
0009 End
0010 Say s '|'
0011 End
0012 Say '+===++=========================+'
0013 Exit
0014 
0015 sudan: Procedure
0016 Parse Arg x,y
0017 Return sudan1(1,x,y)
0018 
0019 sudan1: Procedure
0020 Parse Arg n,x,y
0021 Select
0022 When n=0 Then Return x+y
0023 When y=0 Then Return x
0024 Otherwise Return sudan1(n-1,sudan1(n,x,y-1),sudan1(n,x,y-1)+y)
0025 End
-------------------------------------------------------------------------
Cross Reference Table Solid Variable Names
-------------------------------------------------------------------------
001 n                20
002 x                20
003 y                20
-------------------------------------------------------------------------
Cross Reference Table Bizarre Variable Names
-------------------------------------------------------------------------
