-------------------------------------------------------------------------
Initial REXX INFILE on 23 Mar 2025 at 10:43:08
-------------------------------------------------------------------------
0001 /* REXX */
0002 list = '"abcd","123456789","abcdef","1234567"'
0003 Do i=1 By 1 While list>''
0004 Parse Var list s.i ',' list
0005 s.i=strip(s.i,,'"')
0006 End
0007 n=i-1
0008 Do While n>1
0009 max=0
0010 Do i=1 To n
0011 If length(s.i)>max Then Do
0012 k=i
0013 max=length(s.i)
0014 End
0015 End
0016 Call o s.k
0017 If k<n Then
0018 s.k=s.n
0019 n=n-1
0020 End
0021 Call o s.1
0022 Exit
0023 o:
0024 Say length(arg(1)) arg(1)
0025 Return
-------------------------------------------------------------------------
Cross Reference Table Solid Variable Names
-------------------------------------------------------------------------
001 list             4 4
002 s.               4 5 18
003 n                7 19
004 max              9 13
005 i                10
006 k                12
-------------------------------------------------------------------------
Cross Reference Table Bizarre Variable Names
-------------------------------------------------------------------------
