-------------------------------------------------------------------------
Initial REXX INFILE on 23 Mar 2025 at 10:43:34
-------------------------------------------------------------------------
0001 /*REXX program demonstrates on setting a variable (using a "minimum var size".*/
0002 numeric digits 100                     /*default: 9 (decimal digs) for numbers*/
0003 
0004 /*──         1         2         3         4         5         6         7──*/
0005 /*──1234567890123456789012345678901234567890123456789012345678901234567890──*/
0006 
0007 z = 12345678901111111112222222222333333333344444444445555555555.66
0008 n =-12345678901111111112222222222333333333344444444445555555555.66
0009 
0010 /* [↑]  these #'s are stored as coded. */
0011 /*stick a fork in it,  we're all done. */
-------------------------------------------------------------------------
Cross Reference Table Solid Variable Names
-------------------------------------------------------------------------
001 z                7
002 n                8
-------------------------------------------------------------------------
Cross Reference Table Bizarre Variable Names
-------------------------------------------------------------------------
