-------------------------------------------------------------------------
Initial REXX INFILE on 23 Mar 2025 at 10:43:30
-------------------------------------------------------------------------
0001 /*REXX program splits a string based on change of character ───► a comma delimited list.*/
0002 parse arg str                                    /*obtain optional arguments from the CL*/
0003 if str==''  then str= 'gHHH5YY++///\'            /*Not specified?  Then use the default.*/
0004 p=left(str, 1)                                   /*placeholder for the "previous" string*/
0005 $=                                               /*     "       "   "    output      "  */
0006 do j=1  for length(str);  @=substr(str,j,1) /*obtain a character from the string.  */
0007 if @\==p  then $=$', '                      /*Not replicated char? Append delimiter*/
0008 p=@;           $=$ || @                     /*append a character to the  $  string.*/
0009 end   /*j*/                                 /* [↓]  keep peeling chars until done. */
0010 say '          input string: '      str          /*display the original string & output.*/
0011 say '         output string: '      $            /*stick a fork in it,  we're all done. */
-------------------------------------------------------------------------
Cross Reference Table Solid Variable Names
-------------------------------------------------------------------------
001 str              2 3
002 p                4 8
003 j                6
-------------------------------------------------------------------------
Cross Reference Table Bizarre Variable Names
-------------------------------------------------------------------------
001 $                -> newV1            5 7 8
002 @                -> newV2            6
