-------------------------------------------------------------------------
Initial REXX INFILE on 23 Mar 2025 at 10:43:09
-------------------------------------------------------------------------
0001 x= -4.1
0002 y=  1/4e21
0003 
0004 point=x y
0005 
0006 bpoint=point
0007 
0008 gpoint=5.6  7.3e-12
-------------------------------------------------------------------------
Cross Reference Table Solid Variable Names
-------------------------------------------------------------------------
001 x                1
002 y                2
003 point            4
004 bpoint           6
005 gpoint           8
-------------------------------------------------------------------------
Cross Reference Table Bizarre Variable Names
-------------------------------------------------------------------------
