-------------------------------------------------------------------------
Initial REXX INFILE on 23 Mar 2025 at 10:43:04
-------------------------------------------------------------------------
0001 /*REXX program obtains some numbers from the input stream (the console), shows their sum*/
0002 numeric digits 1000                              /*just in case the user gets  ka-razy. */
0003 say 'enter some numbers to be summed:'           /*display a prompt message to terminal.*/
0004 parse pull y                                     /*obtain all numbers from input stream.*/
0005 many= words(y)                                   /*obtain the number of numbers entered.*/
0006 $= 0                                             /*initialize the sum to zero.          */
0007 do j=1  for many                   /*process each of the numbers.         */
0008 $= $ + word(y, j)                  /*add one number to the sum.           */
0009 end   /*j*/
0010 /*stick a fork in it,  we're all done. */
0011 say 'sum of '   many   " numbers = "   $/1       /*display normalized sum $ to terminal.*/
-------------------------------------------------------------------------
Cross Reference Table Solid Variable Names
-------------------------------------------------------------------------
001 pull             4
002 y                4
003 many             5
004 j                7
-------------------------------------------------------------------------
Cross Reference Table Bizarre Variable Names
-------------------------------------------------------------------------
001 $                -> newV1            6 8
