-------------------------------------------------------------------------
Initial REXX INFILE on 23 Mar 2025 at 10:43:17
-------------------------------------------------------------------------
0001 /*REXX program  displays values  when  integers  have an   overflow  or  underflow.     */
0002 numeric digits 9                                 /*the REXX default is 9 decimal digits.*/
0003 call  showResult(  999999997 + 1 )
0004 call  showResult(  999999998 + 1 )
0005 call  showResult(  999999999 + 1 )
0006 call  showResult( -999999998 - 2 )
0007 call  showResult(  40000 * 25000 )
0008 call  showResult( -50000 * 20000 )
0009 call  showResult(  50000 *-30000 )
0010 exit                                             /*stick a fork in it,  we're all done. */
0011 /*──────────────────────────────────────────────────────────────────────────────────────*/
0012 showResult: procedure;  parse arg x,,_;  x=x/1                      /*normalize   X.    */
0013 if pos(., x)\==0  then  if x>0  then _=' [overflow]'    /*did it  overflow? */
0014 else _=' [underflow]'   /*did it underflow? */
0015 say right(x, 20) _                                      /*show the result.  */
0016 return x                                                /*return the value. */
-------------------------------------------------------------------------
Cross Reference Table Solid Variable Names
-------------------------------------------------------------------------
001 x                12 12
-------------------------------------------------------------------------
Cross Reference Table Bizarre Variable Names
-------------------------------------------------------------------------
001 _                -> newV1            12 13
