-------------------------------------------------------------------------
Initial REXX INFILE on 23 Mar 2025 at 10:43:10
-------------------------------------------------------------------------
0001 /*REXX program displays in which  years  12/25  (December 25th)   falls on a  Sunday.   */
0002 parse arg start finish .                         /*get the  START  and  FINISH  years.  */
0003 if  start=='' |  start==","  then  start=2008    /*Not specified?  Then use the default.*/
0004 if finish=='' | finish==","  then finish=2121    /* "       "        "   "   "     "    */
0005 
0006 do y=start  to finish                      /*process all the years specified.     */
0007 
0008 if date('Weekday', y"-12-25", 'ISO')\=='Sunday'  then iterate
0009 
0010 /* if date('w'      , y"-12-25", 'i'  ) ···       (same as above).  */
0011 /*          ↑↑↑↑↑↑   ↑↑↑↑↑↑↑↑↑↑  ↑↑↑                                */
0012 /*          option   yyyy-mm-dd  fmt                                */
0013 
0014 say 'December 25th,'    y    "falls on a Sunday."
0015 end   /*y*/
0016 /*stick a fork in it,  we're all done. */
-------------------------------------------------------------------------
Cross Reference Table Solid Variable Names
-------------------------------------------------------------------------
001 start            2 3
002 finish           2 4
003 y                6
-------------------------------------------------------------------------
Cross Reference Table Bizarre Variable Names
-------------------------------------------------------------------------
