-------------------------------------------------------------------------
Initial REXX INFILE on 23 Mar 2025 at 10:43:16
-------------------------------------------------------------------------
0001 /*REXX program computes and displays humble numbers,  also will display counts of sizes.*/
0002 parse arg n m .                                  /*obtain optional arguments from the CL*/
0003 if n=='' | n==","  then n= 50                    /*Not specified?  Then use the default.*/
0004 if m=='' | m==","  then m= 60                    /* "      "         "   "   "     "    */
0005 numeric digits 1 + max(20, m)                    /*be able to handle some big numbers.  */
0006 $.= 0                                            /*a count array for  X  digit humble #s*/
0007 call humble n;                    list=          /*call HUMBLE sub; initialize the list.*/
0008 do j=1  for n;  list= list @.j /*append a  humble  number to the list.*/
0009 end   /*j*/
0010 
0011 if list\=''  then do;    say "A list of the first "    n    ' humble numbers are:'
0012 say strip(list)         /*elide the leading blank in the list. */
0013 end
0014 say
0015 call humble -m                                   /*invoke subroutine for counting nums. */
0016 if $.1==0  then exit                             /*if no counts, then we're all finished*/
0017 total= 0                                         /*initialize count of humble numbers.  */
0018 $.1= $.1 + 1                                     /*adjust count for absent 1st humble #.*/
0019 say '                    The digit counts of humble numbers:'
0020 say '                 ═════════════════════════════════════════'
0021 do c=1  while $.c>0;  s= left('s', length($.c)>1)   /*count needs pluralization?*/
0022 say right( commas($.c), 30)         ' have '         right(c, 2)         " digit"s
0023 total= total + $.c                       /* ◄─────────────────────────────────┐ */
0024 end   /*k*/                              /*bump humble number count (so far)──┘ */
0025 exit                                             /*stick a fork in it,  we're all done. */
0026 /*──────────────────────────────────────────────────────────────────────────────────────*/
0027 commas: procedure; arg _;  do i=length(_)-3 to 1 by -3; _=insert(',', _, i); end; return _
0028 /*──────────────────────────────────────────────────────────────────────────────────────*/
0029 humble: procedure expose @. $.;   parse arg x;         if x==0  then return
0030 y= abs(x);   a= y;        noCount= x>0;        if x<0   then y= 999999999
0031 #2= 1;    #3= 1;    #5= 1;     #7= 1     /*define the initial humble constants. */
0032 $.= 0;    @.= 0;    @.1= 1     /*initialize counts and humble numbers.*/
0033 do h=2  for y-1
0034 @.h= min(2*@.#2,3*@.#3,5*@.#5,7*@.#7)  /*pick the minimum of 4 humble numbers.*/
0035 m= @.h                                 /*M:    "     "     " "    "      "    */
0036 if 2*@.#2 == m   then #2 = #2 + 1      /*Is number already defined? Use next #*/
0037 if 3*@.#3 == m   then #3 = #3 + 1      /* "    "      "       "      "    "  "*/
0038 if 5*@.#5 == m   then #5 = #5 + 1      /* "    "      "       "      "    "  "*/
0039 if 7*@.#7 == m   then #7 = #7 + 1      /* "    "      "       "      "    "  "*/
0040 if noCount       then iterate          /*Not counting digits?   Then iterate. */
0041 L= length(m);    if L>a  then leave    /*Are we done with counting?  Then quit*/
0042 $.L= $.L + 1                           /*bump the digit count for this number.*/
0043 end   /*h*/                            /*the humble numbers are in the @ array*/
0044 return                                   /* "  count  results  "   "  "  $   "  */
-------------------------------------------------------------------------
Cross Reference Table Solid Variable Names
-------------------------------------------------------------------------
001 x                29
002 y                30 30
003 a                30
004 noCount          30
005 h                33
006 m                35
007 L                41
-------------------------------------------------------------------------
Cross Reference Table Bizarre Variable Names
-------------------------------------------------------------------------
001 $.               -> newV1.           6 18 32 42
002 #2               -> newV2            31 36
003 #3               -> newV3            31 37
004 #5               -> newV4            31 38
005 #7               -> newV5            31 39
006 @.               -> newV6.           32 32 34
007 _                -> newV7            27
