-------------------------------------------------------------------------
Initial REXX INFILE on 23 Mar 2025 at 10:43:07
-------------------------------------------------------------------------
0001 /*╔════════════════════════════════════════════════════════════════════╗
0002 ║ Obtaining the return value of a function.                          ║
0003 ║                                                                    ║
0004 ║ There are 2 ways to get the (return) value (RESULT) of a function. ║
0005 ╚════════════════════════════════════════════════════════════════════╝*/
0006 
0007 currYear= yearFunc()
0008 say 'the current year is'  currYear
0009 
0010 call yearFunc
0011 say 'the current year is'  result                /*result can be RESULT, it is caseless.*/
-------------------------------------------------------------------------
Cross Reference Table Solid Variable Names
-------------------------------------------------------------------------
001 currYear         7
-------------------------------------------------------------------------
Cross Reference Table Bizarre Variable Names
-------------------------------------------------------------------------
