-------------------------------------------------------------------------
Initial REXX INFILE on 23 Mar 2025 at 10:43:23
-------------------------------------------------------------------------
0001 /*REXX program generates & displays N generations of one─dimensional cellular automata. */
0002 parse arg $ gens .                               /*obtain optional arguments from the CL*/
0003 if    $=='' |    $==","  then $=001110110101010  /*Not specified?  Then use the default.*/
0004 if gens=='' | gens==","  then gens=40            /* "      "         "   "   "     "    */
0005 
0006 do #=0  for gens                              /* process the  one-dimensional  cells.*/
0007 say  " generation"    right(#,length(gens))       ' '       translate($, "#·", 10)
0008 @=0                                                                /* [↓] generation.*/
0009 do j=2  for length($) - 1;          x=substr($, j-1, 3)     /*obtain the cell.*/
0010 if x==011 | x==101 | x==110  then @=overlay(1, @, j)        /*the cell lives. */
0011 else @=overlay(0, @, j)        /* "   "    dies. */
0012 end   /*j*/
0013 
0014 if $==@  then do;  say right('repeats', 40);  leave;  end          /*does it repeat? */
0015 $=@                                           /*now use the next generation of cells.*/
0016 end       /*#*/                               /*stick a fork in it,  we're all done. */
-------------------------------------------------------------------------
Cross Reference Table Solid Variable Names
-------------------------------------------------------------------------
001 gens             2 4
002 j                9
003 x                9
-------------------------------------------------------------------------
Cross Reference Table Bizarre Variable Names
-------------------------------------------------------------------------
001 $                -> newV1            2 3 15
002 #                -> newV2            6
003 @                -> newV3            8 10
