-------------------------------------------------------------------------
Initial REXX INFILE on 23 Mar 2025 at 10:43:27
-------------------------------------------------------------------------
0001 /*REXX program searches a collection of strings   (an array of periodic table elements).*/
0002 hay.0   =      1000                              /*safely indicate highest item number. */
0003 hay.200 = 'Binilnilium'
0004 hay.98  = 'californium'
0005 hay.6   = 'carbon'
0006 hay.112 = 'copernicium'
0007 hay.29  = 'copper'
0008 hay.114 = 'flerovium'
0009 hay.79  = 'gold'
0010 hay.2   = 'helium'
0011 hay.1   = 'hydrogen'
0012 hay.82  = 'lead'
0013 hay.116 = 'livermorium'
0014 hay.15  = 'phosphorous'
0015 hay.47  = 'silver'
0016 hay.11  = 'sodium'
0017 hay.16  = 'sulfur'
0018 hay.81  = 'thallium'
0019 hay.92  = 'uranium'
0020 /* [↑]  sorted by the element name.    */
0021 needle  = 'gold'                                 /*we'll be looking for the gold.       */
0022 upper needle                                     /*in case some people capitalize.      */
0023 found=0                                          /*assume the needle isn't found  (yet).*/
0024 
0025 do j=1  for hay.0                      /*start looking in haystack,  item 1.  */
0026 _=hay.j;     upper _                   /*make it uppercase just to be safe.   */
0027 if _=needle  then do;  found=1         /*we've found the needle in haystack.  */
0028 leave           /*  ··· and stop looking, of course.   */
0029 end
0030 end   /*j*/
0031 
0032 if found  then return j                          /*return the haystack  index  number.  */
0033 else say  needle  "wasn't found in the haystack!"
0034 return 0                                         /*indicates the needle  wasn't  found. */
-------------------------------------------------------------------------
Cross Reference Table Solid Variable Names
-------------------------------------------------------------------------
001 hay.             2 3 4 5 6 7 8 9 10 11 12 13 14 15 16 17 18 19
002 needle           21
003 found            23 27
004 j                25
-------------------------------------------------------------------------
Cross Reference Table Bizarre Variable Names
-------------------------------------------------------------------------
001 _                -> newV1            26
