-------------------------------------------------------------------------
Initial REXX INFILE on 23 Mar 2025 at 10:43:27
-------------------------------------------------------------------------
0001 /*REXX program searches a collection of strings   (an array of periodic table elements).*/
0002 hay.=0                                           /*initialize the haystack collection.  */
0003 hay._sodium       = 1
0004 hay._phosphorous  = 1
0005 hay._californium  = 1
0006 hay._copernicium  = 1
0007 hay._gold         = 1
0008 hay._thallium     = 1
0009 hay._carbon       = 1
0010 hay._silver       = 1
0011 hay._copper       = 1
0012 hay._helium       = 1
0013 hay._sulfur       = 1
0014 /*underscores (_) are used to NOT ...  */
0015 /*   ... conflict with variable names. */
0016 
0017 needle  = 'gold'                                 /*we'll be looking for the gold.       */
0018 
0019 Xneedle = '_'needle                              /*prefix an underscore (_)  character. */
0020 upper Xneedle                                    /*uppercase:  how REXX stores them.    */
0021 
0022 /*alternative version of above:        */
0023 /*       Xneedle=translate('_'needle)  */
0024 
0025 found=hay.Xneedle                                /*this is it, it's found (or maybe not)*/
0026 
0027 if found  then return j                          /*return the haystack  index  number.  */
0028 else say  needle  "wasn't found in the haystack!"
0029 return 0                                         /*indicates the needle  wasn't  found. */
-------------------------------------------------------------------------
Cross Reference Table Solid Variable Names
-------------------------------------------------------------------------
001 hay.             2 3 4 5 6 7 8 9 10 11 12 13
002 needle           17
003 Xneedle          19
004 found            25
-------------------------------------------------------------------------
Cross Reference Table Bizarre Variable Names
-------------------------------------------------------------------------
