-------------------------------------------------------------------------
Initial REXX INFILE on 23 Mar 2025 at 10:43:17
-------------------------------------------------------------------------
0001 /*REXX program demonstrates a use of a special case of inverted syntax  (via SIGNAL ON).*/
0002 signal on syntax
0003 a=7
0004 zz=444 / (7-a)
0005 return zz
0006 /*──────────────────────────────────────────────────────────────────────────────────────*/
0007 syntax:  say  '***error***  program is attempting to do division by zero,'
0008 say  'the REXX statement number is: '  sigL  " and the REXX source is:"
0009 say  sourceLine(sigL)
0010 exit 13
-------------------------------------------------------------------------
Cross Reference Table Solid Variable Names
-------------------------------------------------------------------------
001 a                3
002 zz               4
-------------------------------------------------------------------------
Cross Reference Table Bizarre Variable Names
-------------------------------------------------------------------------
