-------------------------------------------------------------------------
Initial REXX INFILE on 23 Mar 2025 at 10:43:24
-------------------------------------------------------------------------
0001 /* REXX */
0002 Numeric Digits 20
0003 Call random(,12345) /* make the run reproducable */
0004 pList = '.1 .3 .5 .7 .9'
0005 nList = '1e2 1e3 1e4 1e5'
0006 t     = 100
0007 Do While plist<>''
0008 Parse Var plist p plist
0009 theory=p*(1-p)
0010 Say ' '
0011 Say 'p:' format(p,2,4)'  theory:'format(theory,2,4)'  t:'format(t,4)
0012 Say '         n          sim     sim-theory'
0013 nl=nlist
0014 Do While nl<>''
0015 Parse Var nl n nl
0016 sum=0
0017 Do i=1 To t
0018 run=0
0019 Do j=1 To n
0020 one=random(1000)<p*1000
0021 If one & (run=0) Then
0022 sum=sum+1
0023 run=one
0024 End
0025 End
0026 sim=sum/(n*100)
0027 Say format(n,10)'        ' format(sim,2,4)' 'format(sim-theory,2,6)
0028 End
0029 End
-------------------------------------------------------------------------
Cross Reference Table Solid Variable Names
-------------------------------------------------------------------------
001 nl               15 15
002 n                15
003 sum              16 22
004 i                17
005 run              18 23
006 j                19
007 one              20
008 sim              26
-------------------------------------------------------------------------
Cross Reference Table Bizarre Variable Names
-------------------------------------------------------------------------
