-------------------------------------------------------------------------
Initial REXX INFILE on 23 Mar 2025 at 10:43:33
-------------------------------------------------------------------------
0001 /*REXX program processes instrument data as read from a time sorted data file.*/
0002 iFID= 'LICENSE.LOG'                    /*the fileID of the   input  file.     */
0003 high=0                                 /*highest number of licenses (so far). */
0004 #=0                                    /*the count of number of licenses out. */
0005 n=0                                    /*the number of  highest licenses out. */
0006 do recs=0  while lines(iFID)\==0   /* [↓]  read file  until  end─of─file. */
0007 parse value linein(iFID) with . ? . $       /*get IN│OUT status, job info.*/
0008 if ?=='IN'  then                   #=#-1    /*decrement the license count.*/
0009 else if ?=='OUT'  then #=#+1    /*increment  "     "      "   */
0010 if # >high then do;  n=1;    job.1=$;  end  /*the job info for highest cnt*/
0011 if #==high then do;  n=n+1;  job.n=$;  end  /* "   "    "   "   equal   " */
0012 high=max(high,#)                            /*calculate max license count.*/
0013 end   /*while ···*/
0014 
0015 say recs  'records read from the input file: '  iFID
0016 say 'The maximum number of licenses out is '    high        " at:"
0017 say
0018 do j=1  for n                     /*show what/when max licenses occurred.*/
0019 say left('',20)  job.j            /*indent the information displayed.    */
0020 end   /*j*/                       /*stick a fork in it,  we're all done. */
-------------------------------------------------------------------------
Cross Reference Table Solid Variable Names
-------------------------------------------------------------------------
001 high             3 12
002 n                5 10 11
003 recs             6
004 NORMAL.4         
005 NORMAL.5         
006 NORMAL.6         
007 NORMAL.7         
008 NORMAL.8         
009 NORMAL.9         
010 NORMAL.10        
011 NORMAL.11        
012 NORMAL.12        
013 NORMAL.13        
014 NORMAL.14        
015 NORMAL.15        
016 NORMAL.16        
017 NORMAL.17        
018 NORMAL.18        
019 NORMAL.19        
020 job.             10 11
021 j                18
-------------------------------------------------------------------------
Cross Reference Table Bizarre Variable Names
-------------------------------------------------------------------------
001 #                -> newV1            4 8
002 ?                -> newV2            7
003 $                -> newV3            7
