-------------------------------------------------------------------------
Initial REXX INFILE on 23 Mar 2025 at 10:43:32
-------------------------------------------------------------------------
0001 /*REXX program sums the first    N    terms of     1/(k**2),          k=1 ──►  N.       */
0002 parse arg N D .                                  /*obtain optional arguments from the CL*/
0003 if N=='' | N==","  then N=1000                   /*Not specified?  Then use the default.*/
0004 if D=='' | D==","  then D=  60                   /* "      "         "   "   "     "    */
0005 numeric digits D                                 /*use D digits (9 is the REXX default).*/
0006 $=0                                              /*initialize the sum to zero.          */
0007 do k=1  for N                          /* [↓]  compute for   N   terms.       */
0008 $=$  +  1/k**2                         /*add a squared reciprocal to the sum. */
0009 end   /*k*/
0010 
0011 say 'The sum of'     N     "terms is:"    $      /*stick a fork in it,  we're all done. */
-------------------------------------------------------------------------
Cross Reference Table Solid Variable Names
-------------------------------------------------------------------------
001 N                2 3
002 D                2 4
003 k                7
-------------------------------------------------------------------------
Cross Reference Table Bizarre Variable Names
-------------------------------------------------------------------------
001 $                -> newV1            6 8
