-------------------------------------------------------------------------
Initial REXX INFILE on 23 Mar 2025 at 10:43:32
-------------------------------------------------------------------------
0001 /*REXX pgm finds N terms of the Sylvester's sequence & the sum of the their reciprocals.*/
0002 parse arg n .                                    /*obtain optional argument from the CL.*/
0003 if n=='' | n==","  then n= 10                    /*Not specified?  Then use the default.*/
0004 numeric digits max(9, 2**(n-7) * 13 + 1)         /*calculate how many dec. digs we need.*/
0005 @.0= 2                                           /*the value of the 1st Sylvester number*/
0006 $= 0
0007 do j=0  for n;      jm= j - 1            /*calculate the Sylvester sequence.    */
0008 if j>0  then @.j= @.jm**2 - @.jm + 1     /*calculate  a  Sylvester sequence num.*/
0009 say 'Sylvester('j") ──► "   @.j          /*display the Sylvester index & number.*/
0010 $= $   +   1 / @.j                       /*add its reciprocal to the recip. sum.*/
0011 end   /*j*/
0012 say                                              /*stick a fork in it,  we're all done. */
0013 numeric digits digits() - 1
0014 say 'sum of the first '   n   " reciprocals using"   digits()   'decimal digits: '   $ / 1
-------------------------------------------------------------------------
Cross Reference Table Solid Variable Names
-------------------------------------------------------------------------
001 n                2 3
002 j                7
003 jm               7
-------------------------------------------------------------------------
Cross Reference Table Bizarre Variable Names
-------------------------------------------------------------------------
001 @.               -> newV1.           5 8
002 $                -> newV2            6 10
