-------------------------------------------------------------------------
Initial REXX INFILE on 23 Mar 2025 at 10:43:28
-------------------------------------------------------------------------
0001 /*REXX program displays the number of days since the epoch for the DATE function (BIF). */
0002 
0003 say '     today is: '  date()                    /*today's is format:     mm MON YYYY   */
0004 
0005 days=date('Basedate')                            /*only the first char of option is used*/
0006 say right(days, 40)         " days since the REXX base date of January 1st, year 1"
0007 
0008 say ' and today is: '  date(, days, "B")         /*it should still be today (µSec later)*/
0009 /*   ↑                ┌───◄─── This BIF (Built-In Function) is only */
0010 /*   └─────────◄──────┘        for  newer  versions of  REXX  that  */
0011 /*                             support the  2nd and 3rd  arguments. */
-------------------------------------------------------------------------
Cross Reference Table Solid Variable Names
-------------------------------------------------------------------------
001 days             5
-------------------------------------------------------------------------
Cross Reference Table Bizarre Variable Names
-------------------------------------------------------------------------
