-------------------------------------------------------------------------
Initial REXX INFILE on 23 Mar 2025 at 10:43:32
-------------------------------------------------------------------------
0001 /*REXX program computes and displays the first  N  super─d  numbers for D from LO to HI.*/
0002 numeric digits 100                               /*ensure enough decimal digs for calc. */
0003 parse arg n LO HI .                              /*obtain optional arguments from the CL*/
0004 if  n=='' |  n==","  then  n= 10                 /*the number of super─d numbers to calc*/
0005 if LO=='' | LO==","  then LO=  2                 /*low  end of  D  for the super─d nums.*/
0006 if HI=='' | HI==","  then HI=  9                 /*high  "   "  "   "   "     "      "  */
0007 /* [↓]   process  D  from  LO ──►  HI. */
0008 do d=LO  to HI;     #= 0;     $=            /*count & list of super─d nums (so far)*/
0009 z= copies(d, d)                             /*the string that is being searched for*/
0010 do j=2  until #==n                    /*search for super─d numbers 'til found*/
0011 if pos(z, d * j**d)==0  then iterate  /*does product have the required reps? */
0012 #= # + 1;               $= $ j        /*bump counter;  add the number to list*/
0013 end   /*j*/
0014 say
0015 say center(' the first '     n     " super-"d 'numbers ',  digits(),  "═")
0016 say $
0017 end   /*d*/                                 /*stick a fork in it,  we're all done. */
-------------------------------------------------------------------------
Cross Reference Table Solid Variable Names
-------------------------------------------------------------------------
001 n                3 4
002 LO               3 5
003 HI               3 6
004 d                8
005 z                9
006 j                10
-------------------------------------------------------------------------
Cross Reference Table Bizarre Variable Names
-------------------------------------------------------------------------
001 #                -> newV1            8 12
002 $                -> newV2            8 12
