-------------------------------------------------------------------------
Initial REXX INFILE on 23 Mar 2025 at 10:43:28
-------------------------------------------------------------------------
0001 /*REXX program generates and displays primes  via the  sieve of Eratosthenes  algorithm.*/
0002 parse arg H .;   if H=='' | H==","  then H= 200  /*optain optional argument from the CL.*/
0003 w= length(H);    @prime= right('prime', 20)      /*W:   is used for aligning the output.*/
0004 @.=.                                             /*assume all the numbers are  prime.   */
0005 #= 0                                             /*number of primes found  (so far).    */
0006 do j=2  for H-1;   if @.j==''  then iterate /*all prime integers up to H inclusive.*/
0007 #= # + 1                                    /*bump the prime number counter.       */
0008 say  @prime right(#,w)  " ───► " right(j,w) /*display the  prime  to the terminal. */
0009 do m=j*j  to H  by j;    @.m=;   end    /*strike all multiples as being ¬ prime*/
0010 end   /*j*/                                 /*       ───                           */
0011 say                                              /*stick a fork in it,  we're all done. */
0012 say  right(#, 1+w+length(@prime) )     'primes found up to and including '       H
-------------------------------------------------------------------------
Cross Reference Table Solid Variable Names
-------------------------------------------------------------------------
001 H                2 2
002 w                3
003 j                6
004 m                9
-------------------------------------------------------------------------
Cross Reference Table Bizarre Variable Names
-------------------------------------------------------------------------
001 @prime           -> newV1            3
002 @.               -> newV2.           4 9
003 #                -> newV3            5 7
