-------------------------------------------------------------------------
Initial REXX INFILE on 23 Mar 2025 at 10:43:12
-------------------------------------------------------------------------
0001 /*REXX pgm tests a number and a range for hailstone (Collatz) sequences.*/
0002 parse arg x .;  if x=='' then x=27     /*get the optional first argument*/
0003 
0004 $=hailstone(x)                         /*═════════════task 2════════════*/
0005 #=words($)                             /*number of numbers in sequence. */
0006 say x 'has a hailstone sequence of'  #  'and starts with: ' subword($,1,4),
0007 ' and ends with:'    subword($,#-3)
0008 say
0009 w=0;       do j=1  for 99999           /*═════════════task 3════════════*/
0010 $=hailstone(j);  #=words($) /*obtain the hailstone sequence. */
0011 if #<=w  then iterate       /*Not big 'nuff? Then keep going.*/
0012 bigJ=j;    w=#              /*remember what # has biggest HS.*/
0013 end   /*j*/
0014 
0015 say '(between 1──►99,999) '  bigJ  'has the longest hailstone sequence:' w
0016 /*stick a fork in it, we're done.*/
-------------------------------------------------------------------------
Cross Reference Table Solid Variable Names
-------------------------------------------------------------------------
001 x                2 2
002 w                9 12
003 j                9
004 bigJ             12
-------------------------------------------------------------------------
Cross Reference Table Bizarre Variable Names
-------------------------------------------------------------------------
001 $                -> newV1            4 10
002 #                -> newV2            5 10
