-------------------------------------------------------------------------
Initial REXX INFILE on 23 Mar 2025 at 10:43:07
-------------------------------------------------------------------------
0001 /* REXX ---------------------------------------------------------------
0002 * 01.07.2014 Walter Pachl
0003 *--------------------------------------------------------------------*/
0004 Numeric Digits 1000
0005 Parse Arg m .
0006 If m='' Then m=20
0007 Do i=0 To m
0008 c1.i=c1(i)
0009 End
0010 c2.=1
0011 Do i=1 To m
0012 c2.i=c2(i)
0013 End
0014 c3.=1
0015 Do i=1 To m
0016 im1=i-1
0017 c3.i=2*(2*i-1)*c3.im1/(i+1)
0018 End
0019 l=length(c3.m)
0020 hdr=' n' right('c1.n',l),
0021 right('c2.n',l),
0022 right('c3.n',l)
0023 Say hdr
0024 Do i=0 To m
0025 Say right(i,2) format(c1.i,l),
0026 format(c2.i,l),
0027 format(c3.i,l)
0028 End
0029 Say hdr
0030 Exit
0031 
0032 c1: Procedure
0033 Parse Arg n
0034 return fact(2*n)/(fact(n)*fact(n+1))
0035 
0036 c2: Procedure Expose c2.
0037 Parse Arg n
0038 res=0
0039 Do i=0 To n-1
0040 nmi=n-i-1
0041 res=res+c2.i*c2.nmi
0042 End
0043 Return res
0044 
0045 fact: Procedure
0046 Parse Arg n
0047 f=1
0048 Do i=1 To n
0049 f=f*i
0050 End
0051 Return f
-------------------------------------------------------------------------
Cross Reference Table Solid Variable Names
-------------------------------------------------------------------------
001 n                46
002 f                47 49
003 i                48
-------------------------------------------------------------------------
Cross Reference Table Bizarre Variable Names
-------------------------------------------------------------------------
