-------------------------------------------------------------------------
Initial REXX INFILE on 23 Mar 2025 at 10:43:26
-------------------------------------------------------------------------
0001 /*REXX program   executes   a  named  procedure  a specified number of times.           */
0002 parse arg pN # .                                 /*obtain optional arguments from the CL*/
0003 if #=='' | #==","   then #= 1                    /*assume  once  if not specified.      */
0004 if pN\==''          then call repeats pN, #      /*invoke the REPEATS procedure for  pN.*/
0005 exit 0                                           /*stick a fork in it,  we're all done. */
0006 /*──────────────────────────────────────────────────────────────────────────────────────*/
0007 repeats: procedure;  parse arg x,n               /*obtain the procedureName & # of times*/
0008 do n;  interpret 'CALL' x;  end  /*repeat the invocation    N    times. */
0009 return                                  /*return to invoker of the REPEATS proc*/
0010 /*──────────────────────────────────────────────────────────────────────────────────────*/
0011 yabba:   say 'Yabba, yabba do!';          return /*simple code;  no need for  PROCEDURE.*/
-------------------------------------------------------------------------
Cross Reference Table Solid Variable Names
-------------------------------------------------------------------------
001 x                7
002 n                7
-------------------------------------------------------------------------
Cross Reference Table Bizarre Variable Names
-------------------------------------------------------------------------
001 #                -> newV1            2 3
