-------------------------------------------------------------------------
Initial REXX INFILE on 23 Mar 2025 at 10:43:27
-------------------------------------------------------------------------
0001 /*REXX program shows and displays examples of multiple  RETURN  values  from a function.*/
0002 numeric digits 70                                /*the default is:    NUMERIC DIGITS 9  */
0003 parse arg a b .                                  /*obtain two numbers from command line.*/
0004 if a=='' | a==","  then a= 82                    /*Not specified?  Then use the default.*/
0005 if b=='' | b==","  then b= 20                    /* "      "         "   "   "     "    */
0006 say '     a ='  a                                /*display the first number to the term.*/
0007 say '     b ='  b                                /*   "     "  second   "    "  "    "  */
0008 say copies('═', 50)                              /*display a separator line  "  "    "  */
0009 z= arithmetics(a, b)                             /*call the function:   arithmetics     */
0010 parse var z  abut sum diff rem div Idiv prod pow /*obtain the function's returned values*/
0011 say '    || ='  abut                             /*display   abutment   to the terminal.*/
0012 say '     + ='  sum                              /*   "        sum       "  "     "     */
0013 say '     - ='  diff                             /*   "     difference   "  "     "     */
0014 say '    // ='  rem                              /*   "     remainder    "  "     "     */
0015 say '     / ='  div                              /*   "      quotient    "  "     "     */
0016 say '     % ='  Idiv                             /*   "   int. quotient  "  "     "     */
0017 say '     * ='  prod                             /*   "       product    "  "     "     */
0018 say '    ** ='  pow                              /*   "        power     "  "     "     */
0019 exit                                             /*stick a fork in it,  we're all done. */
0020 /*──────────────────────────────────────────────────────────────────────────────────────*/
0021 arithmetics: procedure;  parse arg x,y;  return  x||y  x+y  x-y  x//y  x/y  x%y  x*y  x**y
-------------------------------------------------------------------------
Cross Reference Table Solid Variable Names
-------------------------------------------------------------------------
001 x                21
002 y                21
-------------------------------------------------------------------------
Cross Reference Table Bizarre Variable Names
-------------------------------------------------------------------------
