-------------------------------------------------------------------------
Initial REXX INFILE on 23 Mar 2025 at 10:43:20
-------------------------------------------------------------------------
0001 /*REXX program maps and displays a  range of numbers from  one range  to  another range.*/
0002 rangeA =  10   0                                       /*or:   rangeA =   '  0  10 '    */
0003 rangeB =  -1   0                                       /*or:   rangeB =   " -1   0 "    */
0004 parse  var   rangeA  L  H
0005 inc= 1/2
0006 do j=L  to H  by inc * (1 - 2 * sign(H<L) )  /*BY:   either   +inc  or  -inc  */
0007 say right(j, 9)      ' maps to '      mapR(rangeA, rangeB, j)
0008 end   /*j*/
0009 exit                                                   /*stick a fork in it, we're done.*/
0010 /*──────────────────────────────────────────────────────────────────────────────────────*/
0011 mapR: procedure; parse arg a1 a2,b1 b2,s;$=b1+(s-a1)*(b2-b1)/(a2-a1);return left('',$>=0)$
-------------------------------------------------------------------------
Cross Reference Table Solid Variable Names
-------------------------------------------------------------------------
001 a1               11
002 a2               11
003 b1               11
004 b2               11
005 s                11
-------------------------------------------------------------------------
Cross Reference Table Bizarre Variable Names
-------------------------------------------------------------------------
001 $                -> newV1            11
