-------------------------------------------------------------------------
Initial REXX INFILE on 23 Mar 2025 at 10:43:23
-------------------------------------------------------------------------
0001 /*REXX program solves a   (Pascal's)   "Pyramid of Numbers"   puzzle given four values. */
0002 /* ╔══════════════════════════════════════════════════╗
0003 ║                             answer               ║
0004 ║                            /                     ║
0005 ║              mid          /                      ║
0006 ║                 \       151                      ║
0007 ║                  \   ααα   ααα                   ║
0008 ║                   40    ααα   ααα                ║
0009 ║               ααα   ααα   ααα   ααα              ║
0010 ║              x    11     y     4     z           ║
0011 ║                  /              \                ║
0012 ║ find:           /                \               ║
0013 ║ x y z          b                  d              ║
0014 ╚══════════════════════════════════════════════════╝ */
0015 do #=2;     _= sourceLine(#);  n= pos('_', _) /* [↓]  this DO loop shows (above) box.*/
0016 if n\==0  then leave;             say _       /*only display  up to  the above line. */
0017 end   /*#*/;                      say         /* [↑]  this is a way for in─line doc. */
0018 parse arg  b  d  mid  answer  .                  /*obtain optional variables from the CL*/
0019 if     b=='' |      b==","  then      b=  11     /*Not specified?  Then use the default.*/
0020 if     d=='' |      d==","  then      d=   4     /* "      "         "   "   "     "    */
0021 if    mid='' |    mid==","  then    mid=  40     /* "      "         "   "   "     "    */
0022 if answer='' | answer==","  then answer= 151     /* "      "         "   "   "     "    */
0023 big= answer - 4*b - 4*d    /*calculate  BIG  number less constants*/
0024 do      x=-big  to big
0025 do    y=-big  to big
0026 if x+y\==mid - 2*b  then iterate            /*40 = x+2B+Y   ──or──   40-2*11 = x+y */
0027 do z=-big  to big
0028 if z \== y - x   then iterate            /*Z  has to equal   Y-X       (Y= X+Z) */
0029 if x+y*6+z==big  then say right('x =', n)  x  right("y =",n)  y  right('z =',n)  z
0030 end   /*z*/
0031 end      /*y*/
0032 end        /*x*/                              /*stick a fork in it,  we're all done. */
-------------------------------------------------------------------------
Cross Reference Table Solid Variable Names
-------------------------------------------------------------------------
001 b                18 19
002 d                18 20
003 mid              18 21
004 answer           18 22
005 big              23
006 x                24
007 y                25
008 z                27
-------------------------------------------------------------------------
Cross Reference Table Bizarre Variable Names
-------------------------------------------------------------------------
001 #                -> newV1            15
002 _                -> newV2            15
