-------------------------------------------------------------------------
Initial REXX INFILE on 23 Mar 2025 at 10:43:20
-------------------------------------------------------------------------
0001 /*REXX program converts decimal numbers to the Mayan numbering system (with cartouches).*/
0002 parse arg $                                      /*obtain optional arguments from the CL*/
0003 if $=''  then $= 4005  8017  326205  886205,     /*Not specified?  Then use the default.*/
0004 172037122592320200101           /*Morse code for MAYAN; egg is a blank.*/
0005 
0006 do j=1  for words($)                           /*convert each of the numbers specified*/
0007 #= word($, j)                                  /*extract a number from (possible) list*/
0008 say
0009 say  center('converting the decimal number '     #     " to a Mayan number:", 90,  '─')
0010 say
0011 call $MAYAN   #   '(overlap)'                  /*invoke the  $MAYAN (REXX) subroutine.*/
0012 say
0013 end   /*j*/                                    /*stick a fork in it,  we're all done. */
-------------------------------------------------------------------------
Cross Reference Table Solid Variable Names
-------------------------------------------------------------------------
001 j                6
-------------------------------------------------------------------------
Cross Reference Table Bizarre Variable Names
-------------------------------------------------------------------------
001 $                -> newV1            2 3
002 #                -> newV2            7
