-------------------------------------------------------------------------
Initial REXX INFILE on 23 Mar 2025 at 10:43:23
-------------------------------------------------------------------------
0001 /*REXX program finds & displays the next  N  palindromic dates starting after 2020─02─02*/
0002 /*                                                                      ─────           */
0003 parse arg n from .                               /*obtain optional argumets from the CL*/
0004 if    n=='' |    n==","  then    n= 15           /*Not specified?  Then use the default.*/
0005 if from=='' | from==","  then from= '2020-02-02' /* "      "         "   "   "     "    */
0006 #= 0                                             /*the count of palindromic dates so far*/
0007 do j=date('Base', from, "ISO")+1 until #==n /*find palindromic dates 'til  N  found*/
0008 aDate= date('ISO', j, "Base")               /*convert a "base" date to ISO format. */
0009 $= space( translate(aDate, , '-'),  0)      /*elide the dashes  (-)  in this date. */
0010 if $\==reverse($)  then iterate             /*Not palindromic?  Then skip this date*/
0011 say 'a palindromic date: '        aDate     /*display a palindromic date ──► term. */
0012 #= # + 1                                    /*bump the counter of palindromic dates*/
0013 end   /*j*/                                 /*stick a fork in it,  we're all done. */
-------------------------------------------------------------------------
Cross Reference Table Solid Variable Names
-------------------------------------------------------------------------
001 n                3 4
002 from             3 5
003 j                7
004 aDate            8
-------------------------------------------------------------------------
Cross Reference Table Bizarre Variable Names
-------------------------------------------------------------------------
001 #                -> newV1            6 12
002 $                -> newV2            9
