-------------------------------------------------------------------------
Initial REXX INFILE on 23 Mar 2025 at 10:43:32
-------------------------------------------------------------------------
0001 /*REXX program  sums  the squares of the numbers  in a (numeric)  vector of 15 numbers. */
0002 numeric digits 100                               /*allow 100─digit numbers; default is 9*/
0003 v= -100 9 8 7 6 0 3 4 5 2 1 .5 10 11 12          /*define a vector with fifteen numbers.*/
0004 #=words(v)                                       /*obtain number of words in the V list.*/
0005 $= 0                                             /*initialize the  sum  ($)  to zero.   */
0006 do k=1  for #                             /*process each number in the V vector. */
0007 $=$ + word(v,k)**2                        /*add a squared element to the ($) sum.*/
0008 end   /*k*/                               /* [↑]  if vector is empty, then sum=0.*/
0009 /*stick a fork in it,  we're all done. */
0010 say 'The sum of '      #      " squared elements for the  V  vector is: "   $
-------------------------------------------------------------------------
Cross Reference Table Solid Variable Names
-------------------------------------------------------------------------
001 v                3
002 k                6
-------------------------------------------------------------------------
Cross Reference Table Bizarre Variable Names
-------------------------------------------------------------------------
001 #                -> newV1            4
002 $                -> newV2            5 7
