-------------------------------------------------------------------------
Initial REXX INFILE on 23 Mar 2025 at 10:43:35
-------------------------------------------------------------------------
0001 /*REXX program that displays a  "REXX"  3D  "ASCII art"  as a  logo.  */
0002 signal .                  /* Uses left-hand shadows, slightly raised view.
0003 0=5~2?A?2?A?
0004 @)E)3@)B)1)2)8()2)1)2)8()2)
0005 @]~")2@]0`)0@)%)6{)%)0@)%)6{)%)
0006 #E)1#A@0}2)4;2(1}2)4;2(
0007 #3??3@0#2??@1}2)2;2(3}2)2;2(
0008 #2@5@)@2@0#2@A}2)0;2(5}2)0;2(
0009 #2@?"@)@2@0#2@?7}2){2(7}2){2(
0010 #2@6)@2@0#2@3)7}2)(2(9}2)(2(
0011 #2@??@2@0#2@?_)7}5(B}5(
0012 #F@0#8@8}3(D}3(
0013 #3%3?(1#3?_@7;3)C;3)
0014 #2@0}2)5#2@C;5)A;5)
0015 #2@1}2)4#2@B;2()2)8;2()2)
0016 #2@2}2)3#2@?"4;2(}2)6;2(}2)
0017 #2@3}2)2#2@5)2;2(1}2)4;2(1}2)
0018 #2@4}2)1#2@?%)0;2(3}2)2;2(3}2)
0019 0]@2@5}2)1]@A@0)[2(5}2)1)[2(5}2)
0020 1)@%@6}%)1)@`@1V%(7}%)1V%(7}%)
0021 */;.:a=sigL+1;signal ..;..:u='_';do j=a to sigl-1
0022 _=sourceline(j);_=_('(',"/");_=_('[',"//");_=_('{',"///")
0023 _=_(';',"////");_=_(')',"\");_=_(']',"\\");_=_('}',"\\\");_=_('"',"__")
0024 _=_('%',"___");_=_('?',left('',4,u));_=_('`',left('',11,u));_=_('~',left('',
0025 ,13,u));_=_('=',left('',16,u));_=_('#','|\\|');_=translate(_,"|"u,'@"')
0026 do k=0 for 16;x=d2x(k,1);_=_(x,left('',k+1));end;say ' '_;end;exit;_:return,
0027 changestr(arg(1),_,arg(2))
-------------------------------------------------------------------------
Cross Reference Table Solid Variable Names
-------------------------------------------------------------------------
001 j                21
002 k                26
003 x                26
-------------------------------------------------------------------------
Cross Reference Table Bizarre Variable Names
-------------------------------------------------------------------------
001 .                -> newV1.           21 21
002 _                -> newV2            22 22 22 22 23 23 23 23 23 24 24 24 24 25 25 25 26
