-------------------------------------------------------------------------
Initial REXX INFILE on 23 Mar 2025 at 10:43:35
-------------------------------------------------------------------------
0001 /*REXX pgm draws a "3D" image of text representation;  any character except  /  and  \  */
0002 #=7;                       @.1 =  '@@@@                        '
0003 @.2 =  '@   @                       '
0004 @.3 =  '@   @   @@@@  @   @  @   @  '
0005 @.4 =  '@@@@    @      @ @    @ @   '
0006 @.5 =  '@  @    @@@     @      @    '
0007 @.6 =  '@   @   @      @ @    @ @   '
0008 @.7 =  '@    @  @@@@  @   @  @   @  '
0009 do j=1  for #;  x=left(strip(@.j),1)           /* [↓]  display the (above) text lines.*/
0010 $.1 = changestr( " " ,   @.j,   '   '   )       ;      $.2 = $.1
0011 $.1 = changestr(  x  ,   $.1,   '///'   )" "
0012 $.2 = changestr(  x  ,   $.2,   '\\\'   )" "
0013 $.1 = changestr( "/ ",   $.1,   '/\'    )
0014 $.2 = changestr( "\ ",   $.2,   '\/'    )
0015 do k=1  for 2;  say strip(left('',#-j)$.k,"T")   /*the LEFT BIF does indentation.*/
0016 end  /*k*/                                /* [↑]  display a line  and its shadow.*/
0017 end       /*j*/                                /*stick a fork in it,  we're all done. */
-------------------------------------------------------------------------
Cross Reference Table Solid Variable Names
-------------------------------------------------------------------------
001 j                9
002 x                9
003 k                15
-------------------------------------------------------------------------
Cross Reference Table Bizarre Variable Names
-------------------------------------------------------------------------
001 @.               -> newV1.           2 3 4 5 6 7 8
002 $.               -> newV2.           10 10 11 12 13 14
003 #                -> newV3            2
