-------------------------------------------------------------------------
Initial REXX INFILE on 23 Mar 2025 at 10:43:21
-------------------------------------------------------------------------
0001 /*REXX program returns the  three middle digits  of a decimal number  (or an error msg).*/
0002 n= '123    12345   1234567    987654321   10001    -10001    -123   -100    100   -12345',
0003 '+123   0123    2     -1    -10    2002     -2002   0   abc   1e3   -17e-3   1234567.',
0004 1237654.00     1234567890123456789012345678901234567890123456789012345678901234567
0005 
0006 do j=1  for words(n);   #=word(n,j)       /* [↓]  format number for pretty output*/
0007 say 'middle 3 digits of'    right(#, max(15, length(#) ) )     "──►"     middle3(#)
0008 end   /*j*/
0009 exit                                             /*stick a fork in it,  we're all done. */
0010 /*──────────────────────────────────────────────────────────────────────────────────────*/
0011 middle3: procedure;  parse arg x;      numeric digits 1e6;           er='    ***error*** '
0012 if  datatype(x,'N')  then x=abs(x)/1;  L=length(x)  /*use abs value; get length*/
0013 if \datatype(x,'W')  then return  er  "argument isn't an integer."
0014 if L<3               then return  er  "argument is less than three digits."
0015 if L//2==0           then return  er  "argument isn't an odd number of digits."
0016 return  substr(x, (L-3)%2+1, 3)
-------------------------------------------------------------------------
Cross Reference Table Solid Variable Names
-------------------------------------------------------------------------
001 x                11 12
002 er               11
003 L                12
-------------------------------------------------------------------------
Cross Reference Table Bizarre Variable Names
-------------------------------------------------------------------------
001 #                -> newV1            6
