-------------------------------------------------------------------------
Initial REXX INFILE on 23 Mar 2025 at 10:43:14
-------------------------------------------------------------------------
0001 /*REXX program  (translated from PL/I)  flattens a list  (the data need not be numeric).*/
0002 list= '[[1], 2, [[3,4], 5], [[[]]], [[[6]]], 7, 8, []]'  /*the list to be flattened.    */
0003 say list                                                 /*display the original list.   */
0004 c= ','                                                  /*define a literal  (1 comma). */
0005 cc= ',,'                                                 /*   "   "    "     (2 commas).*/
0006 list= translate(list, , "[]")                            /*translate brackets to blanks.*/
0007 list= space(list, 0)                                     /*Converts spaces to nulls.    */
0008 do  while index(list, cc) > 0      /*any double commas ?          */
0009 list= changestr(cc, list, c)       /*convert  ,,  to single comma.*/
0010 end   /*while*/
0011 list= strip(list, 'T', c)                                /*strip the last trailing comma*/
0012 list = '['list"]"                                        /*repackage the list.          */
0013 say list                                                 /*display the flattened list.  */
-------------------------------------------------------------------------
Cross Reference Table Solid Variable Names
-------------------------------------------------------------------------
001 list             2 6 7 9 11 12
002 c                4
003 cc               5
-------------------------------------------------------------------------
Cross Reference Table Bizarre Variable Names
-------------------------------------------------------------------------
