-------------------------------------------------------------------------
Initial REXX INFILE on 23 Mar 2025 at 10:43:09
-------------------------------------------------------------------------
0001 /* REXX ***************************************************************
0002 * extend in.csv to add a column containing the sum of the lines' elems
0003 * 21.06.2013 Walter Pachl
0004 **********************************************************************/
0005 csv='in.csv'
0006 Do i=1 By 1 While lines(csv)>0
0007 l=linein(csv)
0008 If i=1 Then
0009 l.i=l',SUM'
0010 Else Do
0011 ol=l
0012 sum=0
0013 Do While l<>''
0014 Parse Var l e ',' l
0015 sum=sum+e
0016 End
0017 l.i=ol','sum
0018 End
0019 End
0020 Call lineout csv
0021 'erase' csv
0022 Do i=1 To i-1
0023 Call lineout csv,l.i
0024 End
-------------------------------------------------------------------------
Cross Reference Table Solid Variable Names
-------------------------------------------------------------------------
001 l                14 14
002 e                14
003 sum              15
004 l.               17
005 i                22
-------------------------------------------------------------------------
Cross Reference Table Bizarre Variable Names
-------------------------------------------------------------------------
