-------------------------------------------------------------------------
Initial REXX INFILE on 23 Mar 2025 at 10:43:23
-------------------------------------------------------------------------
0001 /*REXX program displays (or writes to a file)   Pascal's triangle  (centered/formatted).*/
0002 numeric digits 3000                              /*be able to handle gihugeic triangles.*/
0003 parse arg nn .                                   /*obtain the optional argument from CL.*/
0004 if nn=='' | nn==","  then nn= 10                 /*Not specified?  Then use the default.*/
0005 n= abs(nn)                                       /*N  is the number of rows in triangle.*/
0006 w= length( !(n-1)  %  !(n%2)  %  !(n - 1 - n%2)) /*W:  the width of biggest integer.    */
0007 ww= (n-1) * (W + 1)   +   1                      /*WW:  "    "    " triangle's last row.*/
0008 @.= 1;      $.= @.;          unity= right(1, w)  /*defaults rows & lines; aligned unity.*/
0009 /* [↓]  build rows of Pascals' triangle*/
0010 do    r=1  for n;              rm= r-1   /*Note:  the first column is always  1.*/
0011 do c=2  to rm;              cm= c-1   /*build the rest of the columns in row.*/
0012 @.r.c= @.rm.cm  +  @.rm.c             /*assign value to a specific row & col.*/
0013 $.r  = $.r   right(@.r.c, w)          /*and construct a line for output (row)*/
0014 end   /*c*/                           /* [↑]    C  is the column being built.*/
0015 if r\==1  then $.r= $.r  unity           /*for  rows≥2,  append a trailing  "1".*/
0016 end      /*r*/                           /* [↑]    R  is the  row   being built.*/
0017 /* [↑]  WIDTH: for nicely looking line.*/
0018 do r=1  for n;     $$= center($.r, ww)      /*center this particular Pascals' row. */
0019 if nn>0  then say                       $$  /*SAY    if   NN    is positive,  else */
0020 else call lineout 'PASCALS.'n, $$  /*write this Pascal's row ───►  a file.*/
0021 end   /*r*/
0022 exit                                             /*stick a fork in it,  we're all done. */
0023 /*──────────────────────────────────────────────────────────────────────────────────────*/
0024 !: procedure; !=1;  do j=2  to arg(1); != !*j; end /*j*/;  return !  /*compute factorial*/
-------------------------------------------------------------------------
Cross Reference Table Solid Variable Names
-------------------------------------------------------------------------
001 nn               3 4
002 n                5
003 w                6
004 ww               7
005 unity            8
006 r                10 18
007 rm               10
008 c                11
009 cm               11
010 j                24
-------------------------------------------------------------------------
Cross Reference Table Bizarre Variable Names
-------------------------------------------------------------------------
001 @.               -> newV1.           8 12
002 $.               -> newV2.           8 13 15
003 $$               -> newV3            18
004 !                -> newV4            24 24
