-------------------------------------------------------------------------
Initial REXX INFILE on 23 Mar 2025 at 10:43:17
-------------------------------------------------------------------------
0001 /*count all the protons, electrons, & whatnot in the universe, and then */
0002 /*keep counting.  According to some pundits in-the-know, one version of */
0003 /*the big-bang theory is that the universe will collapse back to where  */
0004 /*it started, and this computer program will be still counting.         */
0005 /*┌────────────────────────────────────────────────────────────────────┐
0006 │ Count all the protons  (and electrons!)  in the universe, and then │
0007 │ keep counting.  According to some pundits in-the-know, one version │
0008 │ of the big-bang theory is that the universe will collapse back to  │
0009 │ where it started, and this computer program will still be counting.│
0010 │                                                                    │
0011 │                                                                    │
0012 │ According to Sir Arthur Eddington in 1938 at his Tamer Lecture at  │
0013 │ Trinity College (Cambridge), he postulated that there are exactly  │
0014 │                                                                    │
0015 │                              136 ∙ 2^256                           │
0016 │                                                                    │
0017 │ protons in the universe and the same number of electrons, which is │
0018 │ equal to around  1.57477e+79.                                      │
0019 │                                                                    │
0020 │ Although, a modern estimate is around  10^80.                      │
0021 │                                                                    │
0022 │                                                                    │
0023 │ One estimate of the age of the universe is  13.7  billion years,   │
0024 │ or  4.32e+17 seconds.    This'll be a piece of cake.               │
0025 └────────────────────────────────────────────────────────────────────┘*/
0026 numeric digits 1000000000       /*just in case the universe slows down. */
0027 
0028 /*this version of a DO loop increments J*/
0029 do j=1                 /*Sir Eddington's number, then a googol.*/
0030 say j                  /*first, destroy some electrons.        */
0031 end
0032 say 42                          /*(see below for explanation of 42.)    */
0033 exit
0034 
0035 /*This REXX program (as it will be limited to the NUMERIC DIGITS above, */
0036 /*will only count up to  1000000000000000000000000000000000000000000... */
0037 /*000000000000000000000000000000000000000000000000000000000000000000000 */
0038 /*  ... for another (almost) one billion more zeroes  (then subtract 1).*/
0039 
0040 /*if we can count  1,000  times faster than the fastest PeeCee, and we  */
0041 /*started at the moment of the big-bang, we'd be at only  1.72e+28,  so */
0042 /*we still have a little ways to go, eh?                                */
0043 
0044 /*To clarify, we'd be  28 zeroes  into a million zeroes.   If PC's get  */
0045 /*1,000  times faster again,  that would be  31  zeroes into a million. */
0046 
0047 /*It only took   Deep Thought  7.5  million years  to come up with the  */
0048 /*answer to everything  (and it double-checked the answer).  It was  42.*/
-------------------------------------------------------------------------
Cross Reference Table Solid Variable Names
-------------------------------------------------------------------------
001 j                29
-------------------------------------------------------------------------
Cross Reference Table Bizarre Variable Names
-------------------------------------------------------------------------
