-------------------------------------------------------------------------
Initial REXX INFILE on 23 Mar 2025 at 10:43:19
-------------------------------------------------------------------------
0001 /*REXX program demonstrates an outer DO loop controlling the inner DO loop with a "FOR".*/
0002 
0003 do j=1  for 5                             /*this is the same as:   do j=1  to 5  */
0004 $=                                        /*initialize the value to a null string*/
0005 do k=1  for j                      /*only loop for a   J   number of times*/
0006 $= $ || '*'                        /*using concatenation  (||)  for build.*/
0007 end   /*k*/
0008 say $                                     /*display character string being built.*/
0009 end          /*j*/                        /*stick a fork in it,  we're all done. */
-------------------------------------------------------------------------
Cross Reference Table Solid Variable Names
-------------------------------------------------------------------------
001 j                3
002 k                5
-------------------------------------------------------------------------
Cross Reference Table Bizarre Variable Names
-------------------------------------------------------------------------
001 $                -> newV1            4 6
