-------------------------------------------------------------------------
Initial REXX INFILE on 23 Mar 2025 at 10:43:26
-------------------------------------------------------------------------
0001 /*REXX program  reads and displays  a file char by char, returning   'EOF'   when done. */
0002 parse arg iFID .                                 /*iFID:     is the fileID to be read.  */
0003 /* [↓]  show the file's contents.      */
0004 if iFID\==''  then do j=1  until  x=='EOF'       /*J  count's the file's characters.    */
0005 x=getchar(iFID);    y=        /*get a character  or  an 'EOF'.       */
0006 if x>>' '   then y=x          /*display   X   if presentable.        */
0007 say  right(j, 12)     'character,  (hex,char)'      c2x(x)      y
0008 end   /*j*/                   /* [↑]  only display  X  if not low hex*/
0009 exit                                             /*stick a fork in it,  we're all done. */
0010 /*──────────────────────────────────────────────────────────────────────────────────────*/
0011 getchar: procedure;  parse arg z;  if chars(z)==0  then return 'EOF';     return charin(z)
-------------------------------------------------------------------------
Cross Reference Table Solid Variable Names
-------------------------------------------------------------------------
001 z                11
-------------------------------------------------------------------------
Cross Reference Table Bizarre Variable Names
-------------------------------------------------------------------------
