-------------------------------------------------------------------------
Initial REXX INFILE on 23 Mar 2025 at 10:43:14
-------------------------------------------------------------------------
0001 sum=0
0002 do j=1  to 1000
0003 if j//3==0 | j//7==0  then iterate
0004 sum=sum+j
0005 end   /*j*/
0006 
0007 /*shows sum of 1k numbers except those divisible by 3 or 7.*/
0008 say 'sum='sum
0009 ...
0010 numeric digits 5000
0011 prod=0
0012 do k=1  to 2000
0013 do m=1  to k
0014 if m>99  then iterate k
0015 prod=prod*m
0016 end   /*m*/
0017 end      /*k*/
0018 say 'prod=' prod
-------------------------------------------------------------------------
Cross Reference Table Solid Variable Names
-------------------------------------------------------------------------
001 sum              1 4
002 j                2
003 prod             11 15
004 k                12
005 m                13
-------------------------------------------------------------------------
Cross Reference Table Bizarre Variable Names
-------------------------------------------------------------------------
