-------------------------------------------------------------------------
Initial REXX INFILE on 23 Mar 2025 at 10:43:14
-------------------------------------------------------------------------
0001 numeric digits 1000                 /*prepare for some gihugeic numbers.*/
0002 ...
0003 n=4
0004 say n'!='  factorial(n)
0005 exit
0006 /*──────────────────────────────────FACTORIAL subroutine────────────────*/
0007 factorial: parse arg x
0008 !=1
0009 do j=2  to x
0010 !=!*j
0011 end   /*j*/
0012 return !
-------------------------------------------------------------------------
Cross Reference Table Solid Variable Names
-------------------------------------------------------------------------
001 x                7
002 j                9
-------------------------------------------------------------------------
Cross Reference Table Bizarre Variable Names
-------------------------------------------------------------------------
001 !                -> newV1            8 10
