-------------------------------------------------------------------------
Initial REXX INFILE on 23 Mar 2025 at 10:43:14
-------------------------------------------------------------------------
0001 do j=1  to 10
0002 say 'j=' j
0003 if j>5  then leave
0004 say 'negative j='  (-j)
0005 end   /*j*/
0006 
0007 say 'end of the DO loop for j.'
0008 
0009 ouch=60
0010 sum=0
0011 do k=0  to 100  by 3
0012 say 'k=' k
0013 do m=1  to k
0014 if m=ouch  then leave k
0015 sum=sum+m
0016 end   /*m*/
0017 end              /*k*/
0018 say 'sum=' sum
-------------------------------------------------------------------------
Cross Reference Table Solid Variable Names
-------------------------------------------------------------------------
001 j                1
002 ouch             9
003 sum              10 15
004 k                11
005 m                13
-------------------------------------------------------------------------
Cross Reference Table Bizarre Variable Names
-------------------------------------------------------------------------
