-------------------------------------------------------------------------
Initial REXX INFILE on 23 Mar 2025 at 10:43:17
-------------------------------------------------------------------------
0001 /*REXX program assigns an integer for a finite list of arbitrary non-negative integers. */
0002 parse arg $                                      /*obtain optional argument  (int list).*/
0003 if $='' | $=","  then $=3 14 159 265358979323846 /*Not specified?  Then use the default.*/
0004 /* [↑]  kinda use decimal digits of pi.*/
0005 $= translate( space($),   ',',   " ")            /*use a  commatized  list of integers. */
0006 numeric digits max(9, 2 * length($) )            /*ensure enough dec. digits to handle $*/
0007 
0008 say 'original list='   $        /*display the original list of integers*/
0009 N=   rank($);    say '  map integer='   N        /*generate and display the map integer.*/
0010 O= unrank(N);    say '       unrank='   O        /*generate original integer and display*/
0011 exit                                             /*stick a fork in it,  we're all done. */
0012 /*──────────────────────────────────────────────────────────────────────────────────────*/
0013 rank:    return    x2d( translate( space( arg(1) ),  'c',  ",") )
0014 unrank:  return  space( translate(   d2x( arg(1) ),  ',',  "C") )
-------------------------------------------------------------------------
Cross Reference Table Solid Variable Names
-------------------------------------------------------------------------
001 N                9
002 O                10
-------------------------------------------------------------------------
Cross Reference Table Bizarre Variable Names
-------------------------------------------------------------------------
001 $                -> newV1            2 3 5
