-------------------------------------------------------------------------
Initial REXX INFILE on 23 Mar 2025 at 10:43:11
-------------------------------------------------------------------------
0001 /*REXX pgm checks to see if a directory is empty; if not, lists entries.*/
0002 parse arg xdir;  if xdir='' then xdir='\someDir' /*Any DIR? Use default.*/
0003 @.=0                                   /*default in case ADDRESS fails. */
0004 trace off                              /*suppress REXX err msg for fails*/
0005 address system 'DIR' xdir '/b' with output stem @.  /*issue the DIR cmd.*/
0006 if rc\==0  then do                                  /*an error happened?*/
0007 say '***error!*** from DIR' xDIR    /*indicate que pasa.*/
0008 say 'return code='  rc              /*show the ret Code.*/
0009 exit rc                             /*exit with the  RC.*/
0010 end                                 /* [↑]  bad address.*/
0011 #=@.rc                                              /*number of entries.*/
0012 if #==0  then #='   no   '                          /*use a word, ¬zero.*/
0013 say center('directory ' xdir " has "     #     ' entries.',79,'─')
0014 exit @.0+rc                            /*stick a fork in it, we're done.*/
-------------------------------------------------------------------------
Cross Reference Table Solid Variable Names
-------------------------------------------------------------------------
001 xdir             2 2
-------------------------------------------------------------------------
Cross Reference Table Bizarre Variable Names
-------------------------------------------------------------------------
001 @.               -> newV1.           3
002 #                -> newV2            11 12
