-------------------------------------------------------------------------
Initial REXX INFILE on 23 Mar 2025 at 10:43:10
-------------------------------------------------------------------------
0001 /*REXX program  calculates and displays the  digital root  and  additive persistence.   */
0002 say 'digital   additive'                         /*display the  1st  line of the header.*/
0003 say "  root  persistence" center('number',77)    /*   "     "   2nd    "   "  "     "   */
0004 say "═══════ ═══════════"   left('', 77, "═")    /*   "     "   3rd    "   "  "     "   */
0005 say digRoot(       627615)
0006 say digRoot(        39390)
0007 say digRoot(       588225)
0008 say digRoot( 393900588225)
0009 say digRoot(89999999999999999999999999999999999999999999999999999999999999999999999999999)
0010 say "═══════ ═══════════"   left('', 77, "═")    /*display the  foot separator.         */
0011 exit 0                                           /*stick a fork in it,  we're all done. */
0012 /*──────────────────────────────────────────────────────────────────────────────────────*/
0013 digRoot: procedure;  parse arg x 1 ox;     L=length(x) /*get a number and another copy. */
0014 do pers=1  until L==1;  $= 0                /*keep summing 'til digRoot≡1 dig*/
0015 do j=1  for L;     ?= substr(x, j, 1)  /*add each digit in the dec. num.*/
0016 if datatype(?, 'W')  then $= $ + ?     /*add a dec. dig to digital root.*/
0017 end   /*j*/
0018 x= $;                           L=length(x) /*a new #, it may be multi─digit.*/
0019 end        /*pers*/
0020 return center(x,7)   center(pers,11)  ox      /*return a nicely formatted line.*/
-------------------------------------------------------------------------
Cross Reference Table Solid Variable Names
-------------------------------------------------------------------------
001 x                13 18
002 ox               13
003 L                13 18
004 pers             14
005 j                15
-------------------------------------------------------------------------
Cross Reference Table Bizarre Variable Names
-------------------------------------------------------------------------
001 $                -> newV1            14 16
002 ?                -> newV2            15
