-------------------------------------------------------------------------
Initial REXX INFILE on 23 Mar 2025 at 10:43:16
-------------------------------------------------------------------------
0001 /*REXX program finds the first  A  Niven numbers;  it also finds first Niven number > B.*/
0002 parse arg A B .                                  /*obtain optional arguments from the CL*/
0003 if A=='' | A==','  then A=   20                  /*Not specified?  Then use the default.*/
0004 if B=='' | B==','  then B= 1000                  /* "      "         "   "    "     "   */
0005 numeric digits 1+max(8, length(A), length(B))    /*enable the use of any sized numbers. */
0006 #= 0;      $=                                    /*set Niven numbers count;  Niven list.*/
0007 do j=1  until  #==A      /*◄───── let's go Niven number hunting.*/
0008 if isNiven(j)  then do;   #= #+1;   $= $ j;   end
0009 end   /*j*/              /* [↑]   bump count; append J ──► list.*/
0010 say 'first'   A   'Niven numbers:'   $           /*display list of Niven numbers──►term.*/
0011 
0012 do t=B+1  until  isNiven(t)   /*hunt for a Niven (or Harshad) number.*/
0013 end   /*t*/
0014 say 'first Niven number >'   B    " is: "     t  /*display 1st Niven number >   B.      */
0015 exit                                             /*stick a fork in it,  we're all done. */
0016 /*──────────────────────────────────────────────────────────────────────────────────────*/
0017 isNiven: parse arg x 1 s 2 q; do k=1 for length(q); s=s+substr(q,k,1); end; return x//s==0
-------------------------------------------------------------------------
Cross Reference Table Solid Variable Names
-------------------------------------------------------------------------
001 x                17
002 s                17 17
003 q                17
004 k                17
-------------------------------------------------------------------------
Cross Reference Table Bizarre Variable Names
-------------------------------------------------------------------------
001 #                -> newV1            6 8
002 $                -> newV2            6 8
