-------------------------------------------------------------------------
Initial REXX INFILE on 23 Mar 2025 at 10:43:21
-------------------------------------------------------------------------
0001 Do n=0 To 10000
0002 If n=m(n) Then
0003 Say n
0004 End
0005 Exit
0006 m: Parse Arg z
0007 res=0
0008 Do While z>''
0009 Parse Var z c +1 z
0010 res=res+c**c
0011 End
0012 Return res
-------------------------------------------------------------------------
Cross Reference Table Solid Variable Names
-------------------------------------------------------------------------
001 z                9 9
002 c                9
003 res              10
-------------------------------------------------------------------------
Cross Reference Table Bizarre Variable Names
-------------------------------------------------------------------------
