-------------------------------------------------------------------------
Initial REXX INFILE on 23 Mar 2025 at 10:43:22
-------------------------------------------------------------------------
0001 /*REXX program finds and displays Münchhausen numbers from one to a specified number (Z)*/
0002 @.= 0;         do i=1  for 9;  @.i= i**i;  end   /*precompute powers for non-zero digits*/
0003 parse arg z .                                    /*obtain optional argument from the CL.*/
0004 if z=='' | z==","  then z= 5000                  /*Not specified?  Then use the default.*/
0005 @is='is a Münchhausen number.';   do j=1  for z  /* [↓]  traipse through all the numbers*/
0006 if isMunch(j)  then say  right(j, 11)    @is
0007 end   /*j*/
0008 exit                                             /*stick a fork in it,  we're all done. */
0009 /*──────────────────────────────────────────────────────────────────────────────────────*/
0010 isMunch: parse arg a 2 b 3 c 4 d 5 e 6 x 1 ox; $=@.a+@.b+@.c+@.d+@.e /*sum 1st 5 digits.*/
0011 if $>ox  then return 0                                      /*is sum too large?*/
0012 do  while  x\==''  &  $<=ox        /*any more digits ?*/
0013 parse var x _ +1 x;   $= $ + @._   /*sum 6th & up digs*/
0014 end   /*while*/
0015 return $==ox                                                /*it is or it ain't*/
-------------------------------------------------------------------------
Cross Reference Table Solid Variable Names
-------------------------------------------------------------------------
001 x                13 13
-------------------------------------------------------------------------
Cross Reference Table Bizarre Variable Names
-------------------------------------------------------------------------
001 @is              -> newV1            5
002 @.               -> newV2.           2 2
003 $                -> newV3            10 13
004 _                -> newV4            13
