-------------------------------------------------------------------------
Initial REXX INFILE on 23 Mar 2025 at 10:43:21
-------------------------------------------------------------------------
0001 /*REXX program finds and displays Münchhausen numbers from one to a specified number (Z)*/
0002 @.= 0;         do i=1  for 9;  @.i= i**i;  end   /*precompute powers for non-zero digits*/
0003 parse arg z .                                    /*obtain optional argument from the CL.*/
0004 if z=='' | z==","  then z= 5000                  /*Not specified?  Then use the default.*/
0005 @is='is a Münchhausen number.';   do j=1  for z  /* [↓]  traipse through all the numbers*/
0006 if isMunch(j)  then say  right(j, 11)    @is
0007 end   /*j*/
0008 exit                                             /*stick a fork in it,  we're all done. */
0009 /*──────────────────────────────────────────────────────────────────────────────────────*/
0010 isMunch: parse arg x 1 ox;  $= 0;   do  until  x==''  |  $>ox       /*stop if too large.*/
0011 parse var x _ +1 x;  $= $ + @._ /*add the next power*/
0012 end   /*while*/                 /* [↑]  get a digit.*/
0013 return $==ox                                               /*it is or it ain't.*/
-------------------------------------------------------------------------
Cross Reference Table Solid Variable Names
-------------------------------------------------------------------------
001 x                11 11
-------------------------------------------------------------------------
Cross Reference Table Bizarre Variable Names
-------------------------------------------------------------------------
001 @is              -> newV1            5
002 @.               -> newV2.           2 2
003 $                -> newV3            10 11
004 _                -> newV4            11
