-------------------------------------------------------------------------
Initial REXX INFILE on 23 Mar 2025 at 10:43:12
-------------------------------------------------------------------------
0001 /*REXX program demonstrates various ways of multiple exponentiations.   */
0002 /*┌────────────────────────────────────────────────────────────────────┐
0003 │ The REXX language uses      **      for exponentiation.            │
0004 │                   Also,    *  *     can be used.                   │
0005 |    and even                */*power of*/*                          |
0006 └────────────────────────────────────────────────────────────────────┘*/
0007 
0008 say '   5**3**2   ───► '    5**3**2
0009 say '   (5**3)**2 ───► '    (5**3)**2
0010 say '   5**(3**2) ───► '    5**(3**2)
0011 /*stick a fork in it, we're done.*/
-------------------------------------------------------------------------
Cross Reference Table Solid Variable Names
-------------------------------------------------------------------------
-------------------------------------------------------------------------
Cross Reference Table Bizarre Variable Names
-------------------------------------------------------------------------
