-------------------------------------------------------------------------
Initial REXX INFILE on 23 Mar 2025 at 10:43:25
-------------------------------------------------------------------------
0001 /*REXX program tests for  primality by using  (kinda smartish)  trial division.         */
0002 parse arg n .;  if n==''  then n=10000           /*let the user choose the upper limit. */
0003 tell=(n>0);     n=abs(n)                         /*display the primes  only if   N > 0. */
0004 p=0                                              /*a count of the primes found (so far).*/
0005 do j=-57  to n                             /*start in the cellar and work up.     */
0006 if \isPrime(j)  then iterate               /*if not prime,  then keep looking.    */
0007 p=p+1                                      /*bump the jelly bean counter.         */
0008 if tell  then say right(j,20) 'is prime.'  /*maybe display prime to the terminal. */
0009 end   /*j*/
0010 say
0011 say  "There are "      p       " primes up to "        n        ' (inclusive).'
0012 exit                                             /*stick a fork in it,  we're all done. */
0013 /*──────────────────────────────────────────────────────────────────────────────────────*/
0014 isPrime: procedure;    parse arg x                       /*get the number to be tested. */
0015 if wordpos(x, '2 3 5 7')\==0  then return 1     /*is number a teacher's pet?   */
0016 if x<2 | x//2==0 | x//3==0    then return 0     /*weed out the riff-raff.      */
0017 do k=5  by  6  until k*k>x                   /*skips odd multiples of  3.   */
0018 if x//k==0 | x//(k+2)==0   then return 0     /*a pair of divides.      ___  */
0019 end   /*k*/                                  /*divide up through the  √ x   */
0020 /*Note:  //   is  ÷  remainder.*/
0021 return 1                                        /*done dividing, it's prime.   */
-------------------------------------------------------------------------
Cross Reference Table Solid Variable Names
-------------------------------------------------------------------------
001 x                14
002 k                17
-------------------------------------------------------------------------
Cross Reference Table Bizarre Variable Names
-------------------------------------------------------------------------
