-------------------------------------------------------------------------
Initial REXX INFILE on 23 Mar 2025 at 10:43:09
-------------------------------------------------------------------------
0001 /* REXX ---------------------------------------------------------------
0002 * 13.02.2014 Walter Pachl
0003 * specify the number as xxx.yyy(pqr) pqr is the period
0004 *        for the number xxx.yyypqrpqrpqrpqrpqr...
0005 *--------------------------------------------------------------------*/
0006 Numeric Digits 100
0007 Call test '5.55555','111111/20000'
0008 Call test '3','3'
0009 Call test '0.03','3/100'
0010 Call test '0.9(054)','67/74'
0011 Call test '0.(3)','1/3'
0012 Call test '5.28(571428)','37/7'
0013 Call test '5.28(571428)','38/7 (demonstrate error case)'
0014 Call test '0.(518)','14/27'
0015 Call test '0.75'        ,'3/4'
0016 Call test '0.(142857)','1/7'
0017 Call test '0.1(428571)','1/7'
0018 Call test '35.000','35'
0019 Call test '35.001','35001/1000'
0020 Call test '0.00000000001','1/100000000000'
0021 Call test '0.000001000001','1000001/1000000000000'
0022 Exit
0023 test:
0024 Parse Arg z, soll
0025 zin=z
0026 If pos('(',z)=0 Then Do
0027 Parse Var z i '.' f
0028 z=i||f
0029 n=10**length(f)
0030 End
0031 Else Do
0032 lp=pos('(',z)-3
0033 rp=pos(')',z)-4
0034 x=space(translate(z,'  ','()'),0)
0035 z1=x*10**lp
0036 Parse Var z1 z1 '.'
0037 z2=x*10**rp
0038 z=z2-z1
0039 n=10**rp-10**lp
0040 End
0041 dd=gcd(z,n)
0042 zz=z/dd
0043 nn=n/dd
0044 If nn=1 Then
0045 fract=zz
0046 Else
0047 fract=zz'/'nn
0048 If fract==soll Then
0049 tag='ok'
0050 Else
0051 tag='should be' soll
0052 say zin '=' fract tag
0053 Return
0054 
0055 GCD: procedure
0056 /**********************************************************************
0057 * Recursive procedure
0058 **********************************************************************/
0059 Parse Arg a,b
0060 if b = 0 then return abs(a)
0061 return GCD(b,a//b)
-------------------------------------------------------------------------
Cross Reference Table Solid Variable Names
-------------------------------------------------------------------------
001 a                59
002 b                59
-------------------------------------------------------------------------
Cross Reference Table Bizarre Variable Names
-------------------------------------------------------------------------
