-------------------------------------------------------------------------
Initial REXX INFILE on 23 Mar 2025 at 10:43:19
-------------------------------------------------------------------------
0001 /*REXX program displays a vertical list of Pythagorean triples up to a specified number.*/
0002 parse arg n .                                    /*obtain optional argument from the CL.*/
0003 if n=='' | n==","  then n= 100                   /*Not specified?  Then use the default.*/
0004 say  'Pythagorean triples  (a² + b² = c²,   c ≤'  n"):"     /*display the list's title. */
0005 $=                                               /*assign a  null  to the triples list. */
0006 do     a=1   for n-2;  aa=a*a
0007 do   b=a+1  to n-1;  ab=aa + b*b
0008 do c=b+1  to n  ;  cc= c*c
0009 if ab<cc   then leave            /*Too small?   Then try the next  B.   */
0010 if ab==cc  then do;  $=$  '{'a","   ||   b','c"}";  leave;  end
0011 end   /*c*/
0012 end     /*b*/
0013 end       /*a*/
0014 #= words($);                       sat
0015 do j=1  for #
0016 say  left('', 20)      word($, j)    /*display  a  member  of the list,     */
0017 end       /*j*/                      /* [↑]   list the members vertically.  */
0018 say
0019 say #  ' members listed.'                        /*stick a fork in it,  we're all done. */
-------------------------------------------------------------------------
Cross Reference Table Solid Variable Names
-------------------------------------------------------------------------
001 n                2 3
002 a                6
003 aa               6
004 b                7
005 ab               7
006 c                8
007 cc               8
008 j                15
-------------------------------------------------------------------------
Cross Reference Table Bizarre Variable Names
-------------------------------------------------------------------------
001 $                -> newV1            5 10
002 #                -> newV2            14
