-------------------------------------------------------------------------
Initial REXX INFILE on 23 Mar 2025 at 10:43:08
-------------------------------------------------------------------------
0001 pr. =                             /*define a default for all elements for the array*/
0002 
0003 pr.1  = 2                         /*note that this array starts at   1   (one).    */
0004 pr.2  = 3
0005 pr.3  = 5
0006 pr.4  = 7
0007 pr.5  = 11
0008 pr.6  = 13
0009 pr.7  = 17
0010 pr.8  = 19
0011 pr.9  = 23
0012 pr.10 = 29
0013 pr.11 = 31
0014 pr.12 = 37
0015 pr.13 = 41
0016 pr.14 = 43
0017 pr.15 = 47
0018 
0019 y.     =     0                    /*define a default for all years  (Y)  to be zero*/
0020 y.1985 =  6020
0021 y.1986 =  7791
0022 y.1987 =  8244
0023 y.1988 = 10075
0024 
0025 x = y.2012                        /*the variable  X  will have a value of zero (0).*/
0026 
0027 fib.0 =  0                        /*this stemmed arrays will start with  zero (0). */
0028 fib.1 =  1
0029 fib.2 =  1
0030 fib.3 =  2
0031 fib.4 =  3
0032 fib.5 =  5
0033 fib.6 =  8
0034 fib.7 = 17
0035 
0036 do n=-5  to 5                  /*define a stemmed array from   -5    to    5    */
0037 sawtooth.n = n                 /*the  sawtooth  array is, well, a sawtooth curve*/
0038 end   /*n*/                    /*note that  eleven  elements will be defined.   */
-------------------------------------------------------------------------
Cross Reference Table Solid Variable Names
-------------------------------------------------------------------------
001 pr.              1 3 4 5 6 7 8 9 10 11 12 13 14 15 16 17
002 y.               19 20 21 22 23
003 x                25
004 fib.             27 28 29 30 31 32 33 34
005 n                36
006 sawtooth.        37
-------------------------------------------------------------------------
Cross Reference Table Bizarre Variable Names
-------------------------------------------------------------------------
