-------------------------------------------------------------------------
Initial REXX INFILE on 23 Mar 2025 at 10:43:32
-------------------------------------------------------------------------
0001 /* REXX **************************************************************
0002 * 04.12.2012 Walter Pachl
0003 **********************************************************************/
0004 digits='0123456789ABCDEF'
0005 Do i=1 To length(digits)
0006 d=substr(digits,i,1)
0007 value.d=i-1
0008 End
0009 Call test '1'
0010 Call test '1234'
0011 Call test 'FE'
0012 Call test 'F0E'
0013 Exit
0014 test:
0015 Parse Arg number
0016 res=right(number,4)
0017 dsum=0
0018 Do While number<>''
0019 Parse Var number d +1 number
0020 dsum=dsum+value.d
0021 End
0022 Say res '->' right(dsum,2)
0023 Return
-------------------------------------------------------------------------
Cross Reference Table Solid Variable Names
-------------------------------------------------------------------------
001 number           19 19
002 d                19
003 dsum             20
-------------------------------------------------------------------------
Cross Reference Table Bizarre Variable Names
-------------------------------------------------------------------------
