-------------------------------------------------------------------------
Initial REXX INFILE on 23 Mar 2025 at 10:43:07
-------------------------------------------------------------------------
0001 /*REXX pgm encodes/decodes/displays ASCII character strings as  (7─bits)  binary string.*/
0002 parse arg $;        if $==''  then $= 'STRING'   /*get optional argument; Use default ? */
0003 say '   input string=' $                         /*display the input string to terminal.*/
0004 out= comp($);       say ' encoded string='  out  /*encode─► 7─bit binary string; display*/
0005 ori= dcomp(out);    say ' decoded string='  ori  /*decode─► 8─bit char      "  ;    "   */
0006 exit                                             /*stick a fork in it,  we're all done. */
0007 /*──────────────────────────────────────────────────────────────────────────────────────*/
0008 comp:  parse arg x; z=;   do j=1  for length(x)  /*convert─►right-justified 7-bit binary*/
0009 z= z || right( x2b( c2x( substr(x, j, 1) )), 7)
0010 end   /*j*/;     L= length(z);  return left(z, L+(8-L//8)//8, 0)
0011 /*──────────────────────────────────────────────────────────────────────────────────────*/
0012 dcomp: parse arg x; z=;   do k=1  by 7  to length(x);        _= substr(x, k, 7)
0013 if right(_, 1)==' '  then leave;   z= z || x2c( b2x(0 || _) )
0014 end   /*k*/;     return z
-------------------------------------------------------------------------
Cross Reference Table Solid Variable Names
-------------------------------------------------------------------------
001 x                12
002 z                12 13
003 k                12
-------------------------------------------------------------------------
Cross Reference Table Bizarre Variable Names
-------------------------------------------------------------------------
001 $                -> newV1            2 2
002 _                -> newV2            12
