-------------------------------------------------------------------------
Initial REXX INFILE on 23 Mar 2025 at 10:43:33
-------------------------------------------------------------------------
0001 /*REXX pgm generates & displays the Thue─Morse sequence up to the Nth term (inclusive). */
0002 parse arg N .                                    /*obtain the optional argument from CL.*/
0003 if N=='' | N==","  then N= 6                     /*Not specified?  Then use the default.*/
0004 $= 0                                             /*the Thue─Morse sequence  (so far).   */
0005 do j=1  for N                           /*generate sequence up to the Nth item.*/
0006 $= $ || translate($, 10, 01)            /*append $'s  complement to  $  string.*/
0007 end   /*j*/
0008 say $                                            /*stick a fork in it,  we're all done. */
-------------------------------------------------------------------------
Cross Reference Table Solid Variable Names
-------------------------------------------------------------------------
001 N                2 3
002 j                5
-------------------------------------------------------------------------
Cross Reference Table Bizarre Variable Names
-------------------------------------------------------------------------
001 $                -> newV1            4 6
