-------------------------------------------------------------------------
Initial REXX INFILE on 23 Mar 2025 at 10:43:13
-------------------------------------------------------------------------
0001 /*REXX pgm calculates the (Mitchell) Feigenbaum bifurcation velocity, #digs can be given*/
0002 parse arg digs maxi maxj .                       /*obtain optional argument from the CL.*/
0003 if digs=='' | digs==","  then digs= 30           /*Not specified?  Then use the default.*/
0004 if maxi=='' | maxi==","  then maxi= 20           /* "      "         "   "   "     "    */
0005 if maxJ=='' | maxJ==","  then maxJ= 10           /* "      "         "   "   "     "    */
0006 #= 4.669201609102990671853203820466201617258185577475768632745651343004134330211314737138,
0007 || 68974402394801381716    /*◄──Feigenbaum's constant, true value.*/
0008 numeric digits digs                              /*use the specified # of decimal digits*/
0009 a1=  1
0010 a2=  0
0011 d1=  3.2
0012 say 'Using '    maxJ      " iterations for  maxJ,  with "      digs     ' decimal digits:'
0013 say
0014 say copies(' ', 9)             center("correct", 11)              copies(' ', digs+1)
0015 say center('i', 9, "─")        center('digits' , 11, "─")         center('d', digs+1, "─")
0016 
0017 do i=2  for maxi-1
0018 a= a1  +  (a1 - a2) / d1
0019 do maxJ
0020 x= 0;   y= 0
0021 do 2**i;       y= 1  -  2 * x * y
0022 x= a  -  x*x
0023 end   /*2**i*/
0024 a= a  -  x / y
0025 end   /*maxj*/
0026 d= (a1 - a2)  /  (a - a1)                    /*compute the delta (D) of the function*/
0027 t= max(0, compare(d, #)  - 2)                /*# true digs so far, ignore dec. point*/
0028 say center(i, 9)     center(t, 11)     d     /*display values for  I & D ──►terminal*/
0029 parse value  d  a1  a    with    d1  a2  a1  /*assign 3 variables with 3 new values.*/
0030 end   /*i*/
0031 /*stick a fork in it,  we're all done. */
0032 say left('', 9 + 1 + 11 + 1 + t )"↑"             /*show position of greatest accuracy.  */
0033 say '         true value= '    # / 1             /*true value of Feigenbaum's constant. */
-------------------------------------------------------------------------
Cross Reference Table Solid Variable Names
-------------------------------------------------------------------------
001 digs             2 3
002 maxi             2 4
003 maxj             2
004 maxJ             5
005 a1               9 29
006 a2               10 29
007 d1               11 29
008 i                17
009 a                18 24
010 x                20 22
011 y                20 21
012 d                26
013 t                27
-------------------------------------------------------------------------
Cross Reference Table Bizarre Variable Names
-------------------------------------------------------------------------
001 #                -> newV1            6
