-------------------------------------------------------------------------
Initial REXX INFILE on 23 Mar 2025 at 10:43:27
-------------------------------------------------------------------------
0001 /*REXX program finds the roots of a specific function:  x^3 - 3*x^2 + 2*x  via bisection*/
0002 parse arg bot top inc .                          /*obtain optional arguments from the CL*/
0003 if bot=='' | bot==","  then bot= -5              /*Not specified?  Then use the default.*/
0004 if top=='' | top==","  then top= +5              /* "       "        "   "   "     "    */
0005 if inc=='' | inc==","  then inc=   .0001         /* "       "        "   "   "     "    */
0006 x= bot - inc                                     /*compute 1st value to start compares. */
0007 z= x * (x * (x-3) + 2)                           /*formula used   ──► x^3 - 3x^2  + 2x  */
0008 != sign(z)                                       /*obtain the sign of the initial value.*/
0009 do x=bot  to top  by  inc             /*traipse through the specified range. */
0010 z= x * (x * (x-3) + 2);    $= sign(z) /*compute new value;  obtain the sign. */
0011 if z=0  then                               say  'found an exact root at'   x/1
0012 else if !\==$  then if !\==0  then say  'passed a root at'         x/1
0013 != $                                  /*use the new sign for the next compare*/
0014 end   /*x*/                           /*dividing by unity normalizes X  [↑]  */
-------------------------------------------------------------------------
Cross Reference Table Solid Variable Names
-------------------------------------------------------------------------
001 bot              2 3
002 top              2 4
003 inc              2 5
004 x                6 9
005 z                7 10
-------------------------------------------------------------------------
Cross Reference Table Bizarre Variable Names
-------------------------------------------------------------------------
001 !                -> newV1            8 13
002 $                -> newV2            10
