-------------------------------------------------------------------------
Initial REXX INFILE on 23 Mar 2025 at 10:43:27
-------------------------------------------------------------------------
0001 /*REXX program finds the roots of a specific function:  x^3 - 3*x^2 + 2*x  via bisection*/
0002 parse arg bot top inc .                          /*obtain optional arguments from the CL*/
0003 if bot=='' | bot==","  then bot= -5              /*Not specified?  Then use the default.*/
0004 if top=='' | top==","  then top= +5              /* "       "        "   "   "     "    */
0005 if inc=='' | inc==","  then inc=   .0001         /* "       "        "   "   "     "    */
0006 z= f(bot - inc)                                  /*compute 1st value to start compares. */
0007 != sign(z)                                       /*obtain the sign of the initial value.*/
0008 do j=bot  to top  by  inc             /*traipse through the specified range. */
0009 z= f(j);              $= sign(z)      /*compute new value;  obtain the sign. */
0010 if z=0  then                               say  'found an exact root at'   j/1
0011 else if !\==$  then if !\==0  then say  'passed a root at'         j/1
0012 != $                                  /*use the new sign for the next compare*/
0013 end   /*j*/                           /*dividing by unity normalizes J  [↑]  */
0014 exit                                             /*stick a fork in it,  we're all done. */
0015 /*──────────────────────────────────────────────────────────────────────────────────────*/
0016 f:  parse arg x;     return x * (x * (x-3) +2)   /*formula used   ──► x^3 - 3x^2  + 2x  */
0017 /*with factoring ──► x{ x^2 -3x  + 2 } */
0018 /*more     "     ──► x{ x( x-3 ) + 2 } */
-------------------------------------------------------------------------
Cross Reference Table Solid Variable Names
-------------------------------------------------------------------------
001 x                16
-------------------------------------------------------------------------
Cross Reference Table Bizarre Variable Names
-------------------------------------------------------------------------
001 !                -> newV1            7 12
002 $                -> newV2            9
