-------------------------------------------------------------------------
Initial REXX INFILE on 23 Mar 2025 at 10:43:13
-------------------------------------------------------------------------
0001 /*REXX program reads a (bio-informational) FASTA file and displays the contents. */
0002 Parse Arg iFID .                          /*iFID:  the input file to be read.    */
0003 If iFID==''  Then iFID='FASTA2.IN'        /*Not specified?  Then use the default.*/
0004 name=''                                   /*the name of an output file (so far). */
0005 data=''
0006 /*the value of the output file's stuff.*/
0007 Do While lines(iFID)\==0                  /*process the  FASTA  file contents.   */
0008 x=strip(linein(iFID),'T')               /*read a line (a record) from the file,*/
0009 /*--------- and strip trailing blanks. */
0010 Select
0011 When x=='' Then                       /* If the line is all blank,           */
0012 Nop                                 /* ignore it.                          */
0013 When left(x,1)==';' Then Do
0014 If name=='' Then name=substr(x,2)
0015 Say x
0016 End
0017 When left(x,1)=='>'  Then Do
0018 If data\=='' Then
0019 Say name':' data
0020 name=substr(x,2)
0021 data=''
0022 End
0023 Otherwise
0024 data=space(data||translate(x, ,'*'),0)
0025 End
0026 End
0027 If data\=='' Then
0028 Say name':'  data                       /* [?]  show output of last file used. */
-------------------------------------------------------------------------
Cross Reference Table Solid Variable Names
-------------------------------------------------------------------------
001 name             4 14 20
002 data             5 21 24
003 While            7
004 x                8
-------------------------------------------------------------------------
Cross Reference Table Bizarre Variable Names
-------------------------------------------------------------------------
