-------------------------------------------------------------------------
Initial REXX INFILE on 23 Mar 2025 at 10:43:15
-------------------------------------------------------------------------
0001 gcd: procedure
0002 x=abs(arg(1))
0003 do j=2 to arg()
0004 y=abs(arg(j))
0005 If y<>0 Then Do
0006 do until z==0
0007 z=x//y
0008 x=y
0009 y=z
0010 end
0011 end
0012 end
0013 return x
-------------------------------------------------------------------------
Cross Reference Table Solid Variable Names
-------------------------------------------------------------------------
001 x                2 8
002 j                3
003 y                4 9
004 until            6
005 z                7
-------------------------------------------------------------------------
Cross Reference Table Bizarre Variable Names
-------------------------------------------------------------------------
