-------------------------------------------------------------------------
Initial REXX INFILE on 23 Mar 2025 at 10:43:15
-------------------------------------------------------------------------
0001 /*REXX program calculates the  GCD (Greatest Common Divisor)  of any number of integers.*/
0002 numeric digits 2000                              /*handle up to 2k decimal dig integers.*/
0003 call gcd 0 0            ;    call gcd 55 0     ;       call gcd 0    66
0004 call gcd 7,21           ;    call gcd 41,47    ;       call gcd 99 , 51
0005 call gcd 24, -8         ;    call gcd -36, 9   ;       call gcd -54, -6
0006 call gcd 14 0 7         ;    call gcd 14 7 0   ;       call gcd 0  14 7
0007 call gcd 15 10 20 30 55 ;    call gcd 137438691328  2305843008139952128 /*◄──2 perfect#s*/
0008 exit                                             /*stick a fork in it,  we're all done. */
0009 /*──────────────────────────────────────────────────────────────────────────────────────*/
0010 gcd: procedure;  $=;              do i=1 for  arg();  $=$ arg(i);  end       /*arg list.*/
0011 parse var $ x z .;  if x=0  then x=z;   x=abs(x)                        /* 0 case? */
0012 
0013 do j=2  to words($);   y=abs(word($,j));       if y=0  then iterate  /*is zero? */
0014 do until _==0;  _=x//y;  x=y;  y=_;  end /* ◄────────── the heavy lifting.*/
0015 end   /*j*/
0016 
0017 say 'GCD (Greatest Common Divisor) of '   translate(space($),",",' ')   "  is  "   x
0018 return x
-------------------------------------------------------------------------
Cross Reference Table Solid Variable Names
-------------------------------------------------------------------------
001 x                11 11 11 14
002 z                11
003 j                13
004 y                13 14
005 until            14
-------------------------------------------------------------------------
Cross Reference Table Bizarre Variable Names
-------------------------------------------------------------------------
001 $                -> newV1            10 10 11
002 _                -> newV2            14
