-------------------------------------------------------------------------
Initial REXX INFILE on 23 Mar 2025 at 10:43:05
-------------------------------------------------------------------------
0001 /*REXX pgm filters a signal with a order3 lowpass Butterworth, direct form II transposed*/
0002 @a= '1           -2.77555756e-16  3.33333333e-1  -1.85037171e-17'  /*filter coefficients*/
0003 @b=  0.16666667   0.5             0.5             0.16666667       /*  "          "     */
0004 @s= '-0.917843918645  0.141984778794   1.20536903482    0.190286794412  -0.662370894973' ,
0005 '-1.00700480494  -0.404707073677   0.800482325044   0.743500089861   1.01090520172 ' ,
0006 ' 0.741527555207  0.277841675195   0.400833448236  -0.2085993586    -0.172842103641' ,
0007 '-0.134316096293  0.0259303398477  0.490105989562   0.549391221511   0.9047198589  '
0008 $.=0;            N=words(@s);    w=length(n);   numeric digits 24  /* [â†‘]  signal vector*/
0009 do i=1  for N;              #=0           /*process each of the vector elements. */
0010 do j=1  for words(@b); if i-j >= 0  then #= # + word(@b, j) * word(@s, i-j+1);  end
0011 do k=1  for words(@a); _= i -k +1;  if i-k >= 0  then #= # - word(@a, k) * $._; end
0012 $.i= # / word(@a ,1);         call tell
0013 end   /*i*/                                 /* [â†‘]  only show using Â½ the dec. digs*/
0014 exit                                             /*stick a fork in it,  we're all done. */
0015 /*â”€â”€â”€â”€â”€â”€â”€â”€â”€â”€â”€â”€â”€â”€â”€â”€â”€â”€â”€â”€â”€â”€â”€â”€â”€â”€â”€â”€â”€â”€â”€â”€â”€â”€â”€â”€â”€â”€â”€â”€â”€â”€â”€â”€â”€â”€â”€â”€â”€â”€â”€â”€â”€â”€â”€â”€â”€â”€â”€â”€â”€â”€â”€â”€â”€â”€â”€â”€â”€â”€â”€â”€â”€â”€â”€â”€â”€â”€â”€â”€â”€â”€â”€â”€â”€â”€*/
0016 tell: numeric digits digits()%2;  say right(i, w)   " "   left('', $.i>=0)$.i /1;   return
-------------------------------------------------------------------------
Cross Reference Table Solid Variable Names
-------------------------------------------------------------------------
001 N                8
002 w                8
003 i                9
004 j                10
005 k                11
-------------------------------------------------------------------------
Cross Reference Table Bizarre Variable Names
-------------------------------------------------------------------------
001 /*ª ÛbÝ  ïîìù  -> newV1            13
002 @a               -> newV2            2
003 @b               -> newV3            3
004 @s               -> newV4            4
005 $.               -> newV5.           8 12
006 #                -> newV6            9 10 11
007 _                -> newV7            11
