-------------------------------------------------------------------------
Initial REXX INFILE on 23 Mar 2025 at 10:43:05
-------------------------------------------------------------------------
0001 /* REXX */
0002 Numeric Digits 24
0003 acoef = '1.00000000, -2.77555756e-16, 3.33333333e-01, -1.85037171e-17'
0004 bcoef = '0.16666667, 0.5, 0.5, 0.16666667'
0005 signal = '-0.917843918645, 0.141984778794, 1.20536903482, 0.190286794412,',
0006 '-0.662370894973, -1.00700480494, -0.404707073677 ,0.800482325044,',
0007 ' 0.743500089861, 1.01090520172, 0.741527555207, 0.277841675195,',
0008 ' 0.400833448236, -0.2085993586, -0.172842103641, -0.134316096293,',
0009 ' 0.0259303398477, 0.490105989562, 0.549391221511, 0.9047198589'
0010 
0011 Do i=1 By 1 While acoef>'';  Parse Var acoef a.i . ',' acoef;   End; a.0=i-1
0012 Do i=1 By 1 While bcoef>'';  Parse Var bcoef b.i . ',' bcoef;   End; b.0=i-1
0013 Do i=1 By 1 While signal>''; Parse Var signal s.i . ',' signal; End; s.0=i-1
0014 
0015 ret.=0
0016 Do i=1 To s.0
0017 temp=0.0
0018 Do j=1 To b.0
0019 if i-j>=0 Then Do
0020 u=i-j+1
0021 temp=temp+b.j*s.u
0022 End
0023 End
0024 Do j=1 To a.0
0025 if i-j>=0 Then Do
0026 u=i-j+1
0027 temp=temp-a.j*ret.u
0028 End
0029 End
0030 ret.i=temp/a.1
0031 Say format(i,2) format(ret.i,2,12)
0032 End
-------------------------------------------------------------------------
Cross Reference Table Solid Variable Names
-------------------------------------------------------------------------
001 signal           13 13
002 s.               13 13
003 ret.             15 30
004 i                16
005 temp             17 21 27
006 j                18 24
007 u                20 26
-------------------------------------------------------------------------
Cross Reference Table Bizarre Variable Names
-------------------------------------------------------------------------
