-------------------------------------------------------------------------
Initial REXX INFILE on 23 Mar 2025 at 10:43:09
-------------------------------------------------------------------------
0001 /*REXX program lists the prime factors of a specified integer  (or a range of integers).*/
0002 @.=left('', 8);  @.0="{unity} ";  @.1='[prime] ' /*some tags  and  handy-dandy literals.*/
0003 parse arg LO HI @ .                              /*get optional arguments from the C.L. */
0004 if LO=='' | LO==","  then do; LO=1; HI=40;  end  /*Not specified?  Then use the default.*/
0005 if HI=='' | HI==","  then HI= LO                 /* "      "         "   "   "     "    */
0006 if  @==''            then  @= 'x'                /* "      "         "   "   "     "    */
0007 if length(@)\==1  then @= x2c(@)                 /*Not length 1?  Then use hexadecimal. */
0008 tell= (HI>0)                                     /*if  HIGH  is positive, then show #'s.*/
0009 HI= abs(HI)                                      /*use the absolute value for  HIGH.    */
0010 w= length(HI)                                    /*get maximum width for pretty output. */
0011 numeric digits max(9, w + 1)                     /*maybe bump the precision of numbers. */
0012 #= 0                                             /*the number of primes found (so far). */
0013 do n=abs(LO)  to HI;          f= factr(n)   /*process a single number  or  a range.*/
0014 p= words( translate(f, ,@) )  -  (n==1)     /*P:  is the number of prime factors.  */
0015 if p==1  then #= # + 1                      /*bump the primes counter (exclude N=1)*/
0016 if tell  then say right(n, w)  '='  @.p  f  /*display if a prime, plus its factors.*/
0017 end   /*n*/
0018 say
0019 say right(#, w)          ' primes found.'        /*display the number of primes found.  */
0020 exit                                             /*stick a fork in it,  we're all done. */
0021 /*──────────────────────────────────────────────────────────────────────────────────────*/
0022 factr: procedure expose @; parse arg z 1 n,$;  if z<2  then return z   /*is Z too small?*/
0023 do  while z// 2==0;  $= $||@||2 ;   z= z%2 ;   end /*maybe add factor of   2 */
0024 do  while z// 3==0;  $= $||@||3 ;   z= z%3 ;   end /*  "    "     "    "   3 */
0025 do  while z// 5==0;  $= $||@||5 ;   z= z%5 ;   end /*  "    "     "    "   5 */
0026 do  while z// 7==0;  $= $||@||7 ;   z= z%7 ;   end /*  "    "     "    "   7 */
0027 do  while z//11==0;  $= $||@||11;   z= z%11;   end /*  "    "     "    "  11 */
0028 do  while z//13==0;  $= $||@||13;   z= z%13;   end /*  "    "     "    "  13 */
0029 do  while z//17==0;  $= $||@||17;   z= z%17;   end /*  "    "     "    "  17 */
0030 do  while z//19==0;  $= $||@||19;   z= z%19;   end /*  "    "     "    "  19 */
0031 do  while z//23==0;  $= $||@||23;   z= z%23;   end /*  "    "     "    "  23 */
0032 do  while z//29==0;  $= $||@||29;   z= z%29;   end /*  "    "     "    "  29 */
0033 do  while z//31==0;  $= $||@||31;   z= z%31;   end /*  "    "     "    "  31 */
0034 do  while z//37==0;  $= $||@||37;   z= z%37;   end /*  "    "     "    "  37 */
0035 if z>40 then do;    t= z;    q= 1;    r= 0;              do while q<=t;    q= q * 4
0036 end   /*while*/
0037 do while q>1; q=q%4;  _=t-r-q;  r=r%2; if _>=0  then do;  t=_; r=r+q
0038 end
0039 end   /*while*/                    /* [↑]  find integer SQRT(z).  */
0040 /*R:  is the integer SQRT of Z.*/
0041 do j=41  by 6  to  r  while j<=z   /*insure J isn't divisible by 3*/
0042 parse var j  ''  -1  _             /*get last decimal digit of  J.*/
0043 if _\==5  then do  while z//j==0;      $=$||@||j;     z= z%j;    end
0044 if _ ==3  then iterate             /*Next number  ÷  by 5 ?  Skip.*/
0045 y= j + 2                           /*use the next (odd) divisor.  */
0046 do  while z//y==0;      $=$||@||y;     z= z%y;    end
0047 end   /*j*/                        /* [↑]  reduce  Z  by  Y ?     */
0048 end     /*if z>40*/
0049 
0050 if z==1  then return substr($,       1+length(@) )  /*Is residual=1?  Don't add 1*/
0051 return substr($||@||z, 1+length(@) )  /*elide superfluous header.  */
-------------------------------------------------------------------------
Cross Reference Table Solid Variable Names
-------------------------------------------------------------------------
001 j                42
002 while            43 46
003 z                43 46
004 y                45
-------------------------------------------------------------------------
Cross Reference Table Bizarre Variable Names
-------------------------------------------------------------------------
001 @.               -> newV1.           2 2 2
002 @                -> newV2            3 6 7
003 #                -> newV3            12 15
004 $                -> newV4            22 23 24 25 26 27 28 29 30 31 32 33 34 43 46
005 _                -> newV5            37 42
