-------------------------------------------------------------------------
Initial REXX INFILE on 23 Mar 2025 at 10:43:31
-------------------------------------------------------------------------
0001 x='alphaBETA';                    Say '  x='||x
0002 Say 'three ways to uppercase'
0003 u1=translate(x);                  Say '  u1='u1
0004 u2=upper(x);                      Say '  u2='u2
0005 parse upper var x u3;             Say '  u3='u3
0006 
0007 abc ='abcdefghijklmnopqrstuvwxyz'
0008 abcu=translate(abc);              Say 'three ways to lowercase'
0009 l1=translate(x,abc,abcu);         Say '  l1='l1
0010 l2=lower(x);                      Say '  l2='l2
0011 parse lower var x l3;             Say '  l3='l3
-------------------------------------------------------------------------
Cross Reference Table Solid Variable Names
-------------------------------------------------------------------------
001 lower            11
002 x                11
003 l3               11
-------------------------------------------------------------------------
Cross Reference Table Bizarre Variable Names
-------------------------------------------------------------------------
