-------------------------------------------------------------------------
Initial REXX INFILE on 23 Mar 2025 at 10:43:34
-------------------------------------------------------------------------
0001 /*REXX program executes a  Turing machine  based on   initial state,  tape, and rules.  */
0002 state = 'A'                                      /*initialize the  Turing machine state.*/
0003 term  = 'H'                                      /*a state that is used for the  halt.  */
0004 blank =  0                                       /*this character is a  "true"  blank.  */
0005 call Turing_rule  'A 0 1 right B'                /*define a rule for the Turing machine.*/
0006 call Turing_rule  'A 1 1 left  C'                /*   "   "   "   "   "     "      "    */
0007 call Turing_rule  'B 0 1 right C'                /*   "   "   "   "   "     "      "    */
0008 call Turing_rule  'B 1 1 right B'                /*   "   "   "   "   "     "      "    */
0009 call Turing_rule  'C 0 1 right D'                /*   "   "   "   "   "     "      "    */
0010 call Turing_rule  'C 1 0 left  E'                /*   "   "   "   "   "     "      "    */
0011 call Turing_rule  'D 0 1 left  A'                /*   "   "   "   "   "     "      "    */
0012 call Turing_rule  'D 1 1 left  D'                /*   "   "   "   "   "     "      "    */
0013 call Turing_rule  'E 0 1 stay  H'                /*   "   "   "   "   "     "      "    */
0014 call Turing_rule  'E 1 0 left  A'                /*   "   "   "   "   "     "      "    */
0015 call Turing_init                                 /*initialize the tape to some string(s)*/
0016 call TM                                          /*go and invoke the  Turning machine.  */
0017 exit                                             /*stick a fork in it, we're done.*/
0018 /*──────────────────────────────────────────────────────────────────────────────────────*/
0019 TM: ∙∙∙
-------------------------------------------------------------------------
Cross Reference Table Solid Variable Names
-------------------------------------------------------------------------
001 state            2
002 term             3
003 blank            4
-------------------------------------------------------------------------
Cross Reference Table Bizarre Variable Names
-------------------------------------------------------------------------
