-------------------------------------------------------------------------
Initial REXX INFILE on 23 Mar 2025 at 10:43:34
-------------------------------------------------------------------------
0001 /*REXX program converts a   URL─encoded string  ──►  its original unencoded form.       */
0002 url.1='http%3A%2F%2Ffoo%20bar%2F'
0003 url.2='mailto%3A%22Ivan%20Aim%22%20%3Civan%2Eaim%40email%2Ecom%3E'
0004 url.3='%6D%61%69%6C%74%6F%3A%22%49%72%6D%61%20%55%73%65%72%22%20%3C%69%72%6D%61%2E%75%73%65%72%40%6D%61%69%6C%2E%63%6F%6D%3E'
0005 URLs =3
0006 do j=1  for URLs
0007 say url.j
0008 say decodeURL(url.j)
0009 say
0010 end   /*j*/
0011 exit
0012 /*──────────────────────────────────────────────────────────────────────────────────────*/
0013 decodeURL:  procedure;  parse arg encoded;     decoded= ''
0014 
0015 do  while encoded\==''
0016 parse var encoded   head  '%'  +1  code  +2  tail
0017 decoded= decoded || head
0018 L= length( strip( code, 'T') )
0019 select
0020 when L==2 & datatype(code, "X")  then       decoded= decoded || x2c(code)
0021 when L\==0                       then do;   decoded= decoded'%'
0022 tail= code || tail
0023 end
0024 otherwise nop
0025 end    /*select*/
0026 encoded= tail
0027 end   /*while*/
0028 
0029 return decoded
-------------------------------------------------------------------------
Cross Reference Table Solid Variable Names
-------------------------------------------------------------------------
001 encoded          16 26
002 head             16
003 code             16
004 tail             16 22
005 decoded          17 21
006 L                18
-------------------------------------------------------------------------
Cross Reference Table Bizarre Variable Names
-------------------------------------------------------------------------
