-------------------------------------------------------------------------
Initial REXX INFILE on 23 Mar 2025 at 10:43:19
-------------------------------------------------------------------------
0001 /*REXX program demonstrates a    FOREVER   DO  loop  with a test to    LEAVE   (break). */
0002 /*REXX's RANDOM BIF returns an integer.*/
0003 do forever                                   /*perform loop until da cows come home.*/
0004 a=random(19)                                 /*same as:    random(0, 19)            */
0005 call charout , right(a, 5)                   /*show   A   right─justified, column 1.*/
0006 if a==10  then leave                         /*is random #=10?  Then cows came home.*/
0007 b=random(19)                                 /*same as:    random(0, 19)            */
0008 say right(b, 5)                              /*show   B   right─justified, column 2.*/
0009 end   /*forever*/                            /* [↑]  CHAROUT , xxx   writes to term.*/
0010 /*stick a fork in it,  we're all done. */
-------------------------------------------------------------------------
Cross Reference Table Solid Variable Names
-------------------------------------------------------------------------
001 a                4
002 b                7
-------------------------------------------------------------------------
Cross Reference Table Bizarre Variable Names
-------------------------------------------------------------------------
