-------------------------------------------------------------------------
Initial REXX INFILE on 23 Mar 2025 at 10:43:28
-------------------------------------------------------------------------
0001 /*REXX pgm computes and displays a Sierpinski Arrowhead Curve using the characters: \_/ */
0002 parse arg order .                                /*obtain optional argument from the CL.*/
0003 if order=='' | order==","  then order=   5       /*Not specified?  Then use the default.*/
0004 say '  Sierpinski arrowhead curve of order'   order             /*display the   title.  */
0005 say '═════════════════════════════════════════'                 /*   "     "  separator.*/
0006 $= init()                                        /*initialize a bunch of variables.     */
0007 if order//2  then do;  call turn +60;  call curve order, len, -60;  end    /*CURVE odd? */
0008 else                      call curve order, len, +60          /*CURVE even.*/
0009 
0010 do    row=Ly  to Hy;   a=                 /*show arrowhead graph 1 row at a time.*/
0011 do col=Lx  to Hx;   a= a || @.col.row  /*build a row of   "   " col  " "   "  */
0012 end   /*col*/;  say strip(a, 'T')      /*show  "  "   "   "     row  " "   "  */
0013 end      /*row*/
0014 exit 0                                           /*stick a fork in it,  we're all done. */
0015 /*──────────────────────────────────────────────────────────────────────────────────────*/
0016 init:  @.=" "; #=0; len=512; x=len; y=x;Hx=x;Hy=y;Lx=x;Ly=y; return '@. # Hx Hy Lx Ly x y'
0017 turn:  parse arg angle; #= (#+angle)//360;  if #<0  then #= #+360;  return  /*normalize.*/
0018 /*──────────────────────────────────────────────────────────────────────────────────────*/
0019 curve: procedure expose ($);  parse arg order,len,angle  /*$:  list of exposed variables*/
0020 if order==0  then call draw len                   /*Is ORDER zero?  Then draw it.*/
0021 else do;  call curve order-1, len/2, -angle;      call turn angle
0022 call curve order-1, len/2, +angle;      call turn angle
0023 call curve order-1, len/2, -angle
0024 end
0025 return                                    /*The  CURVE  function is recursive.   */
0026 /*──────────────────────────────────────────────────────────────────────────────────────*/
0027 draw:  select                                    /*draw part of the curve using a char. */
0028 when #==  0  then do;    @.x.y= '_';      x= x + 1;                        end
0029 when #== 60  then do;    @.x.y= '/';      x= x + 1;        y= y - 1;       end
0030 when #==120  then do;    x= x - 1;        @.x.y= '\';      y= y - 1;       end
0031 when #==180  then do;    x= x - 1;        @.x.y= '_';                      end
0032 when #==240  then do;    x= x - 1;        y= y + 1;        @.x.y= '/';     end
0033 when #==300  then do;    y= y + 1;        @.x.y= '\';      x= x + 1;       end
0034 end   /*select*/                      /*curve character is based on direction*/
0035 Lx= min(Lx,x);  Hx= max(Hx,x);  Ly= min(Ly,y);  Hy= max(Hy,y)  /*min&max  of  x,y*/
0036 return                                    /*#:  heading in degrees of the curve. */
-------------------------------------------------------------------------
Cross Reference Table Solid Variable Names
-------------------------------------------------------------------------
001 order            19
002 len              19
003 angle            19
004 x                28 29 30 31 32 33
005 y                29 30 32 33
006 Lx               35
007 Hx               35
008 Ly               35
009 Hy               35
-------------------------------------------------------------------------
Cross Reference Table Bizarre Variable Names
-------------------------------------------------------------------------
001 @.               -> newV1.           28 29 30 31 32 33
002 $                -> newV2            6
003 #                -> newV3            16 17 17
