-------------------------------------------------------------------------
Initial REXX INFILE on 23 Mar 2025 at 10:43:33
-------------------------------------------------------------------------
0001 /*REXX program calculates the total area of  (possibly overlapping)  circles.           */
0002 parse arg box dig .                              /*obtain optional argument from the CL.*/
0003 if box=='' | box==','  then box= -500            /*Not specified?  Then use the default.*/
0004 if dig=='' | dig==','  then dig=   12            /* "      "         "   "   "     "    */
0005 verbose= box<0;    box= abs(box);  boxen= box+1  /*set a flag if we're in verbose mode. */
0006 numeric digits dig                               /*have enough decimal digits for points*/
0007 /* ══════x══════ ══════y══════ ═══radius═══     ══════x══════ ══════y══════ ═══radius═══*/
0008 $=' 1.6417233788  1.6121789534 0.0848270516     -1.4944608174  1.2077959613 1.1039549836',
0009 ' 0.6110294452 -0.6907087527 0.9089162485      0.3844862411  0.2923344616 0.2375743054',
0010 '-0.2495892950 -0.3832854473 1.0845181219      1.7813504266  1.6178237031 0.8162655711',
0011 '-0.1985249206 -0.8343333301 0.0538864941     -1.7011985145 -0.1263820964 0.4776976918',
0012 '-0.4319462812  1.4104420482 0.7886291537      0.2178372997 -0.9499557344 0.0357871187',
0013 '-0.6294854565 -1.3078893852 0.7653357688      1.7952608455  0.6281269104 0.2727652452',
0014 ' 1.4168575317  1.0683357171 1.1016025378      1.4637371396  0.9463877418 1.1846214562',
0015 '-0.5263668798  1.7315156631 1.4428514068     -1.2197352481  0.9144146579 1.0727263474',
0016 '-0.1389358881  0.1092805780 0.7350208828      1.5293954595  0.0030278255 1.2472867347',
0017 '-0.5258728625  1.3782633069 1.3495508831     -0.1403562064  0.2437382535 1.3804956588',
0018 ' 0.8055826339 -0.0482092025 0.3327165165     -0.6311979224  0.7184578971 0.2491045282',
0019 ' 1.4685857879 -0.8347049536 1.3670667538     -0.6855727502  1.6465021616 1.0593087096',
0020 ' 0.0152957411  0.0638919221 0.9771215985 '         /*define circles with X, Y, and R.*/
0021 
0022 circles= words($) % 3                                 /*figure out how many circles.    */
0023 if verbose  then say 'There are'  circles  "circles." /*display the number of circles.  */
0024 parse var  $   minX minY . 1 maxX maxY .              /*assign minimum & maximum values.*/
0025 
0026 do j=1  for circles;   _= j * 3   -   2    /*assign some circles with datum. */
0027 @x.j= word($, _);      @y.j=word($, _ + 1)
0028 @r.j=word($, _ + 2) / 1;         @rr.j= @r.j **2
0029 minX= min(minX, @x.j - @r.j);           maxX= max(maxX, @x.j + @r.j)
0030 minY= min(minY, @y.j - @r.j);           maxY= max(maxY, @y.j + @r.j)
0031 end   /*j*/
0032 
0033 do   m=1    for circles                             /*sort the circles by their radii.*/
0034 do n=m+1  to  circles                             /* [↓]  sort by  descending radii.*/
0035 if @r.n>@r.m then parse  value  @x.n @y.n @r.n   @x.m @y.m @r.m  with,
0036 @x.m @y.m @r.m   @x.n @y.n @r.n
0037 end   /*n*/                                       /* [↑]   Is it higher?  Then swap.*/
0038 end     /*m*/
0039 
0040 dx= (maxX-minX) / box;        dy= (maxY-minY) / box   /*compute the  DX  and  DY  values*/
0041 do z=0  for boxen;       rowDY.z= z * dy;         colDX.z= z * dx
0042 end   /*z*/
0043 w= length(circles)                                    /*W:   used for aligning output.  */
0044 #in= 0                                                /*#in ◄───fully contained circles.*/
0045 do     j=1  for circles                        /*traipse through all the circles.*/
0046 do k=1  for circles;   if k==j | @r.j==0   then iterate     /*skip oneself.  */
0047 if  @y.j+@r.j > @y.k+@r.k  |  @x.j-@r.j < @x.k-@r.k |,      /*is J inside K? */
0048 @y.j-@r.j < @y.k-@r.k  |  @x.j+@r.j > @x.k+@r.k   then iterate
0049 if verbose  then say 'Circle ' right(j,w) ' is contained in circle ' right(k,w)
0050 @r.j= 0;             #in= #in + 1          /*elide this circle; and bump #in.*/
0051 end   /*k*/
0052 end       /*j*/                                /* [↑]  elided overlapping circle.*/
0053 
0054 if #in==0   then #in= 'no'                            /*use gooder English.  (humor).   */
0055 if verbose  then do; say; say #in " circles are fully contained within other circles.";end
0056 nC= 0                                                 /*number of  "new"  circles.      */
0057 do n=1  for circles;  if @r.n==0  then iterate /*skip circles with zero radii.   */
0058 nC= nC + 1;     @x.nC= @x.n;      @y.nC= @y.n;      @r.nC= @r.n;    @rr.nC= @r.n**2
0059 end   /*n*/                                    /* [↑]  elide overlapping circles.*/
0060 #= 0                                                  /*count of sample points (so far).*/
0061 do   row=0  for boxen;    y= minY + rowDY.row  /*process each of the grid row.   */
0062 do col=0  for boxen;    x= minX + colDX.col  /*   "      "   "  "    "  column.*/
0063 do k=1  for nC                             /*now process each new circle.    */
0064 if (x - @x.k)**2 + (y - @y.k)**2 <= @rr.k  then  do;   #= # + 1;   leave;   end
0065 end   /*k*/
0066 end     /*col*/
0067 end       /*row*/
0068 say                                                   /*stick a fork in it, we're done. */
0069 say 'Using ' box  " boxes (which have "  box**2  ' points)  and '  dig  " decimal digits,"
0070 say 'the approximate area is: '    # * dx * dy
-------------------------------------------------------------------------
Cross Reference Table Solid Variable Names
-------------------------------------------------------------------------
001 value            35
002 dx               40
003 dy               40
004 z                41
005 rowDY.           41
006 colDX.           41
007 w                43
008 j                45
009 k                46 63
010 nC               56 58
011 n                57
012 row              61
013 y                61
014 col              62
015 x                62
-------------------------------------------------------------------------
Cross Reference Table Bizarre Variable Names
-------------------------------------------------------------------------
001 @rr.             -> newV1.           28 58
002 @x.              -> newV2.           27 35 35 58
003 @y.              -> newV3.           27 35 35 58
004 @r.              -> newV4.           28 35 35 50 58
005 #in              -> newV5            44 50 54
006 $                -> newV6            8 24
007 _                -> newV7            26
008 #                -> newV8            60 64
