-------------------------------------------------------------------------
Initial REXX INFILE on 23 Mar 2025 at 10:43:29
-------------------------------------------------------------------------
0001 PARSE VALUE 0 items.j items.jp WITH done items.jp items.j
-------------------------------------------------------------------------
Cross Reference Table Solid Variable Names
-------------------------------------------------------------------------
001 NORMAL.1         
002 NORMAL.2         
003 NORMAL.3         
004 NORMAL.4         
005 NORMAL.5         
006 NORMAL.6         
007 NORMAL.7         
008 NORMAL.8         
009 NORMAL.9         
010 NORMAL.10        
011 NORMAL.11        
012 NORMAL.12        
013 NORMAL.13        
014 NORMAL.14        
015 NORMAL.15        
016 NORMAL.16        
017 NORMAL.17        
018 NORMAL.18        
019 NORMAL.19        
020 NORMAL.20        
021 NORMAL.21        
022 NORMAL.22        
023 NORMAL.23        
024 NORMAL.24        
025 NORMAL.25        
026 done             1
027 items.           1 1
-------------------------------------------------------------------------
Cross Reference Table Bizarre Variable Names
-------------------------------------------------------------------------
