-------------------------------------------------------------------------
Initial REXX INFILE on 23 Mar 2025 at 10:43:34
-------------------------------------------------------------------------
0001 aa = 10                                /*assigns chars    10  ───►  AA  */
0002 bb = ''                                /*assigns a null value ───►  BB  */
0003 cc = 2*10                              /*assigns chars    20  ───►  CC  */
0004 dd = 'Adam'                            /*assigns chars Adam   ───►  DD  */
0005 ee = "Adam"                            /*same as above        ───►  EE  */
0006 ff = 10.                               /*assigns chars   10.  ───►  FF  */
0007 gg = '10.'                             /*same as above        ───►  GG  */
0008 hh = "+10"                             /*assigns chars  +10   ───►  hh  */
0009 ii = 1e1                               /*assigns chars  1e1   ───►  ii  */
0010 jj = +.1e+2                            /*assigns chars  .1e+2 ───►  jj  */
-------------------------------------------------------------------------
Cross Reference Table Solid Variable Names
-------------------------------------------------------------------------
001 aa               1
002 bb               2
003 cc               3
004 dd               4
005 ee               5
006 ff               6
007 gg               7
008 hh               8
009 ii               9
010 jj               10
-------------------------------------------------------------------------
Cross Reference Table Bizarre Variable Names
-------------------------------------------------------------------------
