-------------------------------------------------------------------------
Initial REXX INFILE on 23 Mar 2025 at 10:43:34
-------------------------------------------------------------------------
0001 var.='something' /* sets all possible compound variables of stem var. */
0002 x='3 '
0003 var.x.x.4='something else'
0004 Do i=1 To 5
0005 a=left(i,2)
0006 Say i var.a.a.4 "(tail is '"a||'.'||a||'.'||'4'"')"
0007 End
-------------------------------------------------------------------------
Cross Reference Table Solid Variable Names
-------------------------------------------------------------------------
001 var.             1 3
002 x                2
003 i                4
004 a                5
-------------------------------------------------------------------------
Cross Reference Table Bizarre Variable Names
-------------------------------------------------------------------------
