-------------------------------------------------------------------------
Initial REXX INFILE on 23 Mar 2025 at 10:43:34
-------------------------------------------------------------------------
0001 kk = '123'x                            /*assigns hex  00000123 ───► KK  */
0002 kk = 'dead beaf'X                      /*assigns hex  deadbeaf ───► KK  */
0003 ll = '0000 0010'b                      /*assigns blank ───► LL  (ASCII) */
0004 mm = '0000 0100'B                      /*assigns blank ───► MM  (EBCDIC)*/
0005 
0006 xxx = '11 2. 333 -5'
0007 parse var xxx   nn oo pp qq rr
0008 /*assigns     11    ───►  NN     */
0009 /*assigns     2.    ───►  OO     */
0010 /*assigns    333    ───►  PP     */
0011 /*assigns     ─5    ───►  QQ     */
0012 /*assigns   "null"  ───►  RR     */
0013 
0014 /*a  "null"  is a string of length zero (0), */
0015 /*and is not to be confused with a null char.*/
0016 
0017 cat = 'A cat is a lion in a jungle of small bushes.'
0018 /*assigns a literal ───►  CAT    */
-------------------------------------------------------------------------
Cross Reference Table Solid Variable Names
-------------------------------------------------------------------------
001 xxx              7
002 nn               7
003 oo               7
004 pp               7
005 qq               7
006 rr               7
007 cat              17
-------------------------------------------------------------------------
Cross Reference Table Bizarre Variable Names
-------------------------------------------------------------------------
