-------------------------------------------------------------------------
Initial REXX INFILE on 23 Mar 2025 at 10:43:34
-------------------------------------------------------------------------
0001 /*REXX pgm generates/displays the   'start ──► end'    elements of the Van Eck sequence.*/
0002 parse arg LO HI $ .                              /*obtain optional arguments from the CL*/
0003 if LO=='' | LO==","  then LO=   1                /*Not specified?  Then use the default.*/
0004 if HI=='' | HI==","  then HI=  10                /* "      "         "   "   "     "    */
0005 if  $=='' |  $==","  then  $=   0                /* "      "         "   "   "     "    */
0006 $$=;               z= $                          /*$$: old seq:  $: initial value of seq*/
0007 do HI-1;      z= wordpos( reverse(z), reverse($$) );          $$= $;          $= $ z
0008 end   /*HI-1*/                              /*REVERSE allows backwards search in $.*/
0009 /*stick a fork in it,  we're all done. */
0010 say 'terms '  LO  " through "  HI  ' of the Van Eck sequence are: '  subword($,LO,HI-LO+1)
-------------------------------------------------------------------------
Cross Reference Table Solid Variable Names
-------------------------------------------------------------------------
001 LO               2 3
002 HI               2 4
003 z                6 7
-------------------------------------------------------------------------
Cross Reference Table Bizarre Variable Names
-------------------------------------------------------------------------
001 $$               -> newV1            6 7
002 $                -> newV2            2 5 7
