-------------------------------------------------------------------------
Initial REXX INFILE on 23 Mar 2025 at 10:43:34
-------------------------------------------------------------------------
0001 /*REXX pgm generates/displays the   'start ──► end'    elements of the Van Eck sequence.*/
0002 parse arg LO HI sta .                            /*obtain optional arguments from the CL*/
0003 if  LO=='' |  LO==","  then  LO=  1              /*Not specified?  Then use the default.*/
0004 if  HI=='' |  HI==","  then  HI= 10              /* "      "         "   "   "     "    */
0005 if sta=='' | sta==","  then sta=  0              /* "      "         "   "   "     "    */
0006 $.0= sta;                    x= sta;      @.=.   /*$.: the  Van Eck  sequence as a list.*/
0007 do #=1 for HI-1                             /*X:  is the last term being examined. */
0008 if @.x==.  then do;   @.x= #;        $.#= 0;             x= 0;   end    /*new term.*/
0009 else do;     z= # - @.x;  $.#= z;   @.x= #;   x= z;   end    /*old term.*/
0010 end   /*#*/                                 /*Z:  the new term being added to list.*/
0011 LOw= LO - 1;     out= $.LOw            /*initialize the output value.         */
0012 do j=LO  to HI-1;     out= out $.j          /*build a list for the output display. */
0013 end   /*j*/                                 /*stick a fork in it,  we're all done. */
0014 say 'terms '     LO     " through "     HI    ' of the Van Eck sequence are: '     out
-------------------------------------------------------------------------
Cross Reference Table Solid Variable Names
-------------------------------------------------------------------------
001 LO               2 3
002 HI               2 4
003 sta              2 5
004 x                6 8 9
005 z                9
006 LOw              11
007 out              11 12
008 j                12
-------------------------------------------------------------------------
Cross Reference Table Bizarre Variable Names
-------------------------------------------------------------------------
001 $.               -> newV1.           6 8 9
002 @.               -> newV2.           6 8 9
003 #                -> newV3            7
