-------------------------------------------------------------------------
Initial REXX INFILE on 23 Mar 2025 at 10:43:19
-------------------------------------------------------------------------
0001 lcm2: procedure
0002 x=abs(arg(1))
0003 do k=2 to arg() While x<>0
0004 y=abs(arg(k))
0005 x=x*y/gcd2(x,y)
0006 end
0007 return x
0008 
0009 gcd2: procedure
0010 x=abs(arg(1))
0011 do j=2 to arg()
0012 y=abs(arg(j))
0013 If y<>0 Then Do
0014 do until z==0
0015 z=x//y
0016 x=y
0017 y=z
0018 end
0019 end
0020 end
0021 return x
-------------------------------------------------------------------------
Cross Reference Table Solid Variable Names
-------------------------------------------------------------------------
001 x                2 5 10 16
002 k                3
003 y                4 12 17
004 j                11
005 until            14
006 z                15
-------------------------------------------------------------------------
Cross Reference Table Bizarre Variable Names
-------------------------------------------------------------------------
