-------------------------------------------------------------------------
Initial REXX INFILE on 23 Mar 2025 at 10:43:07
-------------------------------------------------------------------------
0001 /*REXX pgm finds:  1st N Brazilian #s;  odd Brazilian #s;  prime Brazilian #s;  ZZZth #.*/
0002 parse arg  t.1  t.2  t.3  t.4  .                 /*obtain optional arguments from the CL*/
0003 if t.4=='' | t.4==","  then t.4= 0               /*special test case of Nth Brazilian #.*/
0004 hdr.1= 'first';   hdr.2= "first odd";   hdr.3= 'first prime';   hdr.4=   /*four headers.*/
0005 #p= 0    /*#P:   the number of primes  (so far).*/
0006 do c=1  for 4                                /*process each of the four cases.      */
0007 if t.c=='' | t.c==","  then t.c= 20          /*check if a target is null or a comma.*/
0008 step= 1 + (c==2)                             /*STEP is set to unity or two (for ODD)*/
0009 if t.c==0  then iterate                      /*check to see if this case target ≡ 0.*/
0010 $=;                       #= 0               /*initialize list to null; counter to 0*/
0011 do j=1  by step  until #>= t.c            /*search integers for Brazilian # type.*/
0012 prime= 0                                  /*signify if  J  may not be prime.     */
0013 if c==3  then do                          /*is this a  "case 3"  calculation?    */
0014 if \isPrime(j) then iterate /*(case 3)  Not a prime?  Then skip it.*/
0015 prime= 1                    /*signify if  J  is definately a prime.*/
0016 end                         /* [↓] J≡prime will be used for speedup*/
0017 if \isBraz(j, prime)  then iterate        /*Not  Brazilian number?   "    "    " */
0018 #= # + 1                                  /*bump the counter of Brazilian numbers*/
0019 if c\==4  then $= $  j                    /*for most cases, append J to ($) list.*/
0020 end   /*j*/                               /* [↑] cases 1──►3, $ has leading blank*/
0021 say                                          /* [↓]  use a special header for cases.*/
0022 if c==4  then do;  $= j;  t.c= th(t.c);  end /*for Nth Brazilian number, just use J.*/
0023 say center(' 'hdr.c" "    t.c      " Brazilian number"left('s',  c\==4)" ",  79,  '═')
0024 say strip($)                                 /*display a case result to the terminal*/
0025 end      /*c*/                               /* [↑] cases 1──►3 have a leading blank*/
0026 exit                                             /*stick a fork in it,  we're all done. */
0027 /*──────────────────────────────────────────────────────────────────────────────────────*/
0028 isBraz:  procedure; parse arg x,p;  if x<7      then return 0  /*Is # < seven?  Nope.   */
0029 if x//2==0  then return 1  /*Is # even?     Yup.   _*/
0030 if p  then mx= iSqrt(x)                               /*X prime? Use integer √X*/
0031 else mx= x%3 -1                                 /*X  not known if prime. */
0032 do b=2  for mx                   /*scan for base 2 ──► max*/
0033 if sameDig(x, b)  then return 1  /*it's a Brazilian number*/
0034 end   /*b*/;           return 0  /*not  "     "        "  */
0035 /*──────────────────────────────────────────────────────────────────────────────────────*/
0036 isPrime: procedure expose @. !. #p; parse arg x '' -1 _ /*get 1st arg & last decimal dig*/
0037 if #p==0 then do;  !.=0;  y= 2 3 5 7 11 13 17 19 23 29 31 37 41 43 47 53 59 61 67
0038 do i=1  for words(y);  #p= #p+1; z=word(y,i); @.#p= z; !.z=1; end
0039 end                              /*#P:  is the number of primes. */
0040 if !.x      then return 1;   if x<61  then return 0;  if x//2==0  then return 0
0041 if x//3==0  then return 0;   if _==5  then return 0;  if x//7==0  then return 0
0042 do j=5  until @.j**2>x;                 if x//@.j     ==0  then return 0
0043 if x//(@.j+2) ==0  then return 0
0044 end   /*j*/;   #p= #p + 1;   @.#p= x;   !.x= 1;    return 1  /*it's a prime.*/
0045 /*──────────────────────────────────────────────────────────────────────────────────────*/
0046 iSqrt:   procedure; parse arg x;     q= 1;     r= 0;        do while q<=x;   q= q*4;   end
0047 do while q>1; q=q%4; _=x-r-q; r=r%2; if _>=0 then do;x=_;r=r+q;end;end; return r
0048 /*──────────────────────────────────────────────────────────────────────────────────────*/
0049 sameDig: procedure; parse arg x, b;           f= x // b        /* //  ◄── the remainder.*/
0050 x= x  % b        /*  %  ◄── is integer  ÷ */
0051 do while x>0;  if x//b \==f  then return 0
0052 x= x % b
0053 end   /*while*/;      return 1             /*it has all the same dig*/
0054 /*──────────────────────────────────────────────────────────────────────────────────────*/
0055 th: parse arg th; return th || word('th st nd rd', 1+(th//10)*(th//100%10\==1)*(th//10<4))
-------------------------------------------------------------------------
Cross Reference Table Solid Variable Names
-------------------------------------------------------------------------
001 th               55
-------------------------------------------------------------------------
Cross Reference Table Bizarre Variable Names
-------------------------------------------------------------------------
001 #p               -> newV1            5 38 44
002 !.               -> newV2.           37 38 44
003 @.               -> newV3.           38 44
004 $                -> newV4            10 19 22
005 #                -> newV5            10 18
006 _                -> newV6            36 47
