-------------------------------------------------------------------------
Initial REXX INFILE on 23 Mar 2025 at 10:43:35
-------------------------------------------------------------------------
0001 /* REXX */
0002 list=''
0003 Do i=1 To 6
0004 list=list||'"arg"'i','
0005 End
0006 list=list||'"end"'
0007 Interpret 'call show' list
0008 Exit
0009 show:  procedure
0010 do j=1 for arg()
0011 say  arg(j)
0012 end   /*j*/
0013 return
-------------------------------------------------------------------------
Cross Reference Table Solid Variable Names
-------------------------------------------------------------------------
001 list             2 4 6
002 i                3
003 j                10
-------------------------------------------------------------------------
Cross Reference Table Bizarre Variable Names
-------------------------------------------------------------------------
