-------------------------------------------------------------------------
Initial REXX INFILE on 23 Mar 2025 at 10:43:12
-------------------------------------------------------------------------
0001 /*────────────────── 1,051  decimal digs of  pi. ──────────────────*/
0002 
0003 pi=     3.14159265358979323846264338327950288419716939937510
0004 pi= pi || 58209749445923078164062862089986280348253421170679
0005 pi= pi || 82148086513282306647093844609550582231725359408128
0006 pi= pi || 48111745028410270193852110555964462294895493038196
0007 pi= pi || 44288109756659334461284756482337867831652712019091
0008 pi= pi || 45648566923460348610454326648213393607260249141273
0009 pi= pi || 72458700660631558817488152092096282925409171536436
0010 pi= pi || 78925903600113305305488204665213841469519415116094
0011 pi= pi || 33057270365759591953092186117381932611793105118548
0012 pi= pi || 07446237996274956735188575272489122793818301194912
0013 pi= pi || 98336733624406566430860213949463952247371907021798
0014 pi= pi || 60943702770539217176293176752384674818467669405132
0015 pi= pi || 00056812714526356082778577134275778960917363717872
0016 pi= pi || 14684409012249534301465495853710507922796892589235
0017 pi= pi || 42019956112129021960864034418159813629774771309960
0018 pi= pi || 51870721134999999837297804995105973173281609631859
0019 pi= pi || 50244594553469083026425223082533446850352619311881
0020 pi= pi || 71010003137838752886587533208381420617177669147303
0021 pi= pi || 59825349042875546873115956286388235378759375195778
0022 pi= pi || 18577805321712268066130019278766111959092164201989
0023 pi= pi || 38095257201065485863278865936153381827968230301952
-------------------------------------------------------------------------
Cross Reference Table Solid Variable Names
-------------------------------------------------------------------------
001 pi               3 4 5 6 7 8 9 10 11 12 13 14 15 16 17 18 19 20 21 22 23
-------------------------------------------------------------------------
Cross Reference Table Bizarre Variable Names
-------------------------------------------------------------------------
