-------------------------------------------------------------------------
Initial REXX INFILE on 23 Mar 2025 at 10:43:26
-------------------------------------------------------------------------
0001 /*REXX program generates and displays a randomized Latin square.                        */
0002 parse arg N seed .                               /*obtain the optional argument from CL.*/
0003 if N=='' | N==","  then N= 5                     /*Not specified?  Then use the default.*/
0004 if datatype(seed, 'W')  then call random ,,seed  /*Seed numeric?   Then use it for seed.*/
0005 w= length(N - 1)                                 /*get the length of the largest number.*/
0006 $=                                               /*initialize  $  string to null.       */
0007 do i=0  for N;    $= $ right(i, w, '_') /*build a string of numbers (from zero)*/
0008 end   /*i*/                             /* [↑]  $ string is (so far)  in order.*/
0009 z=                                               /*Z:  will be the 1st row of the square*/
0010 do N;             ?= random(1,words($)) /*gen a random number from the $ string*/
0011 z= z word($, ?);  $= delword($, ?, 1)   /*add the number to string; del from $.*/
0012 end   /*r*/
0013 zz= z||z                                         /*build a double-length string of  Z.  */
0014 do j=1  for N                           /* [↓]  display rows of random Latin sq*/
0015 say translate(subword(zz, j, N), , '_') /*translate leading underbar to blank. */
0016 end   /*j*/                             /*stick a fork in it,  we're all done. */
-------------------------------------------------------------------------
Cross Reference Table Solid Variable Names
-------------------------------------------------------------------------
001 N                2 3
002 seed             2
003 w                5
004 i                7
005 z                9 11
006 zz               13
007 j                14
-------------------------------------------------------------------------
Cross Reference Table Bizarre Variable Names
-------------------------------------------------------------------------
001 $                -> newV1            6 7 11
002 ?                -> newV2            10
