-------------------------------------------------------------------------
Initial REXX INFILE on 23 Mar 2025 at 10:43:04
-------------------------------------------------------------------------
0001 /*REXX program shows one method an   accumulator factory   could be implemented.        */
0002 x=.accumulator(1)                                /*initialize accumulator with a 1 value*/
0003 x=call(5)
0004 x=call(2.3)
0005 say '          X value is now'   x               /*displays the current value of   X.   */
0006 say 'Accumulator value is now'  sum              /*displays the current value of  accum.*/
0007 exit                                             /*stick a fork in it,  we're all done. */
0008 /*──────────────────────────────────────────────────────────────────────────────────────*/
0009 .accumulator:  procedure expose sum;   if symbol('SUM')=="LIT"  then sum=0   /*1st time?*/
0010 sum=sum + arg(1)                                              /*add──►sum*/
0011 return sum
0012 /*──────────────────────────────────────────────────────────────────────────────────────*/
0013 call:  procedure expose sum;  sum=sum+arg(1);    return sum          /*add arg1 ──► sum.*/
-------------------------------------------------------------------------
Cross Reference Table Solid Variable Names
-------------------------------------------------------------------------
001 x                2 3 4
002 sum              9 10 13
-------------------------------------------------------------------------
Cross Reference Table Bizarre Variable Names
-------------------------------------------------------------------------
