-------------------------------------------------------------------------
Initial REXX INFILE on 23 Mar 2025 at 10:43:10
-------------------------------------------------------------------------
0001 /*REXX program displays a sphere with another sphere subtracted where it's superimposed.*/
0002 call deathStar   2,   .5,   v3('-50  30  50')
0003 exit                                             /*stick a fork in it,  we're all done. */
0004 /*──────────────────────────────────────────────────────────────────────────────────────*/
0005 dot:   #=0;  do j=1  for words(x);  #=# + word(x,j)*word(y,j);  end; return #
0006 dot.:  procedure; parse arg x,y; d=dot(x,y); if d<0  then return -d; return 0
0007 ceil:  procedure; parse arg x;   _=trunc(x);                         return _+(x>0)*(x\=_)
0008 floor: procedure; parse arg x;   _=trunc(x);                         return _-(x<0)*(x\=_)
0009 v3:    procedure; parse arg a b c;      #=sqrt(a**2 + b**2 + c**2);  return a/#  b/#  c/#
0010 /*──────────────────────────────────────────────────────────────────────────────────────*/
0011 sqrt:  procedure; parse arg x; if x=0  then return 0;  d=digits();  h= d+6; numeric digits
0012 m.=9; numeric form; parse value format(x,2,1,,0) 'E0' with g 'E' _ .; g=g*.5'e'_%2
0013 do j=0  while h>9;      m.j= h;              h= h % 2 + 1;    end /*j*/
0014 do k=j+5  to 0  by -1;  numeric digits m.k;  g= (g +x/g)* .5; end /*k*/; return g
0015 /*──────────────────────────────────────────────────────────────────────────────────────*/
0016 hitSphere: procedure expose !.; parse arg xx yy zz r,x0,y0;  z= r*r -(x0-xx)**2-(y0-yy)**2
0017 if z<0  then return 0;  _= sqrt(z);  !.z1= zz - _;    !.z2= zz + _;    return 1
0018 /*──────────────────────────────────────────────────────────────────────────────────────*/
0019 deathStar: procedure; parse arg k,ambient,sun    /* [↓]  display the deathstar to screen*/
0020 parse var  sun   s1 s2 s3                        /*identify the light source coördinates*/
0021 if 5=="f5"x  then shading= '.:!*oe&#%@'          /*dithering chars for an EBCDIC machine*/
0022 else shading= '·:!ºoe@░▒▓'          /*    "       "    "   "  ASCII    "   */
0023 shadingL= length(shading)                        /*the number of dithering characters.  */
0024 shades.= ' ';            do i=1  for shadingL;    shades.i= substr(shading, i, 1)
0025 end   /*i*/
0026 ship=  20   20  0 20  ;           parse var  ship    shipX  shipY  shipZ  shipR
0027 hole= ' 1    1 -6 20' ;           parse var  hole    holeX  holeY  holeZ  .
0028 
0029 do   i=floor(shipY-shipR  )  to ceil(shipY+shipR  )+1;    y= i +.5;   @= /*@   is a single line of the deathstar to be displayed.*/
0030 do j=floor(shipX-shipR*2)  to ceil(shipX+shipR*2)+1;    !.= 0
0031 x=.5 * (j-shipX+1) + shipX;       $bg= 0;    $pos= 0;    $neg= 0       /*$BG,  $POS,  and  $NEG  are boolean values.           */
0032 ?= hitSphere(ship, x, y);                    b1= !.z1;   b2= !.z2      /*?  is boolean,  "true"  indicates ray hits the sphere.*/
0033 /*$BG:  if 1, its background;  if zero, it's foreground.*/
0034 if \? then $bg= 1                                                      /*ray lands in blank space, so draw the background.     */
0035 else do; ?= hitSphere(hole, x, y);     s1= !.z1;   s2= !.z2
0036 if \? then $pos= 1                                          /*ray hits ship but not the hole, so draw ship surface. */
0037 else if s1>b1 then $pos=1                             /*ray hits both, but ship front surface is closer.      */
0038 else if s2>b2 then $bg= 1               /*ship surface is inside hole,  so show the background. */
0039 else if s2>b1 then $neg=1 /*hole back surface is inside ship;  the only place ··· */
0040 else $pos=1 /*························ a hole surface will be shown.*/
0041 end
0042 select
0043 when $bg   then do;   @= @' ';    iterate j;     end               /*append a blank character to the line to be displayed. */
0044 when $pos  then vec_= v3(x-shipX  y-shipY  b1-shipZ)
0045 when $neg  then vec_= v3(holeX-x  holeY-y  holeZ-s2)
0046 end    /*select*/
0047 
0048 b=1 +min(shadingL, max(0, trunc((1 - (dot.(sun, v3(vec_))**k + ambient)) * shadingL)))
0049 @=@ || shades.b                                 /*B:  the ray's intensity│brightness*/
0050 end      /*j*/                                  /* [↑]  build a line for the sphere.*/
0051 
0052 if @\=''  then say strip(@, 'T')                  /*strip trailing blanks from line.  */
0053 end        /*i*/                                  /* [↑]  show all lines for sphere.  */
0054 return
-------------------------------------------------------------------------
Cross Reference Table Solid Variable Names
-------------------------------------------------------------------------
001 hole             27
002 holeX            27
003 holeY            27
004 holeZ            27
005 i                29
006 y                29
007 j                30
008 x                31
009 b1               32
010 b2               32
011 s1               35
012 s2               35
013 b                48
-------------------------------------------------------------------------
Cross Reference Table Bizarre Variable Names
-------------------------------------------------------------------------
001 $pos             -> newV1            31 36
002 $neg             -> newV2            31
003 $bg              -> newV3            31 34
004 !.               -> newV4.           17 17 30
005 #                -> newV5            5 9
006 _                -> newV6            7 8 12 17
007 @                -> newV7            29 43 49
008 ?                -> newV8            32 35
