-------------------------------------------------------------------------
Initial REXX INFILE on 23 Mar 2025 at 10:43:31
-------------------------------------------------------------------------
0001 /*REXX program strips all  "control codes"  from a character string  (ASCII or EBCDIC). */
0002 x= 'string of ☺☻♥♦⌂, may include control characters and other    ♫☼§►↔◄░▒▓█┌┴┐±÷²¬└┬┘ilk.'
0003 @=' !"#$%&''()*+,-./0123456789:;<=>?@ABCDEFGHIJKLMNOPQRSTUVWXYZ[\]^_`abcdefghij' || ,
0004 'klmnopqrstuvwxyz{|}~'
0005 $=x                                              /*set "new" string to same as the old. */
0006 do  until _=0;             _=verify($, @)     /*check if  any  character isn't in  @.*/
0007 if _\==0  then $=delstr($, _, 1)              /*Is this a bad char?   Then delete it.*/
0008 end   /*until*/                               /*stick a fork in it,  we're all done. */
0009 
0010 say 'old = »»»' || x || "«««"                    /*add ««fence»» before & after old text*/
0011 say 'new = »»»' || $ || "«««"                    /* "      "        "   "   "   new   " */
-------------------------------------------------------------------------
Cross Reference Table Solid Variable Names
-------------------------------------------------------------------------
001 x                2
002 until            6
-------------------------------------------------------------------------
Cross Reference Table Bizarre Variable Names
-------------------------------------------------------------------------
001 @                -> newV1            3
002 $                -> newV2            5 7
003 _                -> newV3            6
