-------------------------------------------------------------------------
Initial REXX INFILE on 23 Mar 2025 at 10:43:31
-------------------------------------------------------------------------
0001 /*REXX program strips all  "control codes"  from a character string  (ASCII or EBCDIC). */
0002 z= 'string of ☺☻♥♦⌂, may include control characters and other    ♫☼§►↔◄░▒▓█┌┴┐±÷²¬└┬┘ilk.'
0003 @=' !"#$%&''()*+,-./0123456789:;<=>?@ABCDEFGHIJKLMNOPQRSTUVWXYZ[\]^_`abcdefghijklmnopqrstuvwxyz{|}~'
0004 $=
0005 do j=1  for length(z);   _=substr(z, j, 1)    /*get a char from   X   one at a time. */
0006 if verify(_, @)==0  then $=$ || _             /*Is char in the @ list?   Then use it.*/
0007 end   /*j*/                                   /*stick a fork in it,  we're all done. */
0008 
0009 say 'old = »»»'z"«««"                            /*add ««fence»» before & after old text*/
0010 say 'new = »»»'$"«««"                            /* "      "        "   "   "   new   " */
-------------------------------------------------------------------------
Cross Reference Table Solid Variable Names
-------------------------------------------------------------------------
001 z                2
002 j                5
-------------------------------------------------------------------------
Cross Reference Table Bizarre Variable Names
-------------------------------------------------------------------------
001 @                -> newV1            3
002 $                -> newV2            4 6
003 _                -> newV3            5
