-------------------------------------------------------------------------
Initial REXX INFILE on 23 Mar 2025 at 10:43:10
-------------------------------------------------------------------------
0001 /*REXX program finds and displays a number of  cuban  primes  or the  Nth  cuban prime. */
0002 numeric digits 20                                /*ensure enough decimal digits for #s. */
0003 parse arg N .                                    /*obtain optional argument from the CL.*/
0004 if N=='' | N==","  then N= 200                   /*Not specified?  Then use the default.*/
0005 Nth= N<0;               N= abs(N)                /*used for finding the Nth cuban prime.*/
0006 @.=0; @.0=1; @.2=1; @.3=1; @.4=1; @.5=1; @.6=1; @.8=1  /*ending digs that aren't cubans.*/
0007 sw= linesize() - 1;    if sw<1  then sw= 79      /*obtain width of the terminal screen. */
0008 w=12;              #= 1;    $= right(7, w)       /*start with first cuban prime;  count.*/
0009 do j=1  until #=>N;    x= (j+1)**3 - j**3   /*compute a possible cuban prime.      */
0010 parse var x '' -1 _;   if @._  then iterate /*check last digit for non─cuban prime.*/
0011 do k=1  until km*km>x;  km= k*6 + 1  /*cuban primes can't be   ÷   by  6k+1 */
0012 if x//km==0  then iterate j          /*Divisible?   Then not a cuban prime. */
0013 end   /*k*/
0014 #= #+1                                      /*bump the number of cuban primes found*/
0015 if Nth  then do;  if #==N  then do;  say commas(x);  leave j;  end /*display 1 num.*/
0016 else iterate /*j*/                      /*keep searching*/
0017 end                            /* [↑]  try to fit as many #s per line.*/
0018 cx= commas(x);  L= length(cx)               /*insert commas──►X; obtain the length.*/
0019 cx= right(cx, max(w, L) );   new= $  cx     /*right justify  CX; concat to new list*/
0020 if length(new)>sw  then do;  say $;  $= cx  /*line is too long, display #'s so far.*/
0021 end                 /* [↑]  initialize the (new) next line.*/
0022 else              $= new /*start with cuban # that wouldn't fit.*/
0023 end   /*j*/
0024 if \Nth  &  $\==''  then say $ /*check for residual cuban primes in $.*/
0025 exit                                             /*stick a fork in it,  we're all done. */
0026 /*──────────────────────────────────────────────────────────────────────────────────────*/
0027 commas: parse arg _;  do jc=length(_)-3  to 1  by -3; _=insert(',', _, jc); end;  return _
-------------------------------------------------------------------------
Cross Reference Table Solid Variable Names
-------------------------------------------------------------------------
001 jc               27
-------------------------------------------------------------------------
Cross Reference Table Bizarre Variable Names
-------------------------------------------------------------------------
001 @.               -> newV1.           6 6 6 6 6 6 6 6
002 #                -> newV2            8 14
003 $                -> newV3            8 20
004 _                -> newV4            10 27 27
