-------------------------------------------------------------------------
Initial REXX INFILE on 23 Mar 2025 at 10:43:28
-------------------------------------------------------------------------
0001 /* REXX ***************************************************************
0002 * 07.09.2012 Walter Pachl
0003 **********************************************************************/
0004 fid='unixdict.txt'                     /* the test dictionary        */
0005 have.=''                               /* words encountered          */
0006 pi=0                                   /* number of palindromes      */
0007 Do li=1 By 1 While lines(fid)>0        /* as long there is input     */
0008 w=linein(fid)                        /* read a word                */
0009 If w>'' Then Do                      /* not a blank line           */
0010 r=reverse(w)                       /* reverse it                 */
0011 If have.r>'' Then Do               /* was already encountered    */
0012 pi=pi+1                          /* increment number of pal's  */
0013 If pi<=5 Then                    /* the first 5 ale listed     */
0014 Say have.r w
0015 End
0016 have.w=w                           /* remember the word          */
0017 End
0018 End
0019 Say pi 'words in' fid 'have a palindrome' /* total number found      */
-------------------------------------------------------------------------
Cross Reference Table Solid Variable Names
-------------------------------------------------------------------------
001 fid              4
002 have.            5 16
003 pi               6 12
004 li               7
005 w                8
006 r                10
-------------------------------------------------------------------------
Cross Reference Table Bizarre Variable Names
-------------------------------------------------------------------------
