-------------------------------------------------------------------------
Initial REXX INFILE on 23 Mar 2025 at 10:43:23
-------------------------------------------------------------------------
0001 sortStrings:  procedure expose @.                /*the stemmed array is named:    @.    */
0002 col= 1                                           /*set some defaults  (here and below). */
0003 reverse= 'NO'
0004 order= 'LEXICOGRAPHIC'
0005 arg options                                      /*obtain the options  (in uppercase).  */
0006 do j=1  for words(options)        /*examine all the words (options).     */
0007 x= word(options, j)
0008 select
0009 when datatype(x, 'W')  then col= x / 1      /*normalize the number. */
0010 when pos('=', x)==0    then order= x        /*has it an equal sign? */
0011 otherwise                   parse var x nam '=' value   /*get value.*/
0012 end   /*select*/
0013 end        /*j*/
0014 
0015 /*╔═══════════════════════════════════════════════════════════╗
0016 ║ check for errors here:  COL isn't a positive integer ···, ║
0017 ║                         REVERSE value isn't  NO  or  YES, ║
0018 ║                         ORDER   value is recognized ···   ║
0019 ╚═══════════════════════════════════════════════════════════╝*/
0020 
0021 ... main body of string sort here ...
0022 
0023 return                                           /*stick a fork in it,  we're all done. */
-------------------------------------------------------------------------
Cross Reference Table Solid Variable Names
-------------------------------------------------------------------------
001 x                11
002 nam              11
003 value            11
-------------------------------------------------------------------------
Cross Reference Table Bizarre Variable Names
-------------------------------------------------------------------------
