-------------------------------------------------------------------------
Initial REXX INFILE on 23 Mar 2025 at 10:43:19
-------------------------------------------------------------------------
0001 /*REXX program computes/display the left factorial (or its dec. width) of N (or a range)*/
0002 parse arg bot top inc .                          /*obtain optional arguments from the CL*/
0003 if bot=='' | bot==","  then bot=   1             /*Not specified:  Then use the default.*/
0004 if top=='' | top==","  then top= bot             /* "      "         "   "   "     "    */
0005 if inc=''  | inc==","  then inc=   1             /* "      "         "   "   "     "    */
0006 tell=  bot<0                                     /*if BOT < 0,   only show # of digits. */
0007 bot= abs(bot)                                    /*use the  │bot│  for the   DO   loop. */
0008 w= length(top)                                   /*width of the largest number request. */
0009 do j=bot  to top  by inc           /*traipse through the numbers requested*/
0010 if tell  then say 'left ! of '  right(j,w) " ───► " length(L!(j))  ' digits'
0011 else say 'left ! of '  right(j,w) " ───► "        L!(j)
0012 end   /*j*/                        /* [↑]  show either  L!  or # of digits*/
0013 exit 0                                           /*stick a fork in it,  we're all done. */
0014 /*──────────────────────────────────────────────────────────────────────────────────────*/
0015 L!: procedure; parse arg x .;  if x<3  then return x;   $= 4;  != 2    /*some shortcuts.*/
0016 do #=3  to x-1;   != ! * #          /*compute  L!  for all numbers ─── ► X.*/
0017 if pos(., !)\==0  then numeric digits digits() * 3 % 2    /*bump dec. digs.*/
0018 $= $ + !                            /*add the factorial ───►  L!  sum.     */
0019 end   /*#*/                         /* [↑]  handles gihugeic numbers.      */
0020 return $                                     /*return the sum  (L!)  to the invoker.*/
-------------------------------------------------------------------------
Cross Reference Table Solid Variable Names
-------------------------------------------------------------------------
001 x                15
-------------------------------------------------------------------------
Cross Reference Table Bizarre Variable Names
-------------------------------------------------------------------------
001 $                -> newV1            15 18
002 !                -> newV2            15 16
003 #                -> newV3            16
