-------------------------------------------------------------------------
Initial REXX INFILE on 23 Mar 2025 at 10:43:34
-------------------------------------------------------------------------
0001 /*REXX program to  read/interpret  UPC  symbols and translate them to a numberic string.*/
0002 #.0= '   ## #'
0003 #.1= '  ##  #'
0004 #.2= '  #  ##'
0005 #.3= ' #### #'
0006 #.4= ' #   ##'
0007 #.5= ' ##   #'
0008 #.6= ' # ####'
0009 #.7= ' ### ##'
0010 #.8= ' ## ###'                                /* [↓]  right─sided UPC digits.*/
0011 #.9= '   # ##' ;        do i=0  for 10;     ##.i= translate(#.i, ' #', "# ")
0012 end  /*i*/
0013 say center('UPC', 14, "─")     '   ---'copies(1234567, 6)"-----"copies(1234567, 6)'---'
0014 @.=.
0015 @.1 = '           # #   # ##  #  ## #   ## ### ## ### ## #### # # # ## ##  #   #  ##  ## ###  # ##  ## ### #  # #         '
0016 @.2 = '          # # #   ##   ## # #### #   # ## #   ## #   ## # # # ###  # ###  ##  ## ###  # #  ### ###  # # #         '
0017 @.3 = '           # #    # # #  ###  #   #    # #  #   #    # # # # ## #   ## #   ## #   ##   # # #### ### ## # #         '
0018 @.4 = '         # # ##  ## ##  ##   #  #   #  # ###  # ##  ## # # #   ## ##  #  ### ## ## #   # #### ## #   # #         '
0019 @.5 = '           # # ### ## #   ## ## ###  ##  # ##   #   # ## # # ### #  ## ##  #    # ### #  ## ##  #      # #         '
0020 @.6 = '            # #  #   # ##  ##  #   #   #  # ##  ##  #   # # # # #### #  ##  # #### #### # #  ##  # #### # #         '
0021 @.7 = '           # #  #  ##  ##  # #   ## ##   # ### ## ##   # # # #  #   #   #  #  ### # #    ###  # #  #   # #         '
0022 @.8 = '          # # #    # ##  ##   #  # ##  ##  ### #   #  # # # ### ## ## ### ## ### ### ## #  ##  ### ## # #         '
0023 @.9 = '           # # ### ##   ## # # #### #   ## # #### # #### # # #   #  # ###  #    # ###  # #    # ###  # # #          '
0024 @.10= '          # # # #### ##   # #### # #   ## ## ### #### # # # #  ### # ###  ###  # # ###  #    # #  ### #          '
0025 ends= '# #'                                        /*define ENDS literal const*/
0026 do j=1  while @.j\==.;        $= @.j
0027 txt=                                                      /*initialize  TXT  variable*/
0028 if left($, 9)\=''     | right($, 9)\=''      then txt= 'bad blanks'
0029 $= strip($);   $$= $                                      /*elide blanks at ends of $*/
0030 L= length($)                                              /*obtain length of $ string*/
0031 if left($, 3) \==ends | right($, 3) \==ends  then txt= 'bad fence'
0032 if L \== 95           & txt==''              then txt= 'bad length'
0033 $= substr($, 4, L - length(ends)*2)                                  /*elide "ends". */
0034 $= delstr($, length($) % 2 - 1,  5)                                  /*  "   middle. */
0035 sum= 0                                                               /*initialize SUM*/
0036 if txt==''  then do k=1  for 12;     parse var  $   x  +7  $         /*get UPC digit.*/
0037 do d=0  for 10;  if x==#.d | x==##.d  then leave /*valid digit?  */
0038 end   /*d*/
0039 if d==10 & k \==12  then do;   txt= 'reversed' ;   leave;   end
0040 if d==10            then do;   txt= 'bad digit';   leave;   end
0041 if k // 2  then sum= sum +    d * 3                 /*mult. by  3.  */
0042 else sum= sum +    d                     /*  "    "  1.  */
0043 txt= txt  ||  d
0044 end     /*k*/
0045 
0046 if left(txt,1)\=="b"  then if sum//10\==0  then txt= 'bad checksum'  /*invalid sum?  */
0047 say center( strip(txt), 15)  ' '   $$         /*show chksum (or err msg) with the UPC*/
0048 end   /*j*/                                   /*stick a fork in it,  we're all done. */
-------------------------------------------------------------------------
Cross Reference Table Solid Variable Names
-------------------------------------------------------------------------
001 x                36
002 d                37
003 txt              39 40 43 46
004 sum              41
-------------------------------------------------------------------------
Cross Reference Table Bizarre Variable Names
-------------------------------------------------------------------------
001 ##.              -> newV1.           11
002 #.               -> newV2.           2 3 4 5 6 7 8 9 10 11
003 @.               -> newV3.           14 15 16 17 18 19 20 21 22 23 24
004 $$               -> newV4            29
005 $                -> newV5            26 29 33 34 36 36
