-------------------------------------------------------------------------
Initial REXX INFILE on 23 Mar 2025 at 10:43:18
-------------------------------------------------------------------------
0001 /*REXX program finds the largest (decimal) integer divisible by all its decimal digits. */
0002 $= 7 * 8 * 9                                     /*a # that it must divide the found #. */
0003 t= 0                                             /*the number of divisibility trials.   */
0004 do #=9876432 % $ * $        by -$           /*search from largest number downwards.*/
0005 if # // $             \==0  then iterate    /*Not divisible?   Then keep searching.*/
0006 if verify(50, #, 'M') \==0  then iterate    /*does it contain a  five  or a  zero? */
0007 t= t+1                                      /*curiosity's sake, track # of trials. */
0008 do j=1  for length(#) - 1            /*look for a possible duplicated digit.*/
0009 if pos( substr( #, j, 1), #, j+1) \==0  then iterate #
0010 end   /*j*/                          /* [↑]  Not unique? Then keep searching*/
0011 /* [↓]  superfluous, but check anyways.*/
0012 do v=1  for length(#)                /*verify the # is divisible by all digs*/
0013 if # // substr(#, v, 1)           \==0  then iterate #
0014 end   /*v*/                          /* [↑]  ¬divisible?  Then keep looking.*/
0015 leave                                       /*we found a number, so go display it. */
0016 end         /*#*/
0017 
0018 say 'found '   #    "  (in "   t   ' trials)'    /*stick a fork in it,  we're all done. */
-------------------------------------------------------------------------
Cross Reference Table Solid Variable Names
-------------------------------------------------------------------------
001 t                3 7
002 j                8
003 v                12
-------------------------------------------------------------------------
Cross Reference Table Bizarre Variable Names
-------------------------------------------------------------------------
001 $                -> newV1            2
002 #                -> newV2            4
