-------------------------------------------------------------------------
Initial REXX INFILE on 23 Mar 2025 at 10:43:15
-------------------------------------------------------------------------
0001 /*REXX program plays  guess─the─number  (with itself)  with  positive integers.         */
0002 parse arg low high seed .                        /*obtain optional arguments from the CL*/
0003 if  low=='' |  low=="," then  low=    1          /*Not specified?  Then use the default.*/
0004 if high=='' | high=="," then high= 1000          /* "      "         "   "   "     "    */
0005 if datatype(seed, 'W')  then call random ,,seed  /*Useful seed?  Then use a random seed.*/
0006 ?= random(low, high)                             /*generate random number from low->high*/
0007 $= "──────── Try to guess my number  (it's between  "        /*part of a prompt message.*/
0008 g=                                                           /*nullify the first guess. */
0009 do #=1;                        oldg= g       /*save the guess for later comparison. */
0010 if pos('high', info)\==0  then high= g       /*test if the guess is too  high.      */
0011 if pos('low' , info)\==0  then low = g       /*  "   "  "    "    "  "   low.       */
0012 say                                          /*display a blank line before prompt.  */
0013 say $ low  '  and  '   high  "  inclusive):" /*issue the prompt message to terminal.*/
0014 say                                          /*display a blank line  after prompt.  */
0015 g= (low +  (high - low) / 2)   / 1           /*calculate the next guess & normalize.*/
0016 if g=oldg   then g= g + 1                    /*bump guess by one 'cause we're close.*/
0017 say 'My guess is'       g                    /*display computer's guess to the term.*/
0018 if g=?  then leave                           /*this guess is correct; leave & inform*/
0019 if g>?  then info= right(' Your guess is too high.', 60, "─")
0020 else info= right(' Your guess is too low.' , 60, "─")
0021 say info
0022 end   /*try*/
0023 say                                              /*stick a fork in it,  we're all done. */
0024 say 'Congratulations!   You guessed the secret number in'    #    "tries."
-------------------------------------------------------------------------
Cross Reference Table Solid Variable Names
-------------------------------------------------------------------------
001 low              2 3 11
002 high             2 4 10
003 seed             2
004 g                8 15 16
005 oldg             9
006 info             19
-------------------------------------------------------------------------
Cross Reference Table Bizarre Variable Names
-------------------------------------------------------------------------
001 ?                -> newV1            6
002 $                -> newV2            7
003 #                -> newV3            9
