-------------------------------------------------------------------------
Initial REXX INFILE on 23 Mar 2025 at 10:43:15
-------------------------------------------------------------------------
0001 /*REXX program plays  guess─the─number  (with itself)  with  positive rational numbers. */
0002 parse arg low high frac seed .                   /*obtain optional arguments from the CL*/
0003 if  low=='' |  low=="," then  low=    1          /*Not specified?  Then use the default.*/
0004 if high=='' | high=="," then high= 1000          /* "      "         "   "   "     "    */
0005 if frac=='' | frac=="," then frac=    1          /* "      "         "   "   "     "    */
0006 if datatype(seed, 'W')  then call random ,,seed  /*Useful seed?  Then use a random seed.*/
0007 fdigs= 10**frac                                  /*compute the number of fractional digs*/
0008 ?= random(low, high) + random(0,fdigs) / fdigs   /*Tougher game?  It may have fractions.*/
0009 $= "──────── Try to guess my number  (it's between  "        /*part of a prompt message.*/
0010 g=                                                           /*nullify the first guess. */
0011 do #=1;                        oldg= g       /*save the guess for later comparison. */
0012 if pos('high', info)\==0  then high= g       /*test if the guess is too  high.      */
0013 if pos('low' , info)\==0  then low = g       /*  "   "  "    "    "  "   low.       */
0014 say                                          /*display a blank line before prompt.  */
0015 say $ low  '  and  '   high  "  inclusive):" /*issue the prompt message to terminal.*/
0016 say                                          /*display a blank line  after prompt.  */
0017 g= (low +  (high - low) / 2)   / 1           /*calculate the next guess & normalize.*/
0018 if g=oldg   then g= g + 1                    /*bump guess by one 'cause we're close.*/
0019 say 'My guess is'       g                    /*display computer's guess to the term.*/
0020 if g=?  then leave                           /*this guess is correct; leave & inform*/
0021 if g>?  then info= right(' Your guess is too high.', 60, "─")
0022 else info= right(' Your guess is too low.' , 60, "─")
0023 say info
0024 end   /*try*/
0025 say                                              /*stick a fork in it,  we're all done. */
0026 say 'Congratulations!   You guessed the secret number in'    #    "tries.""
-------------------------------------------------------------------------
Cross Reference Table Solid Variable Names
-------------------------------------------------------------------------
001 low              2 3 13
002 high             2 4 12
003 frac             2 5
004 seed             2
005 fdigs            7
006 g                10 17 18
007 oldg             11
008 info             21
-------------------------------------------------------------------------
Cross Reference Table Bizarre Variable Names
-------------------------------------------------------------------------
001 ?                -> newV1            8
002 $                -> newV2            9
003 #                -> newV3            11
