-------------------------------------------------------------------------
Initial REXX INFILE on 23 Mar 2025 at 10:43:24
-------------------------------------------------------------------------
0001 /*REXX program reverses  words and also letters  in a string in various (several) ways. */
0002 parse arg $                                      /*obtain optional arguments from the CL*/
0003 if $=''  then $= "rosetta code phrase reversal"  /*Not specified?  Then use the default.*/
0004 L=;  W=                                          /*initialize two REXX variables to null*/
0005 do j=1  for words($);   _= word($, j) /*extract each word in the  $  string. */
0006 L= L reverse(_);        W= _ W        /*reverse letters;  reverse words.     */
0007 end   /*j*/
0008 say '   the original phrase used: '          $
0009 say '   original phrase reversed: '  reverse($)
0010 say '  reversed individual words: '    strip(L)
0011 say '  reversed words in phrases: '          W   /*stick a fork in it,  we're all done. */
-------------------------------------------------------------------------
Cross Reference Table Solid Variable Names
-------------------------------------------------------------------------
001 L                4 6
002 W                4 6
003 j                5
-------------------------------------------------------------------------
Cross Reference Table Bizarre Variable Names
-------------------------------------------------------------------------
001 $                -> newV1            2 3
002 _                -> newV2            5
