-------------------------------------------------------------------------
Initial REXX INFILE on 23 Mar 2025 at 10:43:24
-------------------------------------------------------------------------
0001 s='rosetta code phrase reversal'
0002 r1=reverse(s)
0003 r2=''
0004 Do i=1 To words(s)
0005 r2=r2 reverse(word(s,i))
0006 End
0007 r2=strip(r2)
0008 r3=''
0009 Do i=words(s) To 1 By -1
0010 r3=r3 word(s,i)
0011 End
0012 r3=strip(r3)
0013 Say "input               : " s
0014 say "string reversed     : " r1
0015 say "each word reversed  : " r2
0016 say "word-order reversed : " r3
-------------------------------------------------------------------------
Cross Reference Table Solid Variable Names
-------------------------------------------------------------------------
001 s                1
002 r1               2
003 r2               3 5 7
004 i                4 9
005 r3               8 10 12
-------------------------------------------------------------------------
Cross Reference Table Bizarre Variable Names
-------------------------------------------------------------------------
