-------------------------------------------------------------------------
Initial REXX INFILE on 23 Mar 2025 at 10:43:26
-------------------------------------------------------------------------
0001 /* REXX ***************************************************************
0002 * 08.09.2013 Walter Pachl
0003 *            Please add the output from other REXXes
0004 * 10.09.2013 Walter Pachl added REXX/TSO
0005 * 01.08.2014 Walter Pachl show what ooRexx supports
0006 **********************************************************************/
0007 Parse Version v
0008 Call random ,,44
0009 ol=v':'
0010 Do i=1 To 10
0011 ol=ol random(1,10)
0012 End
0013 If left(v,11)='REXX-ooRexx' Then
0014 ol=ol random(-999999999,0) /* ooRexx supports negative limits */
0015 Say ol
-------------------------------------------------------------------------
Cross Reference Table Solid Variable Names
-------------------------------------------------------------------------
001 Version          7
002 v                7
003 ol               9 11 14
004 i                10
-------------------------------------------------------------------------
Cross Reference Table Bizarre Variable Names
-------------------------------------------------------------------------
