-------------------------------------------------------------------------
Initial REXX INFILE on 23 Mar 2025 at 10:43:10
-------------------------------------------------------------------------
0001 /*REXX pgm shows current date:  yyyy-mm-dd  &  Dayofweek, Month dd, yyyy*/
0002 /* ╔══════════════════════════════════════════════════════════════════╗
0003 ║  function              returns               a specific example  ║
0004 ║ ───────────   ───────────────────────────   ──────────────────── ║
0005 ║  date()        dd mon yyyy                      3 Jun 2009       ║
0006 ║  date('N')     (same as above)                                   ║
0007 ║  date('B')     days since Jan 1, year 1           735382         ║
0008 ║  date('C')     days since Jan 1 this century       5264          ║
0009 ║  date('D')     days since Jan 1, this yr            154          ║
0010 ║  date('E')     dd/mm/yy                          03/06/09        ║
0011 ║  date('I')     yyyy-mm-dd                       2009-03-06       ║
0012 ║  date('J')     yyddd                              2009154        ║
0013 ║  date('M')     month name                          June          ║
0014 ║  date('O')     yy/mm/dd                          09/03/06        ║
0015 ║  date('S')     yyyyddmm                          20090603        ║
0016 ║  date('T')     seconds since Jan 1st, 1970      1401483686       ║
0017 ║  date('U')     mm/dd/yy                          03/06/09        ║
0018 ║  date('W')     day─of─the─week                   Wednesday       ║
0019 ║ ───────────   ───────────────────────────   ──────────────────── ║
0020 ║                                                                  ║
0021 ║  Note:  not all of the above are supported by all REXX versions. ║
0022 ╚══════════════════════════════════════════════════════════════════╝ */
0023 parse value date('S') with yyyy 5 mm 7 dd   /*get various pieces of date*/
0024 say yyyy'-'mm"-"dd                     /*yyyy-mm-dd with leading zeroes.*/
0025 
0026 say  date('W')","   date('M')   word(date(), 1)","   yyyy
0027 /* [↑]  dayofweek  Month dd, yyyy*/
0028 /*stick a fork in it, we're done.*/
-------------------------------------------------------------------------
Cross Reference Table Solid Variable Names
-------------------------------------------------------------------------
001 NORMAL.1         
002 NORMAL.2         
003 NORMAL.3         
004 NORMAL.4         
005 NORMAL.5         
006 NORMAL.6         
007 NORMAL.7         
008 NORMAL.8         
009 NORMAL.9         
010 NORMAL.10        
011 NORMAL.11        
012 NORMAL.12        
013 NORMAL.13        
014 NORMAL.14        
015 yyyy             23
016 mm               23
017 dd               23
-------------------------------------------------------------------------
Cross Reference Table Bizarre Variable Names
-------------------------------------------------------------------------
