-------------------------------------------------------------------------
Initial REXX INFILE on 23 Mar 2025 at 10:43:19
-------------------------------------------------------------------------
0001 /*REXX program tests the  LCS  (Longest Common Subsequence)  subroutine.                */
0002 parse arg aaa bbb .                              /*obtain optional arguments from the CL*/
0003 say 'string A ='     aaa                         /*echo the string   A   to the screen. */
0004 say 'string B ='     bbb                         /*  "   "     "     B    "  "     "    */
0005 say '     LCS ='     LCS(aaa, bbb)               /*tell the  Longest Common Sequence.   */
0006 exit                                             /*stick a fork in it,  we're all done. */
0007 /*──────────────────────────────────────────────────────────────────────────────────────*/
0008 LCS: procedure; parse arg a,b,z                  /*Longest Common Subsequence.          */
0009 /*reduce recursions, removes the       */
0010 /*chars in  A ¬ in B,   and vice─versa.*/
0011 if z==''  then return LCS( LCS(a,b,0), LCS(b,a,0), 9)   /*Is Z null?   Do recurse. */
0012 j= length(a)
0013 if z==0 then do                             /*a special invocation:  shrink  Z.    */
0014 do j=1  for j;                 _= substr(a, j, 1)
0015 if pos(_, b)\==0  then z= z || _
0016 end   /*j*/
0017 return substr(z, 2)
0018 end
0019 k= length(b)
0020 if j==0 | k==0  then return ''              /*Is either string null?    Bupkis.    */
0021 _= substr(a, j, 1)
0022 if _==substr(b, k, 1)  then return LCS( substr(a, 1, j - 1), substr(b, 1, k - 1), 9)_
0023 x= LCS(a, substr(b, 1, k - 1), 9)
0024 y= LCS(   substr(a, 1, j - 1), b, 9)
0025 if length(x)>length(y)  then return x
0026 return y
-------------------------------------------------------------------------
Cross Reference Table Solid Variable Names
-------------------------------------------------------------------------
001 a                8
002 b                8
003 z                8 15
004 j                12 14
005 k                19
006 x                23
007 y                24
-------------------------------------------------------------------------
Cross Reference Table Bizarre Variable Names
-------------------------------------------------------------------------
001 _                -> newV1            14 21
