-------------------------------------------------------------------------
Initial REXX INFILE on 23 Mar 2025 at 10:43:17
-------------------------------------------------------------------------
0001 /*REXX program demonstrates  Jensen's device  (via call subroutine,  and args by name). */
0002 parse arg d .                                    /*obtain optional argument from the CL.*/
0003 if d=='' | d==","  then d= 100                   /*Not specified?  Then use the default.*/
0004 numeric digits d                                 /*use  D  decimal digits (9 is default)*/
0005 say 'using '    d    " decimal digits:"          /*display what's being used for digits.*/
0006 say
0007 say  sum( i,  1,  100,  "1/i" )                  /*invoke  SUM  (100th harmonic number).*/
0008 exit                                             /*stick a fork in it,  we're all done. */
0009 /*──────────────────────────────────────────────────────────────────────────────────────*/
0010 sum: procedure;   parse arg j,start,finish,exp;               $= 0
0011 
0012 interpret  'do'   j   "="   start   'to'   finish   ";   $=$+"   exp   ';   end'
0013 
0014 /*comment      ────   ═   ───   ═════   ────   ══════   ──────────   ═══   ─────────   */
0015 /*comment       lit  var  lit    var     lit     var      literal    var    literal    */
0016 
0017 return $
-------------------------------------------------------------------------
Cross Reference Table Solid Variable Names
-------------------------------------------------------------------------
001 j                10
002 start            10
003 finish           10
004 exp              10
-------------------------------------------------------------------------
Cross Reference Table Bizarre Variable Names
-------------------------------------------------------------------------
001 $                -> newV1            10
