-------------------------------------------------------------------------
Initial REXX INFILE on 23 Mar 2025 at 10:43:26
-------------------------------------------------------------------------
0001 /*REXX program removes any duplicate elements (items) that are in a list (using a hash).*/
0002 $= '2 3 5 7 11 13 17 19 cats 222 -100.2 +11 1.1 +7 7. 7 5 5 3 2 0 4.4 2'    /*item list.*/
0003 say 'original list:'     $
0004 say right( words($), 17, '─')    'words in the original list.'
0005 z=;                              @.=             /*initialize the NEW list & index list.*/
0006 do j=1  for words($);       y= word($, j)   /*process the words (items) in the list*/
0007 if @.y==''  then z= z y;    @.y= .          /*Not duplicated? Add to Z list,@ array*/
0008 end   /*j*/
0009 say
0010 say 'modified list:'     space(z)                /*stick a fork in it,  we're all done. */
0011 say right( words(z), 17, '─')    'words in the modified list.'
-------------------------------------------------------------------------
Cross Reference Table Solid Variable Names
-------------------------------------------------------------------------
001 z                5 7
002 j                6
003 y                6
-------------------------------------------------------------------------
Cross Reference Table Bizarre Variable Names
-------------------------------------------------------------------------
001 @.               -> newV1.           5 7
002 $                -> newV2            2
