-------------------------------------------------------------------------
Initial REXX INFILE on 23 Mar 2025 at 10:43:26
-------------------------------------------------------------------------
0001 /* REXX ************************************************************
0002 * 26.11.2012 Walter Pachl
0003 * added: show multiple occurrences
0004 **********************************************************************/
0005 old='2 3 5 7 11 13 17 19 cats 222 -100.2 +11 1.1 +7 7. 7 5 5',
0006 '3 2 0 4.4 2'
0007 say 'old list='old
0008 say 'words in the old list=' words(old)
0009 new=''
0010 found.=0
0011 count.=0
0012 Do While old<>''
0013 Parse Var old w old
0014 If found.w=0 Then Do
0015 new=new w
0016 found.w=1
0017 End
0018 count.w=count.w+1
0019 End
0020 say 'new list='strip(new)
0021 say 'words in the new list=' words(new)
0022 Say 'Multiple occurrences:'
0023 Say 'occ word'
0024 Do While new<>''
0025 Parse Var new w new
0026 If count.w>1 Then
0027 Say right(count.w,3) w
0028 End
-------------------------------------------------------------------------
Cross Reference Table Solid Variable Names
-------------------------------------------------------------------------
001 new              25 25
002 w                25
-------------------------------------------------------------------------
Cross Reference Table Bizarre Variable Names
-------------------------------------------------------------------------
