-------------------------------------------------------------------------
Initial REXX INFILE on 23 Mar 2025 at 10:43:26
-------------------------------------------------------------------------
0001 /*REXX program removes any duplicate elements (items) that are in a list (using a list).*/
0002 $= '2 3 5 7 11 13 17 19 cats 222 -100.2 +11 1.1 +7 7. 7 5 5 3 2 0 4.4 2'    /*item list.*/
0003 say 'original list:'     $
0004 say right( words($), 17, '─')    'words in the original list.'
0005 #= words($)                                      /*process all the words in the list.   */
0006 do j=#  by -1  for #;     y= word($, j)                       /*get right-to-Left. */
0007 _= wordpos(y, $, j + 1);  if _\==0  then $= delword($, _, 1)  /*Dup? Then delete it*/
0008 end   /*j*/
0009 say
0010 say 'modified list:'     space($)                /*stick a fork in it,  we're all done. */
0011 say right( words(z), 17, '─')    'words in the modified list.'
-------------------------------------------------------------------------
Cross Reference Table Solid Variable Names
-------------------------------------------------------------------------
001 j                6
002 y                6
-------------------------------------------------------------------------
Cross Reference Table Bizarre Variable Names
-------------------------------------------------------------------------
001 $                -> newV1            2 7
002 #                -> newV2            5
003 _                -> newV3            7
