-------------------------------------------------------------------------
Initial REXX INFILE on 23 Mar 2025 at 10:43:26
-------------------------------------------------------------------------
0001 /*REXX program removes any duplicate elements (items) that are in a list (using 2 lists)*/
0002 old = '2 3 5 7 11 13 17 19 cats 222 -100.2 +11 1.1 +7 7. 7 5 5 3 2 0 4.4 2'
0003 say 'original list:'   old
0004 say right( words(old), 17, '─')    'words in the original list.'
0005 new=                                             /*start with a clean  (list)  slate.   */
0006 do j=1  for words(old);     _= word(old, j) /*process the words in the  OLD  list. */
0007 if wordpos(_, new)==0  then new= new _      /*Doesn't exist?  Then add word to NEW.*/
0008 end   /*j*/
0009 say
0010 say 'modified list:'     space(new)              /*stick a fork in it,  we're all done. */
0011 say right( words(new), 17, '─')    'words in the modified list.'
-------------------------------------------------------------------------
Cross Reference Table Solid Variable Names
-------------------------------------------------------------------------
001 old              2
002 new              5 7
003 j                6
-------------------------------------------------------------------------
Cross Reference Table Bizarre Variable Names
-------------------------------------------------------------------------
001 _                -> newV1            6
