-------------------------------------------------------------------------
Initial REXX INFILE on 23 Mar 2025 at 10:43:26
-------------------------------------------------------------------------
0001 left=0
0002 rite=0
0003 lo=hex(left)hex(rite)
0004 Say 'low   ' c2x(lo)
0005 left=random(0,2**16-1)
0006 rite=random(0,2**16-1)
0007 rand=hex(left)hex(rite)
0008 Say 'random' c2x(rand)
0009 left=2**16-1
0010 rite=2**16-1
0011 hi=hex(left)hex(rite)
0012 Say 'high  ' c2x(hi)
0013 Exit
0014 hex: Return d2c(arg(1),2)
-------------------------------------------------------------------------
Cross Reference Table Solid Variable Names
-------------------------------------------------------------------------
001 left             1 5 9
002 rite             2 6 10
003 lo               3
004 rand             7
005 hi               11
-------------------------------------------------------------------------
Cross Reference Table Bizarre Variable Names
-------------------------------------------------------------------------
