-------------------------------------------------------------------------
Initial REXX INFILE on 23 Mar 2025 at 10:43:14
-------------------------------------------------------------------------
0001 /*REXX program calculates GAMMA using the Taylor series coefficients; ≈80 decimal digits*/
0002 /*The GAMMA function symbol is the Greek capital letter:  Γ */
0003 numeric digits 90                                /*be able to handle extended precision.*/
0004 parse arg LO HI .                                /*allow specification of gamma arg/args*/
0005 /* [↓]  either show a range or a ···   */
0006 do j=word(LO 1, 1)  to word(HI LO 9, 1)  /*              ··· single gamma value.*/
0007 say 'gamma('j") ="  gamma(j)             /*compute gamma of J and display value.*/
0008 end   /*j*/                              /* [↑]  default LO is one;  HI is nine.*/
0009 exit                                             /*stick a fork in it,  we're all done. */
0010 /*──────────────────────────────────────────────────────────────────────────────────────*/
0011 gamma:  procedure;   parse arg x;    xm=x-1;    sum=0
0012 /*coefficients thanks to: Arne Fransén & Staffan Wrigge.*/
0013 #.1 =  1                       /* [↓]    #.2   is the   Euler-Mascheroni  constant.    */
0014 #.2 =  0.57721566490153286060651209008240243104215933593992359880576723488486772677766467
0015 #.3 = -0.65587807152025388107701951514539048127976638047858434729236244568387083835372210
0016 #.4 = -0.04200263503409523552900393487542981871139450040110609352206581297618009687597599
0017 #.5 =  0.16653861138229148950170079510210523571778150224717434057046890317899386605647425
0018 #.6 = -0.04219773455554433674820830128918739130165268418982248637691887327545901118558900
0019 #.7 = -0.00962197152787697356211492167234819897536294225211300210513886262731167351446074
0020 #.8 =  0.00721894324666309954239501034044657270990480088023831800109478117362259497415854
0021 #.9 = -0.00116516759185906511211397108401838866680933379538405744340750527562002584816653
0022 #.10 = -0.00021524167411495097281572996305364780647824192337833875035026748908563946371678
0023 #.11 =  0.00012805028238811618615319862632816432339489209969367721490054583804120355204347
0024 #.12 = -0.00002013485478078823865568939142102181838229483329797911526116267090822918618897
0025 #.13 = -0.00000125049348214267065734535947383309224232265562115395981534992315749121245561
0026 #.14 =  0.00000113302723198169588237412962033074494332400483862107565429550539546040842730
0027 #.15 = -0.00000020563384169776071034501541300205728365125790262933794534683172533245680371
0028 #.16 =  0.00000000611609510448141581786249868285534286727586571971232086732402927723507435
0029 #.17 =  0.00000000500200764446922293005566504805999130304461274249448171895337887737472132
0030 #.18 = -0.00000000118127457048702014458812656543650557773875950493258759096189263169643391
0031 #.19 =  0.00000000010434267116911005104915403323122501914007098231258121210871073927347588
0032 #.20 =  0.00000000000778226343990507125404993731136077722606808618139293881943550732692987
0033 #.21 = -0.00000000000369680561864220570818781587808576623657096345136099513648454655443000
0034 #.22 =  0.00000000000051003702874544759790154813228632318027268860697076321173501048565735
0035 #.23 = -0.00000000000002058326053566506783222429544855237419746091080810147188058196444349
0036 #.24 = -0.00000000000000534812253942301798237001731872793994898971547812068211168095493211
0037 #.25 =  0.00000000000000122677862823826079015889384662242242816545575045632136601135999606
0038 #.26 = -0.00000000000000011812593016974587695137645868422978312115572918048478798375081233
0039 #.27 =  0.00000000000000000118669225475160033257977724292867407108849407966482711074006109
0040 #.28 =  0.00000000000000000141238065531803178155580394756670903708635075033452562564122263
0041 #.29 = -0.00000000000000000022987456844353702065924785806336992602845059314190367014889830
0042 #.30 =  0.00000000000000000001714406321927337433383963370267257066812656062517433174649858
0043 #.31 =  0.00000000000000000000013373517304936931148647813951222680228750594717618947898583
0044 #.32 = -0.00000000000000000000020542335517666727893250253513557337960820379352387364127301
0045 #.33 =  0.00000000000000000000002736030048607999844831509904330982014865311695836363370165
0046 #.34 = -0.00000000000000000000000173235644591051663905742845156477979906974910879499841377
0047 #.35 = -0.00000000000000000000000002360619024499287287343450735427531007926413552145370486
0048 #.36 =  0.00000000000000000000000001864982941717294430718413161878666898945868429073668232
0049 #.37 = -0.00000000000000000000000000221809562420719720439971691362686037973177950067567580
0050 #.38 =  0.00000000000000000000000000012977819749479936688244144863305941656194998646391332
0051 #.39 =  0.00000000000000000000000000000118069747496652840622274541550997151855968463784158
0052 #.40 = -0.00000000000000000000000000000112458434927708809029365467426143951211941179558301
0053 #.41 =  0.00000000000000000000000000000012770851751408662039902066777511246477487720656005
0054 #.42 = -0.00000000000000000000000000000000739145116961514082346128933010855282371056899245
0055 #.43 =  0.00000000000000000000000000000000001134750257554215760954165259469306393008612196
0056 #.44 =  0.00000000000000000000000000000000004639134641058722029944804907952228463057968680
0057 #.45 = -0.00000000000000000000000000000000000534733681843919887507741819670989332090488591
0058 #.46 =  0.00000000000000000000000000000000000032079959236133526228612372790827943910901464
0059 #.47 = -0.00000000000000000000000000000000000000444582973655075688210159035212464363740144
0060 #.48 = -0.00000000000000000000000000000000000000131117451888198871290105849438992219023663
0061 #.49 =  0.00000000000000000000000000000000000000016470333525438138868182593279063941453996
0062 #.50 = -0.00000000000000000000000000000000000000001056233178503581218600561071538285049997
0063 #.51 =  0.00000000000000000000000000000000000000000026784429826430494783549630718908519485
0064 #.52 =  0.00000000000000000000000000000000000000000002424715494851782689673032938370921241
0065 #=52;                           do k=#  by -1  for #
0066 sum=sum*xm  +  #.k
0067 end   /*k*/
0068 return 1/sum
-------------------------------------------------------------------------
Cross Reference Table Solid Variable Names
-------------------------------------------------------------------------
001 x                11
002 xm               11
003 sum              11 66
004 k                65
-------------------------------------------------------------------------
Cross Reference Table Bizarre Variable Names
-------------------------------------------------------------------------
001 #.               -> newV1.           13 14 15 16 17 18 19 20 21 22 23 24 25 26 27 28 29 30 31 32 33 34 35 36 37 38 39 40 41 42 43 44 45 46 47 48 49 50 51 52 53 54 55 56 57 58 59 60 61 62 63 64
002 #                -> newV2            65
