-------------------------------------------------------------------------
Initial REXX INFILE on 23 Mar 2025 at 10:43:14
-------------------------------------------------------------------------
0001 /*REXX program constructs & displays  Floyd's triangle for any number of specified rows.*/
0002 parse arg N .;    if N=='' | N==","  then N= 5   /*Not specified?  Then use the default.*/
0003 mx= N * (N+1) % 2  - N                           /*calculate the maximum of any value.  */
0004 say 'displaying a '  N  " row Floyd's triangle:" /*show the header for Floyd's triangle.*/
0005 say                                              /*display a blank line below the title.*/
0006 #=1;    do    r=1  for N;           i= 0;     _= /*construct Floyd's triangle row by row*/
0007 do #=#  for r;           i= i + 1     /*start to construct a row of triangle.*/
0008 _= _ right(#, length( mx+i ) )        /*build a row of the Floyd's triangle. */
0009 end   /*#*/                           /*calculate the max length on the fly. */
0010 say substr(_, 2)                         /*remove 1st leading blank in the line.*/
0011 end      /*r*/                           /*stick a fork in it,  we're all done. */
-------------------------------------------------------------------------
Cross Reference Table Solid Variable Names
-------------------------------------------------------------------------
001 N                2 2
002 mx               3
003 r                6
004 i                6 7
-------------------------------------------------------------------------
Cross Reference Table Bizarre Variable Names
-------------------------------------------------------------------------
001 #                -> newV1            6 7
002 _                -> newV2            6 8
