-------------------------------------------------------------------------
Initial REXX INFILE on 23 Mar 2025 at 10:43:15
-------------------------------------------------------------------------
0001 /*REXX program computes and displays a series of gapful numbers starting at some number.*/
0002 numeric digits 20                                /*ensure enough decimal digits gapfuls.*/
0003 parse arg gapfuls                                /*obtain optional arguments from the CL*/
0004 if gapfuls=''  then gapfuls= 30 25@7123 15@1000000 10@1000000000      /*assume defaults.*/
0005 
0006 do until gapfuls='';      parse var gapfuls stuff gapfuls;       call gapful stuff
0007 end   /*until*/
0008 exit 0                                           /*stick a fork in it,  we're all done. */
0009 /*──────────────────────────────────────────────────────────────────────────────────────*/
0010 gapful: procedure; parse arg n "@" sp;  if sp==''  then sp= 100 /*get args; use default.*/
0011 say center(' 'n      " gapful numbers starting at: "     sp' ', 125, "═")
0012 $=;                   #= 0                              /*initialize the $ list.*/
0013 do j=sp  until #==n                              /*SP:  starting point.  */
0014 parse var   j   a  2  ''  -1  b                  /*get 1st and last digit*/
0015 if j // (a||b) \== 0  then iterate               /*perform  ÷  into  J.  */
0016 #= # + 1;             $= $ j                     /*bump #;  append ──► $ */
0017 end   /*j*/
0018 say strip($);     say;     return
-------------------------------------------------------------------------
Cross Reference Table Solid Variable Names
-------------------------------------------------------------------------
001 j                14
002 a                14
003 b                14
-------------------------------------------------------------------------
Cross Reference Table Bizarre Variable Names
-------------------------------------------------------------------------
001 $                -> newV1            12 16
002 #                -> newV2            12 16
