-------------------------------------------------------------------------
Initial REXX INFILE on 23 Mar 2025 at 10:43:11
-------------------------------------------------------------------------
0001 /*REXX program displays a cuboid  (dimensions, if specified, must be positive integers).*/
0002 parse arg x  y  z  indent .                      /*x, y, z:  dimensions and indentation.*/
0003 x=p(x 2);  y=p(y 3);  z=p(z 4);  in=p(indent 0)  /*use the defaults if not specified.   */
0004 pad=left('', in)                                 /*indentation must be non-negative.    */
0005 call show  y+2  ,        ,     "+-"
0006 do j=1  for y;   call show  y-j+2,     j-1,     "/ |"     ;       end  /*j*/
0007 call show       ,     y  ,     "+-|"
0008 do z-1;          call show       ,     y  ,     "| |"     ;       end  /*z-1*/
0009 call show       ,     y  ,     "| +"
0010 do j=1  for y;   call show       ,     y-j,     "| /"     ;       end  /*j*/
0011 call show       ,        ,     "+-"
0012 exit                                             /*stick a fork in it,  we're all done. */
0013 /*──────────────────────────────────────────────────────────────────────────────────────*/
0014 p:     return word( arg(1), 1)                   /*pick the first number or word in list*/
0015 /*──────────────────────────────────────────────────────────────────────────────────────*/
0016 show:  parse arg #,$,a 2 b 3 c 4                 /*get the arguments (or parts thereof).*/
0017 say pad || right(a, p(# 1) )copies(b, 4*x)a || right(c, p($ 0) + 1);         return
-------------------------------------------------------------------------
Cross Reference Table Solid Variable Names
-------------------------------------------------------------------------
001 a                16
002 b                16
003 c                16
-------------------------------------------------------------------------
Cross Reference Table Bizarre Variable Names
-------------------------------------------------------------------------
001 #                -> newV1            16
002 $                -> newV2            16
